{"timestamp":"2026-09-22T03:36:38.174+0000","rule":{"level":10,"description":"Case17: Controlled SOC-Case17 Windows event log was cleared by WIN-30JS3HVHMAB\\Administrator","id":"100405","mitre":{"id":["T1070"],"tactic":["Defense Evasion"],"technique":["Indicator Removal"]},"firedtimes":1,"mail":false,"groups":["local","soc_lab","case17","defense_evasion","log_clearing","event_log_cleared"]},"agent":{"id":"002","name":"WINSERVER2022","ip":"192.168.100.30"},"manager":{"name":"soc01"},"id":"1790048198.546136","full_log":"{\"win\":{\"system\":{\"providerName\":\"Microsoft-Windows-Eventlog\",\"providerGuid\":\"{fc65ddd8-d6ef-4962-83d5-6e5cfe9ce148}\",\"eventID\":\"104\",\"version\":\"0\",\"level\":\"4\",\"task\":\"104\",\"opcode\":\"0\",\"keywords\":\"0x8000000000000000\",\"systemTime\":\"2026-09-22T03:36:33.1306144Z\",\"eventRecordID\":\"11031\",\"processID\":\"388\",\"threadID\":\"3520\",\"channel\":\"System\",\"computer\":\"WIN-30JS3HVHMAB\",\"severityValue\":\"INFORMATION\",\"message\":\"\\\"The SOC-Case17 log file was cleared.\\\"\"},\"logFileCleared\":{\"subjectUserName\":\"Administrator\",\"subjectDomainName\":\"WIN-30JS3HVHMAB\",\"channel\":\"SOC-Case17\"}}}","decoder":{"name":"windows_eventchannel"},"data":{"win":{"system":{"providerName":"Microsoft-Windows-Eventlog","providerGuid":"{fc65ddd8-d6ef-4962-83d5-6e5cfe9ce148}","eventID":"104","version":"0","level":"4","task":"104","opcode":"0","keywords":"0x8000000000000000","systemTime":"2026-09-22T03:36:33.1306144Z","eventRecordID":"11031","processID":"388","threadID":"3520","channel":"System","computer":"WIN-30JS3HVHMAB","severityValue":"INFORMATION","message":"\"The SOC-Case17 log file was cleared.\""},"logFileCleared":{"subjectUserName":"Administrator","subjectDomainName":"WIN-30JS3HVHMAB","channel":"SOC-Case17"}}},"location":"EventChannel"}
{"timestamp":"2026-09-22T03:36:39.160+0000","rule":{"level":8,"description":"Case17: wevtutil attempted to clear the controlled SOC-Case17 Windows event log: \\\"C:\\\\Windows\\\\system32\\\\wevtutil.exe\\\" cl SOC-Case17","id":"100400","mitre":{"id":["T1070"],"tactic":["Defense Evasion"],"technique":["Indicator Removal"]},"firedtimes":1,"mail":false,"groups":["local","soc_lab","case17","defense_evasion","log_clearing","process_creation"]},"agent":{"id":"002","name":"WINSERVER2022","ip":"192.168.100.30"},"manager":{"name":"soc01"},"id":"1790048199.547687","full_log":"{\"win\":{\"system\":{\"providerName\":\"Microsoft-Windows-Sysmon\",\"providerGuid\":\"{5770385f-c22a-43e0-bf4c-06f5698ffbd9}\",\"eventID\":\"1\",\"version\":\"5\",\"level\":\"4\",\"task\":\"1\",\"opcode\":\"0\",\"keywords\":\"0x8000000000000000\",\"systemTime\":\"2026-09-22T03:36:33.1197548Z\",\"eventRecordID\":\"40329\",\"processID\":\"2024\",\"threadID\":\"3232\",\"channel\":\"Microsoft-Windows-Sysmon/Operational\",\"computer\":\"WIN-30JS3HVHMAB\",\"severityValue\":\"INFORMATION\",\"message\":\"\\\"Process Create:\\r\\nRuleName: -\\r\\nUtcTime: 2026-09-22 03:36:33.117\\r\\nProcessGuid: {34dad77b-f7c1-6ab1-5201-000000001d00}\\r\\nProcessId: 4744\\r\\nImage: C:\\\\Windows\\\\System32\\\\wevtutil.exe\\r\\nFileVersion: 10.0.20348.1 (WinBuild.160101.0800)\\r\\nDescription: Eventing Command Line Utility\\r\\nProduct: Microsoft® Windows® Operating System\\r\\nCompany: Microsoft Corporation\\r\\nOriginalFileName: wevtutil.exe\\r\\nCommandLine: \\\"C:\\\\Windows\\\\system32\\\\wevtutil.exe\\\" cl SOC-Case17\\r\\nCurrentDirectory: C:\\\\Users\\\\Administrator\\\\\\r\\nUser: WIN-30JS3HVHMAB\\\\Administrator\\r\\nLogonGuid: {34dad77b-e449-6ab1-4a0d-060000000000}\\r\\nLogonId: 0x60D4A\\r\\nTerminalSessionId: 1\\r\\nIntegrityLevel: High\\r\\nHashes: SHA256=2BFCE8F56E3270DE28E13FF0C001FD8169223AAA21E12DDF68448E72F697FC48\\r\\nParentProcessGuid: {34dad77b-e69e-6ab1-1401-000000001d00}\\r\\nParentProcessId: 3112\\r\\nParentImage: C:\\\\Windows\\\\System32\\\\WindowsPowerShell\\\\v1.0\\\\powershell.exe\\r\\nParentCommandLine: \\\"C:\\\\Windows\\\\System32\\\\WindowsPowerShell\\\\v1.0\\\\powershell.exe\\\" \\r\\nParentUser: WIN-30JS3HVHMAB\\\\Administrator\\\"\"},\"eventdata\":{\"utcTime\":\"2026-09-22 03:36:33.117\",\"processGuid\":\"{34dad77b-f7c1-6ab1-5201-000000001d00}\",\"processId\":\"4744\",\"image\":\"C:\\\\\\\\Windows\\\\\\\\System32\\\\\\\\wevtutil.exe\",\"fileVersion\":\"10.0.20348.1 (WinBuild.160101.0800)\",\"description\":\"Eventing Command Line Utility\",\"product\":\"Microsoft® Windows® Operating System\",\"company\":\"Microsoft Corporation\",\"originalFileName\":\"wevtutil.exe\",\"commandLine\":\"\\\\\\\"C:\\\\\\\\Windows\\\\\\\\system32\\\\\\\\wevtutil.exe\\\\\\\" cl SOC-Case17\",\"currentDirectory\":\"C:\\\\\\\\Users\\\\\\\\Administrator\\\\\\\\\",\"user\":\"WIN-30JS3HVHMAB\\\\\\\\Administrator\",\"logonGuid\":\"{34dad77b-e449-6ab1-4a0d-060000000000}\",\"logonId\":\"0x60d4a\",\"terminalSessionId\":\"1\",\"integrityLevel\":\"High\",\"hashes\":\"SHA256=2BFCE8F56E3270DE28E13FF0C001FD8169223AAA21E12DDF68448E72F697FC48\",\"parentProcessGuid\":\"{34dad77b-e69e-6ab1-1401-000000001d00}\",\"parentProcessId\":\"3112\",\"parentImage\":\"C:\\\\\\\\Windows\\\\\\\\System32\\\\\\\\WindowsPowerShell\\\\\\\\v1.0\\\\\\\\powershell.exe\",\"parentCommandLine\":\"\\\\\\\"C:\\\\\\\\Windows\\\\\\\\System32\\\\\\\\WindowsPowerShell\\\\\\\\v1.0\\\\\\\\powershell.exe\\\\\\\"\",\"parentUser\":\"WIN-30JS3HVHMAB\\\\\\\\Administrator\"}}}","decoder":{"name":"windows_eventchannel"},"data":{"win":{"system":{"providerName":"Microsoft-Windows-Sysmon","providerGuid":"{5770385f-c22a-43e0-bf4c-06f5698ffbd9}","eventID":"1","version":"5","level":"4","task":"1","opcode":"0","keywords":"0x8000000000000000","systemTime":"2026-09-22T03:36:33.1197548Z","eventRecordID":"40329","processID":"2024","threadID":"3232","channel":"Microsoft-Windows-Sysmon/Operational","computer":"WIN-30JS3HVHMAB","severityValue":"INFORMATION","message":"\"Process Create:\r\nRuleName: -\r\nUtcTime: 2026-09-22 03:36:33.117\r\nProcessGuid: {34dad77b-f7c1-6ab1-5201-000000001d00}\r\nProcessId: 4744\r\nImage: C:\\Windows\\System32\\wevtutil.exe\r\nFileVersion: 10.0.20348.1 (WinBuild.160101.0800)\r\nDescription: Eventing Command Line Utility\r\nProduct: Microsoft® Windows® Operating System\r\nCompany: Microsoft Corporation\r\nOriginalFileName: wevtutil.exe\r\nCommandLine: \"C:\\Windows\\system32\\wevtutil.exe\" cl SOC-Case17\r\nCurrentDirectory: C:\\Users\\Administrator\\\r\nUser: WIN-30JS3HVHMAB\\Administrator\r\nLogonGuid: {34dad77b-e449-6ab1-4a0d-060000000000}\r\nLogonId: 0x60D4A\r\nTerminalSessionId: 1\r\nIntegrityLevel: High\r\nHashes: SHA256=2BFCE8F56E3270DE28E13FF0C001FD8169223AAA21E12DDF68448E72F697FC48\r\nParentProcessGuid: {34dad77b-e69e-6ab1-1401-000000001d00}\r\nParentProcessId: 3112\r\nParentImage: C:\\Windows\\System32\\WindowsPowerShell\\v1.0\\powershell.exe\r\nParentCommandLine: \"C:\\Windows\\System32\\WindowsPowerShell\\v1.0\\powershell.exe\" \r\nParentUser: WIN-30JS3HVHMAB\\Administrator\""},"eventdata":{"utcTime":"2026-09-22 03:36:33.117","processGuid":"{34dad77b-f7c1-6ab1-5201-000000001d00}","processId":"4744","image":"C:\\\\Windows\\\\System32\\\\wevtutil.exe","fileVersion":"10.0.20348.1 (WinBuild.160101.0800)","description":"Eventing Command Line Utility","product":"Microsoft® Windows® Operating System","company":"Microsoft Corporation","originalFileName":"wevtutil.exe","commandLine":"\\\"C:\\\\Windows\\\\system32\\\\wevtutil.exe\\\" cl SOC-Case17","currentDirectory":"C:\\\\Users\\\\Administrator\\\\","user":"WIN-30JS3HVHMAB\\\\Administrator","logonGuid":"{34dad77b-e449-6ab1-4a0d-060000000000}","logonId":"0x60d4a","terminalSessionId":"1","integrityLevel":"High","hashes":"SHA256=2BFCE8F56E3270DE28E13FF0C001FD8169223AAA21E12DDF68448E72F697FC48","parentProcessGuid":"{34dad77b-e69e-6ab1-1401-000000001d00}","parentProcessId":"3112","parentImage":"C:\\\\Windows\\\\System32\\\\WindowsPowerShell\\\\v1.0\\\\powershell.exe","parentCommandLine":"\\\"C:\\\\Windows\\\\System32\\\\WindowsPowerShell\\\\v1.0\\\\powershell.exe\\\"","parentUser":"WIN-30JS3HVHMAB\\\\Administrator"}}},"location":"EventChannel"}
{"timestamp":"2026-09-22T03:47:21.479+0000","rule":{"level":10,"description":"Case17: Controlled SOC-Case17 Windows event log was cleared by WIN-30JS3HVHMAB\\Administrator","id":"100405","mitre":{"id":["T1070"],"tactic":["Defense Evasion"],"technique":["Indicator Removal"]},"firedtimes":1,"mail":false,"groups":["local","soc_lab","case17","defense_evasion","log_clearing","event_log_cleared"]},"agent":{"id":"002","name":"WINSERVER2022","ip":"192.168.100.30"},"manager":{"name":"soc01"},"id":"1790048841.599057","full_log":"{\"win\":{\"system\":{\"providerName\":\"Microsoft-Windows-Eventlog\",\"providerGuid\":\"{fc65ddd8-d6ef-4962-83d5-6e5cfe9ce148}\",\"eventID\":\"104\",\"version\":\"0\",\"level\":\"4\",\"task\":\"104\",\"opcode\":\"0\",\"keywords\":\"0x8000000000000000\",\"systemTime\":\"2026-09-22T03:47:16.4589503Z\",\"eventRecordID\":\"11058\",\"processID\":\"388\",\"threadID\":\"2012\",\"channel\":\"System\",\"computer\":\"WIN-30JS3HVHMAB\",\"severityValue\":\"INFORMATION\",\"message\":\"\\\"The SOC-Case17 log file was cleared.\\\"\"},\"logFileCleared\":{\"subjectUserName\":\"Administrator\",\"subjectDomainName\":\"WIN-30JS3HVHMAB\",\"channel\":\"SOC-Case17\"}}}","decoder":{"name":"windows_eventchannel"},"data":{"win":{"system":{"providerName":"Microsoft-Windows-Eventlog","providerGuid":"{fc65ddd8-d6ef-4962-83d5-6e5cfe9ce148}","eventID":"104","version":"0","level":"4","task":"104","opcode":"0","keywords":"0x8000000000000000","systemTime":"2026-09-22T03:47:16.4589503Z","eventRecordID":"11058","processID":"388","threadID":"2012","channel":"System","computer":"WIN-30JS3HVHMAB","severityValue":"INFORMATION","message":"\"The SOC-Case17 log file was cleared.\""},"logFileCleared":{"subjectUserName":"Administrator","subjectDomainName":"WIN-30JS3HVHMAB","channel":"SOC-Case17"}}},"location":"EventChannel"}
{"timestamp":"2026-09-22T03:47:21.972+0000","rule":{"level":13,"description":"Case17: Confirmed clearing of the controlled SOC-Case17 event log was correlated with the associated wevtutil log-clear command despite reversed ingestion order.","id":"100412","frequency":2,"firedtimes":1,"mail":true,"groups":["local","soc_lab","case17","correlation","defense_evasion","log_clearing","out_of_order"]},"agent":{"id":"002","name":"WINSERVER2022","ip":"192.168.100.30"},"manager":{"name":"soc01"},"id":"1790048841.600608","full_log":"{\"win\":{\"system\":{\"providerName\":\"Microsoft-Windows-Sysmon\",\"providerGuid\":\"{5770385f-c22a-43e0-bf4c-06f5698ffbd9}\",\"eventID\":\"1\",\"version\":\"5\",\"level\":\"4\",\"task\":\"1\",\"opcode\":\"0\",\"keywords\":\"0x8000000000000000\",\"systemTime\":\"2026-09-22T03:47:16.4482831Z\",\"eventRecordID\":\"40597\",\"processID\":\"2024\",\"threadID\":\"3232\",\"channel\":\"Microsoft-Windows-Sysmon/Operational\",\"computer\":\"WIN-30JS3HVHMAB\",\"severityValue\":\"INFORMATION\",\"message\":\"\\\"Process Create:\\r\\nRuleName: -\\r\\nUtcTime: 2026-09-22 03:47:16.445\\r\\nProcessGuid: {34dad77b-fa44-6ab1-5a01-000000001d00}\\r\\nProcessId: 3740\\r\\nImage: C:\\\\Windows\\\\System32\\\\wevtutil.exe\\r\\nFileVersion: 10.0.20348.1 (WinBuild.160101.0800)\\r\\nDescription: Eventing Command Line Utility\\r\\nProduct: Microsoft® Windows® Operating System\\r\\nCompany: Microsoft Corporation\\r\\nOriginalFileName: wevtutil.exe\\r\\nCommandLine: \\\"C:\\\\Windows\\\\system32\\\\wevtutil.exe\\\" cl SOC-Case17\\r\\nCurrentDirectory: C:\\\\Users\\\\Administrator\\\\\\r\\nUser: WIN-30JS3HVHMAB\\\\Administrator\\r\\nLogonGuid: {34dad77b-e449-6ab1-4a0d-060000000000}\\r\\nLogonId: 0x60D4A\\r\\nTerminalSessionId: 1\\r\\nIntegrityLevel: High\\r\\nHashes: SHA256=2BFCE8F56E3270DE28E13FF0C001FD8169223AAA21E12DDF68448E72F697FC48\\r\\nParentProcessGuid: {34dad77b-e69e-6ab1-1401-000000001d00}\\r\\nParentProcessId: 3112\\r\\nParentImage: C:\\\\Windows\\\\System32\\\\WindowsPowerShell\\\\v1.0\\\\powershell.exe\\r\\nParentCommandLine: \\\"C:\\\\Windows\\\\System32\\\\WindowsPowerShell\\\\v1.0\\\\powershell.exe\\\" \\r\\nParentUser: WIN-30JS3HVHMAB\\\\Administrator\\\"\"},\"eventdata\":{\"utcTime\":\"2026-09-22 03:47:16.445\",\"processGuid\":\"{34dad77b-fa44-6ab1-5a01-000000001d00}\",\"processId\":\"3740\",\"image\":\"C:\\\\\\\\Windows\\\\\\\\System32\\\\\\\\wevtutil.exe\",\"fileVersion\":\"10.0.20348.1 (WinBuild.160101.0800)\",\"description\":\"Eventing Command Line Utility\",\"product\":\"Microsoft® Windows® Operating System\",\"company\":\"Microsoft Corporation\",\"originalFileName\":\"wevtutil.exe\",\"commandLine\":\"\\\\\\\"C:\\\\\\\\Windows\\\\\\\\system32\\\\\\\\wevtutil.exe\\\\\\\" cl SOC-Case17\",\"currentDirectory\":\"C:\\\\\\\\Users\\\\\\\\Administrator\\\\\\\\\",\"user\":\"WIN-30JS3HVHMAB\\\\\\\\Administrator\",\"logonGuid\":\"{34dad77b-e449-6ab1-4a0d-060000000000}\",\"logonId\":\"0x60d4a\",\"terminalSessionId\":\"1\",\"integrityLevel\":\"High\",\"hashes\":\"SHA256=2BFCE8F56E3270DE28E13FF0C001FD8169223AAA21E12DDF68448E72F697FC48\",\"parentProcessGuid\":\"{34dad77b-e69e-6ab1-1401-000000001d00}\",\"parentProcessId\":\"3112\",\"parentImage\":\"C:\\\\\\\\Windows\\\\\\\\System32\\\\\\\\WindowsPowerShell\\\\\\\\v1.0\\\\\\\\powershell.exe\",\"parentCommandLine\":\"\\\\\\\"C:\\\\\\\\Windows\\\\\\\\System32\\\\\\\\WindowsPowerShell\\\\\\\\v1.0\\\\\\\\powershell.exe\\\\\\\"\",\"parentUser\":\"WIN-30JS3HVHMAB\\\\\\\\Administrator\"}}}","decoder":{"name":"windows_eventchannel"},"data":{"win":{"system":{"providerName":"Microsoft-Windows-Sysmon","providerGuid":"{5770385f-c22a-43e0-bf4c-06f5698ffbd9}","eventID":"1","version":"5","level":"4","task":"1","opcode":"0","keywords":"0x8000000000000000","systemTime":"2026-09-22T03:47:16.4482831Z","eventRecordID":"40597","processID":"2024","threadID":"3232","channel":"Microsoft-Windows-Sysmon/Operational","computer":"WIN-30JS3HVHMAB","severityValue":"INFORMATION","message":"\"Process Create:\r\nRuleName: -\r\nUtcTime: 2026-09-22 03:47:16.445\r\nProcessGuid: {34dad77b-fa44-6ab1-5a01-000000001d00}\r\nProcessId: 3740\r\nImage: C:\\Windows\\System32\\wevtutil.exe\r\nFileVersion: 10.0.20348.1 (WinBuild.160101.0800)\r\nDescription: Eventing Command Line Utility\r\nProduct: Microsoft® Windows® Operating System\r\nCompany: Microsoft Corporation\r\nOriginalFileName: wevtutil.exe\r\nCommandLine: \"C:\\Windows\\system32\\wevtutil.exe\" cl SOC-Case17\r\nCurrentDirectory: C:\\Users\\Administrator\\\r\nUser: WIN-30JS3HVHMAB\\Administrator\r\nLogonGuid: {34dad77b-e449-6ab1-4a0d-060000000000}\r\nLogonId: 0x60D4A\r\nTerminalSessionId: 1\r\nIntegrityLevel: High\r\nHashes: SHA256=2BFCE8F56E3270DE28E13FF0C001FD8169223AAA21E12DDF68448E72F697FC48\r\nParentProcessGuid: {34dad77b-e69e-6ab1-1401-000000001d00}\r\nParentProcessId: 3112\r\nParentImage: C:\\Windows\\System32\\WindowsPowerShell\\v1.0\\powershell.exe\r\nParentCommandLine: \"C:\\Windows\\System32\\WindowsPowerShell\\v1.0\\powershell.exe\" \r\nParentUser: WIN-30JS3HVHMAB\\Administrator\""},"eventdata":{"utcTime":"2026-09-22 03:47:16.445","processGuid":"{34dad77b-fa44-6ab1-5a01-000000001d00}","processId":"3740","image":"C:\\\\Windows\\\\System32\\\\wevtutil.exe","fileVersion":"10.0.20348.1 (WinBuild.160101.0800)","description":"Eventing Command Line Utility","product":"Microsoft® Windows® Operating System","company":"Microsoft Corporation","originalFileName":"wevtutil.exe","commandLine":"\\\"C:\\\\Windows\\\\system32\\\\wevtutil.exe\\\" cl SOC-Case17","currentDirectory":"C:\\\\Users\\\\Administrator\\\\","user":"WIN-30JS3HVHMAB\\\\Administrator","logonGuid":"{34dad77b-e449-6ab1-4a0d-060000000000}","logonId":"0x60d4a","terminalSessionId":"1","integrityLevel":"High","hashes":"SHA256=2BFCE8F56E3270DE28E13FF0C001FD8169223AAA21E12DDF68448E72F697FC48","parentProcessGuid":"{34dad77b-e69e-6ab1-1401-000000001d00}","parentProcessId":"3112","parentImage":"C:\\\\Windows\\\\System32\\\\WindowsPowerShell\\\\v1.0\\\\powershell.exe","parentCommandLine":"\\\"C:\\\\Windows\\\\System32\\\\WindowsPowerShell\\\\v1.0\\\\powershell.exe\\\"","parentUser":"WIN-30JS3HVHMAB\\\\Administrator"}}},"location":"EventChannel"}
{"timestamp":"2026-09-22T04:36:44.987+0000","rule":{"level":12,"description":"Case17: Windows Security audit log was cleared by WIN-30JS3HVHMAB\\Administrator - SID S-1-5-21-3382847163-1926424565-132962873-500 - LogonId 0x60d4a","id":"100420","mitre":{"id":["T1070.001"],"tactic":["Defense Evasion"],"technique":["Clear Windows Event Logs"]},"firedtimes":1,"mail":true,"groups":["local","soc_lab","case17","defense_evasion","log_clearing","security_log","audit_log_cleared"]},"agent":{"id":"002","name":"WINSERVER2022","ip":"192.168.100.30"},"manager":{"name":"soc01"},"id":"1790051804.748874","full_log":"{\"win\":{\"system\":{\"providerName\":\"Microsoft-Windows-Eventlog\",\"providerGuid\":\"{fc65ddd8-d6ef-4962-83d5-6e5cfe9ce148}\",\"eventID\":\"1102\",\"version\":\"0\",\"level\":\"4\",\"task\":\"104\",\"opcode\":\"0\",\"keywords\":\"0x4020000000000000\",\"systemTime\":\"2026-09-22T04:36:39.6888454Z\",\"eventRecordID\":\"8097\",\"processID\":\"388\",\"threadID\":\"2116\",\"channel\":\"Security\",\"computer\":\"WIN-30JS3HVHMAB\",\"severityValue\":\"INFORMATION\",\"message\":\"\\\"The audit log was cleared.\\r\\nSubject:\\r\\n\\tSecurity ID:\\tS-1-5-21-3382847163-1926424565-132962873-500\\r\\n\\tAccount Name:\\tAdministrator\\r\\n\\tDomain Name:\\tWIN-30JS3HVHMAB\\r\\n\\tLogon ID:\\t0x60D4A\\\"\"},\"logFileCleared\":{\"subjectUserSid\":\"S-1-5-21-3382847163-1926424565-132962873-500\",\"subjectUserName\":\"Administrator\",\"subjectDomainName\":\"WIN-30JS3HVHMAB\",\"subjectLogonId\":\"0x60d4a\"}}}","decoder":{"name":"windows_eventchannel"},"data":{"win":{"system":{"providerName":"Microsoft-Windows-Eventlog","providerGuid":"{fc65ddd8-d6ef-4962-83d5-6e5cfe9ce148}","eventID":"1102","version":"0","level":"4","task":"104","opcode":"0","keywords":"0x4020000000000000","systemTime":"2026-09-22T04:36:39.6888454Z","eventRecordID":"8097","processID":"388","threadID":"2116","channel":"Security","computer":"WIN-30JS3HVHMAB","severityValue":"INFORMATION","message":"\"The audit log was cleared.\r\nSubject:\r\n\tSecurity ID:\tS-1-5-21-3382847163-1926424565-132962873-500\r\n\tAccount Name:\tAdministrator\r\n\tDomain Name:\tWIN-30JS3HVHMAB\r\n\tLogon ID:\t0x60D4A\""},"logFileCleared":{"subjectUserSid":"S-1-5-21-3382847163-1926424565-132962873-500","subjectUserName":"Administrator","subjectDomainName":"WIN-30JS3HVHMAB","subjectLogonId":"0x60d4a"}}},"location":"EventChannel"}
{"timestamp":"2026-09-22T04:36:45.259+0000","rule":{"level":15,"description":"Case17: High-confidence Windows Security log clearing chain correlated despite reversed telemetry ingestion order.","id":"100427","frequency":2,"firedtimes":1,"mail":true,"groups":["local","soc_lab","case17","correlation","defense_evasion","log_clearing","security_log","high_confidence","out_of_order"]},"agent":{"id":"002","name":"WINSERVER2022","ip":"192.168.100.30"},"manager":{"name":"soc01"},"id":"1790051805.750956","full_log":"{\"win\":{\"system\":{\"providerName\":\"Microsoft-Windows-Sysmon\",\"providerGuid\":\"{5770385f-c22a-43e0-bf4c-06f5698ffbd9}\",\"eventID\":\"1\",\"version\":\"5\",\"level\":\"4\",\"task\":\"1\",\"opcode\":\"0\",\"keywords\":\"0x8000000000000000\",\"systemTime\":\"2026-09-22T04:36:39.6758754Z\",\"eventRecordID\":\"41784\",\"processID\":\"2024\",\"threadID\":\"3232\",\"channel\":\"Microsoft-Windows-Sysmon/Operational\",\"computer\":\"WIN-30JS3HVHMAB\",\"severityValue\":\"INFORMATION\",\"message\":\"\\\"Process Create:\\r\\nRuleName: -\\r\\nUtcTime: 2026-09-22 04:36:39.671\\r\\nProcessGuid: {34dad77b-05d7-6ab2-8701-000000001d00}\\r\\nProcessId: 1412\\r\\nImage: C:\\\\Windows\\\\System32\\\\wevtutil.exe\\r\\nFileVersion: 10.0.20348.1 (WinBuild.160101.0800)\\r\\nDescription: Eventing Command Line Utility\\r\\nProduct: Microsoft® Windows® Operating System\\r\\nCompany: Microsoft Corporation\\r\\nOriginalFileName: wevtutil.exe\\r\\nCommandLine: \\\"C:\\\\Windows\\\\system32\\\\wevtutil.exe\\\" cl Security\\r\\nCurrentDirectory: C:\\\\Users\\\\Administrator\\\\\\r\\nUser: WIN-30JS3HVHMAB\\\\Administrator\\r\\nLogonGuid: {34dad77b-e449-6ab1-4a0d-060000000000}\\r\\nLogonId: 0x60D4A\\r\\nTerminalSessionId: 1\\r\\nIntegrityLevel: High\\r\\nHashes: SHA256=2BFCE8F56E3270DE28E13FF0C001FD8169223AAA21E12DDF68448E72F697FC48\\r\\nParentProcessGuid: {34dad77b-e69e-6ab1-1401-000000001d00}\\r\\nParentProcessId: 3112\\r\\nParentImage: C:\\\\Windows\\\\System32\\\\WindowsPowerShell\\\\v1.0\\\\powershell.exe\\r\\nParentCommandLine: \\\"C:\\\\Windows\\\\System32\\\\WindowsPowerShell\\\\v1.0\\\\powershell.exe\\\" \\r\\nParentUser: WIN-30JS3HVHMAB\\\\Administrator\\\"\"},\"eventdata\":{\"utcTime\":\"2026-09-22 04:36:39.671\",\"processGuid\":\"{34dad77b-05d7-6ab2-8701-000000001d00}\",\"processId\":\"1412\",\"image\":\"C:\\\\\\\\Windows\\\\\\\\System32\\\\\\\\wevtutil.exe\",\"fileVersion\":\"10.0.20348.1 (WinBuild.160101.0800)\",\"description\":\"Eventing Command Line Utility\",\"product\":\"Microsoft® Windows® Operating System\",\"company\":\"Microsoft Corporation\",\"originalFileName\":\"wevtutil.exe\",\"commandLine\":\"\\\\\\\"C:\\\\\\\\Windows\\\\\\\\system32\\\\\\\\wevtutil.exe\\\\\\\" cl Security\",\"currentDirectory\":\"C:\\\\\\\\Users\\\\\\\\Administrator\\\\\\\\\",\"user\":\"WIN-30JS3HVHMAB\\\\\\\\Administrator\",\"logonGuid\":\"{34dad77b-e449-6ab1-4a0d-060000000000}\",\"logonId\":\"0x60d4a\",\"terminalSessionId\":\"1\",\"integrityLevel\":\"High\",\"hashes\":\"SHA256=2BFCE8F56E3270DE28E13FF0C001FD8169223AAA21E12DDF68448E72F697FC48\",\"parentProcessGuid\":\"{34dad77b-e69e-6ab1-1401-000000001d00}\",\"parentProcessId\":\"3112\",\"parentImage\":\"C:\\\\\\\\Windows\\\\\\\\System32\\\\\\\\WindowsPowerShell\\\\\\\\v1.0\\\\\\\\powershell.exe\",\"parentCommandLine\":\"\\\\\\\"C:\\\\\\\\Windows\\\\\\\\System32\\\\\\\\WindowsPowerShell\\\\\\\\v1.0\\\\\\\\powershell.exe\\\\\\\"\",\"parentUser\":\"WIN-30JS3HVHMAB\\\\\\\\Administrator\"}}}","decoder":{"name":"windows_eventchannel"},"data":{"win":{"system":{"providerName":"Microsoft-Windows-Sysmon","providerGuid":"{5770385f-c22a-43e0-bf4c-06f5698ffbd9}","eventID":"1","version":"5","level":"4","task":"1","opcode":"0","keywords":"0x8000000000000000","systemTime":"2026-09-22T04:36:39.6758754Z","eventRecordID":"41784","processID":"2024","threadID":"3232","channel":"Microsoft-Windows-Sysmon/Operational","computer":"WIN-30JS3HVHMAB","severityValue":"INFORMATION","message":"\"Process Create:\r\nRuleName: -\r\nUtcTime: 2026-09-22 04:36:39.671\r\nProcessGuid: {34dad77b-05d7-6ab2-8701-000000001d00}\r\nProcessId: 1412\r\nImage: C:\\Windows\\System32\\wevtutil.exe\r\nFileVersion: 10.0.20348.1 (WinBuild.160101.0800)\r\nDescription: Eventing Command Line Utility\r\nProduct: Microsoft® Windows® Operating System\r\nCompany: Microsoft Corporation\r\nOriginalFileName: wevtutil.exe\r\nCommandLine: \"C:\\Windows\\system32\\wevtutil.exe\" cl Security\r\nCurrentDirectory: C:\\Users\\Administrator\\\r\nUser: WIN-30JS3HVHMAB\\Administrator\r\nLogonGuid: {34dad77b-e449-6ab1-4a0d-060000000000}\r\nLogonId: 0x60D4A\r\nTerminalSessionId: 1\r\nIntegrityLevel: High\r\nHashes: SHA256=2BFCE8F56E3270DE28E13FF0C001FD8169223AAA21E12DDF68448E72F697FC48\r\nParentProcessGuid: {34dad77b-e69e-6ab1-1401-000000001d00}\r\nParentProcessId: 3112\r\nParentImage: C:\\Windows\\System32\\WindowsPowerShell\\v1.0\\powershell.exe\r\nParentCommandLine: \"C:\\Windows\\System32\\WindowsPowerShell\\v1.0\\powershell.exe\" \r\nParentUser: WIN-30JS3HVHMAB\\Administrator\""},"eventdata":{"utcTime":"2026-09-22 04:36:39.671","processGuid":"{34dad77b-05d7-6ab2-8701-000000001d00}","processId":"1412","image":"C:\\\\Windows\\\\System32\\\\wevtutil.exe","fileVersion":"10.0.20348.1 (WinBuild.160101.0800)","description":"Eventing Command Line Utility","product":"Microsoft® Windows® Operating System","company":"Microsoft Corporation","originalFileName":"wevtutil.exe","commandLine":"\\\"C:\\\\Windows\\\\system32\\\\wevtutil.exe\\\" cl Security","currentDirectory":"C:\\\\Users\\\\Administrator\\\\","user":"WIN-30JS3HVHMAB\\\\Administrator","logonGuid":"{34dad77b-e449-6ab1-4a0d-060000000000}","logonId":"0x60d4a","terminalSessionId":"1","integrityLevel":"High","hashes":"SHA256=2BFCE8F56E3270DE28E13FF0C001FD8169223AAA21E12DDF68448E72F697FC48","parentProcessGuid":"{34dad77b-e69e-6ab1-1401-000000001d00}","parentProcessId":"3112","parentImage":"C:\\\\Windows\\\\System32\\\\WindowsPowerShell\\\\v1.0\\\\powershell.exe","parentCommandLine":"\\\"C:\\\\Windows\\\\System32\\\\WindowsPowerShell\\\\v1.0\\\\powershell.exe\\\"","parentUser":"WIN-30JS3HVHMAB\\\\Administrator"}}},"location":"EventChannel"}
