{"timestamp":"2026-09-10T06:01:16.628+0000","rule":{"level":15,"description":"Executable file dropped in folder commonly used by malware","id":"92213","mitre":{"id":["T1105"],"tactic":["Command and Control"],"technique":["Ingress Tool Transfer"]},"firedtimes":1,"mail":true,"groups":["sysmon","sysmon_eid11_detections","windows"]},"agent":{"id":"001","name":"WIN10","ip":"192.168.100.20"},"manager":{"name":"soc01"},"id":"1789020076.5946336","decoder":{"name":"windows_eventchannel"},"data":{"win":{"system":{"providerName":"Microsoft-Windows-Sysmon","providerGuid":"{5770385f-c22a-43e0-bf4c-06f5698ffbd9}","eventID":"11","version":"2","level":"4","task":"11","opcode":"0","keywords":"0x8000000000000000","systemTime":"2026-09-10T06:00:59.5900906Z","eventRecordID":"283870","processID":"3012","threadID":"3980","channel":"Microsoft-Windows-Sysmon/Operational","computer":"Win10","severityValue":"INFORMATION","message":"\"File created:\r\nRuleName: -\r\nUtcTime: 2026-09-10 06:00:59.588\r\nProcessGuid: {3aa82e30-21eb-6aa2-6d01-000000003d00}\r\nProcessId: 9816\r\nImage: C:\\Windows\\System32\\WindowsPowerShell\\v1.0\\powershell.exe\r\nTargetFilename: C:\\Users\\vboxuser\\AppData\\Local\\Temp\\case13-remote-20260910-030053.cmd\r\nCreationUtcTime: 2026-09-10 06:00:59.588\r\nUser: WIN10\\vboxuser\""},"eventdata":{"utcTime":"2026-09-10 06:00:59.588","processGuid":"{3aa82e30-21eb-6aa2-6d01-000000003d00}","processId":"9816","image":"C:\\\\Windows\\\\System32\\\\WindowsPowerShell\\\\v1.0\\\\powershell.exe","targetFilename":"C:\\\\Users\\\\vboxuser\\\\AppData\\\\Local\\\\Temp\\\\case13-remote-20260910-030053.cmd","creationUtcTime":"2026-09-10 06:00:59.588","user":"WIN10\\\\vboxuser"}}},"location":"EventChannel"}
{"timestamp":"2026-09-10T06:01:17.635+0000","rule":{"level":6,"description":"Scripting file created under Windows Temp or User folder","id":"92200","mitre":{"id":["T1059","T1105"],"tactic":["Execution","Command and Control"],"technique":["Command and Scripting Interpreter","Ingress Tool Transfer"]},"firedtimes":1,"mail":false,"groups":["sysmon","sysmon_eid11_detections","windows"]},"agent":{"id":"002","name":"WINSERVER2022","ip":"192.168.100.30"},"manager":{"name":"soc01"},"id":"1789020077.5951085","decoder":{"name":"windows_eventchannel"},"data":{"win":{"system":{"providerName":"Microsoft-Windows-Sysmon","providerGuid":"{5770385f-c22a-43e0-bf4c-06f5698ffbd9}","eventID":"11","version":"2","level":"4","task":"11","opcode":"0","keywords":"0x8000000000000000","systemTime":"2026-09-10T06:01:16.7148324Z","eventRecordID":"3151","processID":"2336","threadID":"2304","channel":"Microsoft-Windows-Sysmon/Operational","computer":"WIN-30JS3HVHMAB","severityValue":"INFORMATION","message":"\"File created:\r\nRuleName: -\r\nUtcTime: 2026-09-10 06:01:16.706\r\nProcessGuid: {34dad77b-5a51-6aa2-eb03-000000000000}\r\nProcessId: 4\r\nImage: System\r\nTargetFilename: C:\\Windows\\Temp\\case13-remote-20260910-030053.cmd\r\nCreationUtcTime: 2026-09-10 06:01:16.706\r\nUser: NT AUTHORITY\\SYSTEM\""},"eventdata":{"utcTime":"2026-09-10 06:01:16.706","processGuid":"{34dad77b-5a51-6aa2-eb03-000000000000}","processId":"4","image":"System","targetFilename":"C:\\\\Windows\\\\Temp\\\\case13-remote-20260910-030053.cmd","creationUtcTime":"2026-09-10 06:01:16.706","user":"NT AUTHORITY\\\\SYSTEM"}}},"location":"EventChannel"}
{"timestamp":"2026-09-10T06:01:17.735+0000","rule":{"level":8,"description":"SOC LAB: WIN10 wrote the controlled Case13 script through the ADMIN$ administrative share.","id":"100260","mitre":{"id":["T1021.002"],"tactic":["Lateral Movement"],"technique":["SMB/Windows Admin Shares"]},"firedtimes":1,"mail":false,"groups":["local","soc_lab","windows","smb","admin_share","file_transfer","lateral_movement","soc_lab"]},"agent":{"id":"002","name":"WINSERVER2022","ip":"192.168.100.30"},"manager":{"name":"soc01"},"id":"1789020077.5956501","full_log":"{\"win\":{\"system\":{\"providerName\":\"Microsoft-Windows-Security-Auditing\",\"providerGuid\":\"{54849625-5478-4994-a5ba-3e3b0328c30d}\",\"eventID\":\"5145\",\"version\":\"0\",\"level\":\"0\",\"task\":\"12811\",\"opcode\":\"0\",\"keywords\":\"0x8020000000000000\",\"systemTime\":\"2026-09-10T06:01:16.7077761Z\",\"eventRecordID\":\"6073\",\"processID\":\"4\",\"threadID\":\"3384\",\"channel\":\"Security\",\"computer\":\"WIN-30JS3HVHMAB\",\"severityValue\":\"AUDIT_SUCCESS\",\"message\":\"\\\"A network share object was checked to see whether client can be granted desired access.\\r\\n\\t\\r\\nSubject:\\r\\n\\tSecurity ID:\\t\\tS-1-5-21-3382847163-1926424565-132962873-500\\r\\n\\tAccount Name:\\t\\tAdministrator\\r\\n\\tAccount Domain:\\t\\tWIN-30JS3HVHMAB\\r\\n\\tLogon ID:\\t\\t0x2C5437\\r\\n\\r\\nNetwork Information:\\t\\r\\n\\tObject Type:\\t\\tFile\\r\\n\\tSource Address:\\t\\t192.168.100.20\\r\\n\\tSource Port:\\t\\t50227\\r\\n\\t\\r\\nShare Information:\\r\\n\\tShare Name:\\t\\t\\\\\\\\*\\\\ADMIN$\\r\\n\\tShare Path:\\t\\t\\\\??\\\\C:\\\\Windows\\r\\n\\tRelative Target Name:\\tTemp\\\\case13-remote-20260910-030053.cmd\\r\\n\\r\\nAccess Request Information:\\r\\n\\tAccess Mask:\\t\\t0x2\\r\\n\\tAccesses:\\t\\tWriteData (or AddFile)\\r\\n\\t\\t\\t\\t\\r\\nAccess Check Results:\\r\\n\\t-\\r\\n\\\"\"},\"eventdata\":{\"subjectUserSid\":\"S-1-5-21-3382847163-1926424565-132962873-500\",\"subjectUserName\":\"Administrator\",\"subjectDomainName\":\"WIN-30JS3HVHMAB\",\"subjectLogonId\":\"0x2c5437\",\"objectType\":\"File\",\"ipAddress\":\"192.168.100.20\",\"ipPort\":\"50227\",\"shareName\":\"\\\\\\\\\\\\\\\\*\\\\\\\\ADMIN$\",\"shareLocalPath\":\"\\\\\\\\??\\\\\\\\C:\\\\\\\\Windows\",\"relativeTargetName\":\"Temp\\\\\\\\case13-remote-20260910-030053.cmd\",\"accessMask\":\"0x2\",\"accessList\":\"%%4417\"}}}","decoder":{"name":"windows_eventchannel"},"data":{"win":{"system":{"providerName":"Microsoft-Windows-Security-Auditing","providerGuid":"{54849625-5478-4994-a5ba-3e3b0328c30d}","eventID":"5145","version":"0","level":"0","task":"12811","opcode":"0","keywords":"0x8020000000000000","systemTime":"2026-09-10T06:01:16.7077761Z","eventRecordID":"6073","processID":"4","threadID":"3384","channel":"Security","computer":"WIN-30JS3HVHMAB","severityValue":"AUDIT_SUCCESS","message":"\"A network share object was checked to see whether client can be granted desired access.\r\n\t\r\nSubject:\r\n\tSecurity ID:\t\tS-1-5-21-3382847163-1926424565-132962873-500\r\n\tAccount Name:\t\tAdministrator\r\n\tAccount Domain:\t\tWIN-30JS3HVHMAB\r\n\tLogon ID:\t\t0x2C5437\r\n\r\nNetwork Information:\t\r\n\tObject Type:\t\tFile\r\n\tSource Address:\t\t192.168.100.20\r\n\tSource Port:\t\t50227\r\n\t\r\nShare Information:\r\n\tShare Name:\t\t\\\\*\\ADMIN$\r\n\tShare Path:\t\t\\??\\C:\\Windows\r\n\tRelative Target Name:\tTemp\\case13-remote-20260910-030053.cmd\r\n\r\nAccess Request Information:\r\n\tAccess Mask:\t\t0x2\r\n\tAccesses:\t\tWriteData (or AddFile)\r\n\t\t\t\t\r\nAccess Check Results:\r\n\t-\r\n\""},"eventdata":{"subjectUserSid":"S-1-5-21-3382847163-1926424565-132962873-500","subjectUserName":"Administrator","subjectDomainName":"WIN-30JS3HVHMAB","subjectLogonId":"0x2c5437","objectType":"File","ipAddress":"192.168.100.20","ipPort":"50227","shareName":"\\\\\\\\*\\\\ADMIN$","shareLocalPath":"\\\\??\\\\C:\\\\Windows","relativeTargetName":"Temp\\\\case13-remote-20260910-030053.cmd","accessMask":"0x2","accessList":"%%4417"}}},"location":"EventChannel"}
{"timestamp":"2026-09-10T06:01:48.694+0000","rule":{"level":13,"description":"SOC LAB: Case13 SMB administrative-share transfer was followed by controlled remote service creation.","id":"100285","mitre":{"id":["T1021.002","T1543.003"],"tactic":["Lateral Movement","Persistence","Privilege Escalation"],"technique":["SMB/Windows Admin Shares","Windows Service"]},"frequency":2,"firedtimes":1,"mail":true,"groups":["local","soc_lab","correlation","windows","smb","admin_share","remote_service","lateral_movement","soc_lab"]},"agent":{"id":"002","name":"WINSERVER2022","ip":"192.168.100.30"},"manager":{"name":"soc01"},"id":"1789020108.5964552","full_log":"{\"win\":{\"system\":{\"providerName\":\"Service Control Manager\",\"providerGuid\":\"{555908d1-a6d7-4695-8e1e-26931d2012f4}\",\"eventSourceName\":\"Service Control Manager\",\"eventID\":\"7045\",\"version\":\"0\",\"level\":\"4\",\"task\":\"0\",\"opcode\":\"0\",\"keywords\":\"0x8080000000000000\",\"systemTime\":\"2026-09-10T06:01:47.7665986Z\",\"eventRecordID\":\"8048\",\"processID\":\"612\",\"threadID\":\"4376\",\"channel\":\"System\",\"computer\":\"WIN-30JS3HVHMAB\",\"severityValue\":\"INFORMATION\",\"message\":\"\\\"A service was installed in the system.\\r\\n\\r\\nService Name:  SOC_CASE13_20260910030053\\r\\nService File Name:  cmd.exe /c C:\\\\Windows\\\\Temp\\\\case13-remote-20260910-030053.cmd\\r\\nService Type:  user mode service\\r\\nService Start Type:  demand start\\r\\nService Account:  LocalSystem\\\"\"},\"eventdata\":{\"serviceName\":\"SOC_CASE13_20260910030053\",\"imagePath\":\"cmd.exe /c C:\\\\\\\\Windows\\\\\\\\Temp\\\\\\\\case13-remote-20260910-030053.cmd\",\"serviceType\":\"user mode service\",\"startType\":\"demand start\",\"accountName\":\"LocalSystem\"}}}","decoder":{"name":"windows_eventchannel"},"data":{"win":{"system":{"providerName":"Service Control Manager","providerGuid":"{555908d1-a6d7-4695-8e1e-26931d2012f4}","eventSourceName":"Service Control Manager","eventID":"7045","version":"0","level":"4","task":"0","opcode":"0","keywords":"0x8080000000000000","systemTime":"2026-09-10T06:01:47.7665986Z","eventRecordID":"8048","processID":"612","threadID":"4376","channel":"System","computer":"WIN-30JS3HVHMAB","severityValue":"INFORMATION","message":"\"A service was installed in the system.\r\n\r\nService Name:  SOC_CASE13_20260910030053\r\nService File Name:  cmd.exe /c C:\\Windows\\Temp\\case13-remote-20260910-030053.cmd\r\nService Type:  user mode service\r\nService Start Type:  demand start\r\nService Account:  LocalSystem\""},"eventdata":{"serviceName":"SOC_CASE13_20260910030053","imagePath":"cmd.exe /c C:\\\\Windows\\\\Temp\\\\case13-remote-20260910-030053.cmd","serviceType":"user mode service","startType":"demand start","accountName":"LocalSystem"}}},"location":"EventChannel"}
{"timestamp":"2026-09-10T06:02:14.003+0000","rule":{"level":15,"description":"SOC LAB: Multi-source confirmation - Suricata SMB lateral-movement indication correlated with the confirmed Windows execution chain.","id":"100300","mitre":{"id":["T1021.002","T1569.002","T1059.003"],"tactic":["Lateral Movement","Execution"],"technique":["SMB/Windows Admin Shares","Service Execution","Windows Command Shell"]},"frequency":2,"firedtimes":1,"mail":true,"groups":["local","soc_lab","correlation","multi_source","suricata","windows","sysmon","smb","service_execution","lateral_movement","soc_lab"]},"agent":{"id":"002","name":"WINSERVER2022","ip":"192.168.100.30"},"manager":{"name":"soc01"},"id":"1789020134.5968507","full_log":"{\"win\":{\"system\":{\"providerName\":\"Microsoft-Windows-Sysmon\",\"providerGuid\":\"{5770385f-c22a-43e0-bf4c-06f5698ffbd9}\",\"eventID\":\"1\",\"version\":\"5\",\"level\":\"4\",\"task\":\"1\",\"opcode\":\"0\",\"keywords\":\"0x8000000000000000\",\"systemTime\":\"2026-09-10T06:02:13.5842713Z\",\"eventRecordID\":\"3166\",\"processID\":\"2336\",\"threadID\":\"2304\",\"channel\":\"Microsoft-Windows-Sysmon/Operational\",\"computer\":\"WIN-30JS3HVHMAB\",\"severityValue\":\"INFORMATION\",\"message\":\"\\\"Process Create:\\r\\nRuleName: -\\r\\nUtcTime: 2026-09-10 06:02:13.564\\r\\nProcessGuid: {34dad77b-47e5-6aa2-6d02-000000001700}\\r\\nProcessId: 2476\\r\\nImage: C:\\\\Windows\\\\System32\\\\cmd.exe\\r\\nFileVersion: 10.0.20348.1 (WinBuild.160101.0800)\\r\\nDescription: Windows Command Processor\\r\\nProduct: Microsoft® Windows® Operating System\\r\\nCompany: Microsoft Corporation\\r\\nOriginalFileName: Cmd.Exe\\r\\nCommandLine: cmd.exe /c C:\\\\Windows\\\\Temp\\\\case13-remote-20260910-030053.cmd\\r\\nCurrentDirectory: C:\\\\Windows\\\\system32\\\\\\r\\nUser: NT AUTHORITY\\\\SYSTEM\\r\\nLogonGuid: {34dad77b-5a53-6aa2-e703-000000000000}\\r\\nLogonId: 0x3E7\\r\\nTerminalSessionId: 0\\r\\nIntegrityLevel: System\\r\\nHashes: SHA256=EB71EA69DD19F728AB9240565E8C7EFB59821E19E3788E289301E1E74940C208\\r\\nParentProcessGuid: {00000000-0000-0000-0000-000000000000}\\r\\nParentProcessId: 612\\r\\nParentImage: -\\r\\nParentCommandLine: -\\r\\nParentUser: -\\\"\"},\"eventdata\":{\"utcTime\":\"2026-09-10 06:02:13.564\",\"processGuid\":\"{34dad77b-47e5-6aa2-6d02-000000001700}\",\"processId\":\"2476\",\"image\":\"C:\\\\\\\\Windows\\\\\\\\System32\\\\\\\\cmd.exe\",\"fileVersion\":\"10.0.20348.1 (WinBuild.160101.0800)\",\"description\":\"Windows Command Processor\",\"product\":\"Microsoft® Windows® Operating System\",\"company\":\"Microsoft Corporation\",\"originalFileName\":\"Cmd.Exe\",\"commandLine\":\"cmd.exe /c C:\\\\\\\\Windows\\\\\\\\Temp\\\\\\\\case13-remote-20260910-030053.cmd\",\"currentDirectory\":\"C:\\\\\\\\Windows\\\\\\\\system32\\\\\\\\\",\"user\":\"NT AUTHORITY\\\\\\\\SYSTEM\",\"logonGuid\":\"{34dad77b-5a53-6aa2-e703-000000000000}\",\"logonId\":\"0x3e7\",\"terminalSessionId\":\"0\",\"integrityLevel\":\"System\",\"hashes\":\"SHA256=EB71EA69DD19F728AB9240565E8C7EFB59821E19E3788E289301E1E74940C208\",\"parentProcessGuid\":\"{00000000-0000-0000-0000-000000000000}\",\"parentProcessId\":\"612\"}}}","decoder":{"name":"windows_eventchannel"},"data":{"win":{"system":{"providerName":"Microsoft-Windows-Sysmon","providerGuid":"{5770385f-c22a-43e0-bf4c-06f5698ffbd9}","eventID":"1","version":"5","level":"4","task":"1","opcode":"0","keywords":"0x8000000000000000","systemTime":"2026-09-10T06:02:13.5842713Z","eventRecordID":"3166","processID":"2336","threadID":"2304","channel":"Microsoft-Windows-Sysmon/Operational","computer":"WIN-30JS3HVHMAB","severityValue":"INFORMATION","message":"\"Process Create:\r\nRuleName: -\r\nUtcTime: 2026-09-10 06:02:13.564\r\nProcessGuid: {34dad77b-47e5-6aa2-6d02-000000001700}\r\nProcessId: 2476\r\nImage: C:\\Windows\\System32\\cmd.exe\r\nFileVersion: 10.0.20348.1 (WinBuild.160101.0800)\r\nDescription: Windows Command Processor\r\nProduct: Microsoft® Windows® Operating System\r\nCompany: Microsoft Corporation\r\nOriginalFileName: Cmd.Exe\r\nCommandLine: cmd.exe /c C:\\Windows\\Temp\\case13-remote-20260910-030053.cmd\r\nCurrentDirectory: C:\\Windows\\system32\\\r\nUser: NT AUTHORITY\\SYSTEM\r\nLogonGuid: {34dad77b-5a53-6aa2-e703-000000000000}\r\nLogonId: 0x3E7\r\nTerminalSessionId: 0\r\nIntegrityLevel: System\r\nHashes: SHA256=EB71EA69DD19F728AB9240565E8C7EFB59821E19E3788E289301E1E74940C208\r\nParentProcessGuid: {00000000-0000-0000-0000-000000000000}\r\nParentProcessId: 612\r\nParentImage: -\r\nParentCommandLine: -\r\nParentUser: -\""},"eventdata":{"utcTime":"2026-09-10 06:02:13.564","processGuid":"{34dad77b-47e5-6aa2-6d02-000000001700}","processId":"2476","image":"C:\\\\Windows\\\\System32\\\\cmd.exe","fileVersion":"10.0.20348.1 (WinBuild.160101.0800)","description":"Windows Command Processor","product":"Microsoft® Windows® Operating System","company":"Microsoft Corporation","originalFileName":"Cmd.Exe","commandLine":"cmd.exe /c C:\\\\Windows\\\\Temp\\\\case13-remote-20260910-030053.cmd","currentDirectory":"C:\\\\Windows\\\\system32\\\\","user":"NT AUTHORITY\\\\SYSTEM","logonGuid":"{34dad77b-5a53-6aa2-e703-000000000000}","logonId":"0x3e7","terminalSessionId":"0","integrityLevel":"System","hashes":"SHA256=EB71EA69DD19F728AB9240565E8C7EFB59821E19E3788E289301E1E74940C208","parentProcessGuid":"{00000000-0000-0000-0000-000000000000}","parentProcessId":"612"}}},"location":"EventChannel"}
{"timestamp":"2026-09-10T06:02:14.007+0000","rule":{"level":8,"description":"SOC LAB: Controlled Case13 execution marker created by cmd.exe as SYSTEM.","id":"100275","firedtimes":1,"mail":false,"groups":["local","soc_lab","sysmon","file_create","execution_artifact","lateral_movement","soc_lab"]},"agent":{"id":"002","name":"WINSERVER2022","ip":"192.168.100.30"},"manager":{"name":"soc01"},"id":"1789020134.5974410","full_log":"{\"win\":{\"system\":{\"providerName\":\"Microsoft-Windows-Sysmon\",\"providerGuid\":\"{5770385f-c22a-43e0-bf4c-06f5698ffbd9}\",\"eventID\":\"11\",\"version\":\"2\",\"level\":\"4\",\"task\":\"11\",\"opcode\":\"0\",\"keywords\":\"0x8000000000000000\",\"systemTime\":\"2026-09-10T06:02:13.6032795Z\",\"eventRecordID\":\"3167\",\"processID\":\"2336\",\"threadID\":\"2304\",\"channel\":\"Microsoft-Windows-Sysmon/Operational\",\"computer\":\"WIN-30JS3HVHMAB\",\"severityValue\":\"INFORMATION\",\"message\":\"\\\"File created:\\r\\nRuleName: -\\r\\nUtcTime: 2026-09-10 06:02:13.562\\r\\nProcessGuid: {34dad77b-47e5-6aa2-6d02-000000001700}\\r\\nProcessId: 2476\\r\\nImage: C:\\\\Windows\\\\system32\\\\cmd.exe\\r\\nTargetFilename: C:\\\\Users\\\\Public\\\\case13-marker-20260910-030053.txt\\r\\nCreationUtcTime: 2026-09-10 06:02:13.562\\r\\nUser: NT AUTHORITY\\\\SYSTEM\\\"\"},\"eventdata\":{\"utcTime\":\"2026-09-10 06:02:13.562\",\"processGuid\":\"{34dad77b-47e5-6aa2-6d02-000000001700}\",\"processId\":\"2476\",\"image\":\"C:\\\\\\\\Windows\\\\\\\\system32\\\\\\\\cmd.exe\",\"targetFilename\":\"C:\\\\\\\\Users\\\\\\\\Public\\\\\\\\case13-marker-20260910-030053.txt\",\"creationUtcTime\":\"2026-09-10 06:02:13.562\",\"user\":\"NT AUTHORITY\\\\\\\\SYSTEM\"}}}","decoder":{"name":"windows_eventchannel"},"data":{"win":{"system":{"providerName":"Microsoft-Windows-Sysmon","providerGuid":"{5770385f-c22a-43e0-bf4c-06f5698ffbd9}","eventID":"11","version":"2","level":"4","task":"11","opcode":"0","keywords":"0x8000000000000000","systemTime":"2026-09-10T06:02:13.6032795Z","eventRecordID":"3167","processID":"2336","threadID":"2304","channel":"Microsoft-Windows-Sysmon/Operational","computer":"WIN-30JS3HVHMAB","severityValue":"INFORMATION","message":"\"File created:\r\nRuleName: -\r\nUtcTime: 2026-09-10 06:02:13.562\r\nProcessGuid: {34dad77b-47e5-6aa2-6d02-000000001700}\r\nProcessId: 2476\r\nImage: C:\\Windows\\system32\\cmd.exe\r\nTargetFilename: C:\\Users\\Public\\case13-marker-20260910-030053.txt\r\nCreationUtcTime: 2026-09-10 06:02:13.562\r\nUser: NT AUTHORITY\\SYSTEM\""},"eventdata":{"utcTime":"2026-09-10 06:02:13.562","processGuid":"{34dad77b-47e5-6aa2-6d02-000000001700}","processId":"2476","image":"C:\\\\Windows\\\\system32\\\\cmd.exe","targetFilename":"C:\\\\Users\\\\Public\\\\case13-marker-20260910-030053.txt","creationUtcTime":"2026-09-10 06:02:13.562","user":"NT AUTHORITY\\\\SYSTEM"}}},"location":"EventChannel"}
{"timestamp":"2026-09-10T06:02:14.525+0000","rule":{"level":5,"description":"Windows System error event","id":"61102","firedtimes":1,"mail":false,"groups":["windows","windows_system","system_error"],"gpg13":["4.3"],"gdpr":["IV_35.7.d"]},"agent":{"id":"002","name":"WINSERVER2022","ip":"192.168.100.30"},"manager":{"name":"soc01"},"id":"1789020134.5977000","decoder":{"name":"windows_eventchannel"},"data":{"win":{"system":{"providerName":"Service Control Manager","providerGuid":"{555908d1-a6d7-4695-8e1e-26931d2012f4}","eventSourceName":"Service Control Manager","eventID":"7009","version":"0","level":"2","task":"0","opcode":"0","keywords":"0x8080000000000000","systemTime":"2026-09-10T06:02:13.6243729Z","eventRecordID":"8049","processID":"612","threadID":"4168","channel":"System","computer":"WIN-30JS3HVHMAB","severityValue":"ERROR","message":"\"A timeout was reached (30000 milliseconds) while waiting for the SOC_CASE13_20260910030053 service to connect.\""},"eventdata":{"param1":"30000","param2":"SOC_CASE13_20260910030053","binary":"53004F0043005F004300410053004500310033005F00320030003200360030003900310030003000330030003000350033000000"}}},"location":"EventChannel"}
{"timestamp":"2026-09-10T06:02:14.529+0000","rule":{"level":5,"description":"Windows System error event","id":"61102","firedtimes":2,"mail":false,"groups":["windows","windows_system","system_error"],"gpg13":["4.3"],"gdpr":["IV_35.7.d"]},"agent":{"id":"002","name":"WINSERVER2022","ip":"192.168.100.30"},"manager":{"name":"soc01"},"id":"1789020134.5978829","decoder":{"name":"windows_eventchannel"},"data":{"win":{"system":{"providerName":"Service Control Manager","providerGuid":"{555908d1-a6d7-4695-8e1e-26931d2012f4}","eventSourceName":"Service Control Manager","eventID":"7000","version":"0","level":"2","task":"0","opcode":"0","keywords":"0x8080000000000000","systemTime":"2026-09-10T06:02:13.6243729Z","eventRecordID":"8050","processID":"612","threadID":"4168","channel":"System","computer":"WIN-30JS3HVHMAB","severityValue":"ERROR","message":"\"The SOC_CASE13_20260910030053 service failed to start due to the following error: \r\nThe service did not respond to the start or control request in a timely fashion.\""},"eventdata":{"param1":"SOC_CASE13_20260910030053","param2":"%%1053","binary":"53004F0043005F004300410053004500310033005F00320030003200360030003900310030003000330030003000350033000000"}}},"location":"EventChannel"}
