{"timestamp":"2026-09-11T04:36:09.551+0000","rule":{"level":12,"description":"Lsass process was accessed by C:\\\\Windows\\\\System32\\\\WindowsPowerShell\\\\v1.0\\\\powershell.exe with read permissions, possible credential dump","id":"92900","mitre":{"id":["T1003.001"],"tactic":["Credential Access"],"technique":["LSASS Memory"]},"firedtimes":1,"mail":true,"groups":["sysmon","sysmon_eid10_detections","windows"]},"agent":{"id":"002","name":"WINSERVER2022","ip":"192.168.100.30"},"manager":{"name":"soc01"},"id":"1789101369.1329790","decoder":{"name":"windows_eventchannel"},"data":{"win":{"system":{"providerName":"Microsoft-Windows-Sysmon","providerGuid":"{5770385f-c22a-43e0-bf4c-06f5698ffbd9}","eventID":"10","version":"3","level":"4","task":"10","opcode":"0","keywords":"0x8000000000000000","systemTime":"2026-09-11T04:36:08.9738580Z","eventRecordID":"7498","processID":"1896","threadID":"3384","channel":"Microsoft-Windows-Sysmon/Operational","computer":"WIN-30JS3HVHMAB","severityValue":"INFORMATION","message":"\"Process accessed:\r\nRuleName: -\r\nUtcTime: 2026-09-11 04:36:08.940\r\nSourceProcessGUID: {34dad77b-8538-6aa3-5001-000000001800}\r\nSourceProcessId: 3748\r\nSourceThreadId: 4176\r\nSourceImage: C:\\Windows\\System32\\WindowsPowerShell\\v1.0\\powershell.exe\r\nTargetProcessGUID: {34dad77b-a699-6aa3-0c00-000000001800}\r\nTargetProcessId: 624\r\nTargetImage: C:\\Windows\\system32\\lsass.exe\r\nGrantedAccess: 0x1010\r\nCallTrace: C:\\Windows\\SYSTEM32\\ntdll.dll+9f3b4|C:\\Windows\\System32\\KERNELBASE.dll+2aafe|UNKNOWN(00007FFD0CD05138)\r\nSourceUser: WIN-30JS3HVHMAB\\Administrator\r\nTargetUser: NT AUTHORITY\\SYSTEM\""},"eventdata":{"utcTime":"2026-09-11 04:36:08.940","sourceProcessGUID":"{34dad77b-8538-6aa3-5001-000000001800}","sourceProcessId":"3748","sourceThreadId":"4176","sourceImage":"C:\\\\Windows\\\\System32\\\\WindowsPowerShell\\\\v1.0\\\\powershell.exe","targetProcessGUID":"{34dad77b-a699-6aa3-0c00-000000001800}","targetProcessId":"624","targetImage":"C:\\\\Windows\\\\system32\\\\lsass.exe","grantedAccess":"0x1010","callTrace":"C:\\\\Windows\\\\SYSTEM32\\\\ntdll.dll+9f3b4|C:\\\\Windows\\\\System32\\\\KERNELBASE.dll+2aafe|UNKNOWN(00007FFD0CD05138)","sourceUser":"WIN-30JS3HVHMAB\\\\Administrator","targetUser":"NT AUTHORITY\\\\SYSTEM"}}},"location":"EventChannel"}
{"timestamp":"2026-09-11T04:54:02.879+0000","rule":{"level":13,"description":"SOC LAB: Controlled Case14 PowerShell process obtained a read-capable handle to LSASS.","id":"100315","firedtimes":1,"mail":true,"groups":["local","soc_lab","sysmon","process_access","lsass","credential_access_investigation","case14","soc_lab"]},"agent":{"id":"002","name":"WINSERVER2022","ip":"192.168.100.30"},"manager":{"name":"soc01"},"id":"1789102442.1422262","full_log":"{\"win\":{\"system\":{\"providerName\":\"Microsoft-Windows-Sysmon\",\"providerGuid\":\"{5770385f-c22a-43e0-bf4c-06f5698ffbd9}\",\"eventID\":\"10\",\"version\":\"3\",\"level\":\"4\",\"task\":\"10\",\"opcode\":\"0\",\"keywords\":\"0x8000000000000000\",\"systemTime\":\"2026-09-11T04:54:01.1478843Z\",\"eventRecordID\":\"7919\",\"processID\":\"1896\",\"threadID\":\"3384\",\"channel\":\"Microsoft-Windows-Sysmon/Operational\",\"computer\":\"WIN-30JS3HVHMAB\",\"severityValue\":\"INFORMATION\",\"message\":\"\\\"Process accessed:\\r\\nRuleName: -\\r\\nUtcTime: 2026-09-11 04:54:01.098\\r\\nSourceProcessGUID: {34dad77b-8968-6aa3-5b01-000000001800}\\r\\nSourceProcessId: 4624\\r\\nSourceThreadId: 4160\\r\\nSourceImage: C:\\\\Windows\\\\System32\\\\WindowsPowerShell\\\\v1.0\\\\powershell.exe\\r\\nTargetProcessGUID: {34dad77b-a699-6aa3-0c00-000000001800}\\r\\nTargetProcessId: 624\\r\\nTargetImage: C:\\\\Windows\\\\system32\\\\lsass.exe\\r\\nGrantedAccess: 0x1010\\r\\nCallTrace: C:\\\\Windows\\\\SYSTEM32\\\\ntdll.dll+9f3b4|C:\\\\Windows\\\\System32\\\\KERNELBASE.dll+2aafe|UNKNOWN(00007FFD0CCF5138)\\r\\nSourceUser: WIN-30JS3HVHMAB\\\\Administrator\\r\\nTargetUser: NT AUTHORITY\\\\SYSTEM\\\"\"},\"eventdata\":{\"utcTime\":\"2026-09-11 04:54:01.098\",\"sourceProcessGUID\":\"{34dad77b-8968-6aa3-5b01-000000001800}\",\"sourceProcessId\":\"4624\",\"sourceThreadId\":\"4160\",\"sourceImage\":\"C:\\\\\\\\Windows\\\\\\\\System32\\\\\\\\WindowsPowerShell\\\\\\\\v1.0\\\\\\\\powershell.exe\",\"targetProcessGUID\":\"{34dad77b-a699-6aa3-0c00-000000001800}\",\"targetProcessId\":\"624\",\"targetImage\":\"C:\\\\\\\\Windows\\\\\\\\system32\\\\\\\\lsass.exe\",\"grantedAccess\":\"0x1010\",\"callTrace\":\"C:\\\\\\\\Windows\\\\\\\\SYSTEM32\\\\\\\\ntdll.dll+9f3b4|C:\\\\\\\\Windows\\\\\\\\System32\\\\\\\\KERNELBASE.dll+2aafe|UNKNOWN(00007FFD0CCF5138)\",\"sourceUser\":\"WIN-30JS3HVHMAB\\\\\\\\Administrator\",\"targetUser\":\"NT AUTHORITY\\\\\\\\SYSTEM\"}}}","decoder":{"name":"windows_eventchannel"},"data":{"win":{"system":{"providerName":"Microsoft-Windows-Sysmon","providerGuid":"{5770385f-c22a-43e0-bf4c-06f5698ffbd9}","eventID":"10","version":"3","level":"4","task":"10","opcode":"0","keywords":"0x8000000000000000","systemTime":"2026-09-11T04:54:01.1478843Z","eventRecordID":"7919","processID":"1896","threadID":"3384","channel":"Microsoft-Windows-Sysmon/Operational","computer":"WIN-30JS3HVHMAB","severityValue":"INFORMATION","message":"\"Process accessed:\r\nRuleName: -\r\nUtcTime: 2026-09-11 04:54:01.098\r\nSourceProcessGUID: {34dad77b-8968-6aa3-5b01-000000001800}\r\nSourceProcessId: 4624\r\nSourceThreadId: 4160\r\nSourceImage: C:\\Windows\\System32\\WindowsPowerShell\\v1.0\\powershell.exe\r\nTargetProcessGUID: {34dad77b-a699-6aa3-0c00-000000001800}\r\nTargetProcessId: 624\r\nTargetImage: C:\\Windows\\system32\\lsass.exe\r\nGrantedAccess: 0x1010\r\nCallTrace: C:\\Windows\\SYSTEM32\\ntdll.dll+9f3b4|C:\\Windows\\System32\\KERNELBASE.dll+2aafe|UNKNOWN(00007FFD0CCF5138)\r\nSourceUser: WIN-30JS3HVHMAB\\Administrator\r\nTargetUser: NT AUTHORITY\\SYSTEM\""},"eventdata":{"utcTime":"2026-09-11 04:54:01.098","sourceProcessGUID":"{34dad77b-8968-6aa3-5b01-000000001800}","sourceProcessId":"4624","sourceThreadId":"4160","sourceImage":"C:\\\\Windows\\\\System32\\\\WindowsPowerShell\\\\v1.0\\\\powershell.exe","targetProcessGUID":"{34dad77b-a699-6aa3-0c00-000000001800}","targetProcessId":"624","targetImage":"C:\\\\Windows\\\\system32\\\\lsass.exe","grantedAccess":"0x1010","callTrace":"C:\\\\Windows\\\\SYSTEM32\\\\ntdll.dll+9f3b4|C:\\\\Windows\\\\System32\\\\KERNELBASE.dll+2aafe|UNKNOWN(00007FFD0CCF5138)","sourceUser":"WIN-30JS3HVHMAB\\\\Administrator","targetUser":"NT AUTHORITY\\\\SYSTEM"}}},"location":"EventChannel"}
{"timestamp":"2026-09-11T05:04:19.807+0000","rule":{"level":13,"description":"SOC LAB: Controlled Case14 PowerShell process obtained a read-capable handle to LSASS.","id":"100315","firedtimes":1,"mail":true,"groups":["local","soc_lab","sysmon","process_access","lsass","credential_access_investigation","case14","soc_lab"]},"agent":{"id":"002","name":"WINSERVER2022","ip":"192.168.100.30"},"manager":{"name":"soc01"},"id":"1789103059.1458424","full_log":"{\"win\":{\"system\":{\"providerName\":\"Microsoft-Windows-Sysmon\",\"providerGuid\":\"{5770385f-c22a-43e0-bf4c-06f5698ffbd9}\",\"eventID\":\"10\",\"version\":\"3\",\"level\":\"4\",\"task\":\"10\",\"opcode\":\"0\",\"keywords\":\"0x8000000000000000\",\"systemTime\":\"2026-09-11T05:04:18.8437351Z\",\"eventRecordID\":\"8196\",\"processID\":\"1896\",\"threadID\":\"3384\",\"channel\":\"Microsoft-Windows-Sysmon/Operational\",\"computer\":\"WIN-30JS3HVHMAB\",\"severityValue\":\"INFORMATION\",\"message\":\"\\\"Process accessed:\\r\\nRuleName: -\\r\\nUtcTime: 2026-09-11 05:04:18.803\\r\\nSourceProcessGUID: {34dad77b-8bd2-6aa3-6901-000000001800}\\r\\nSourceProcessId: 1152\\r\\nSourceThreadId: 1716\\r\\nSourceImage: C:\\\\Windows\\\\System32\\\\WindowsPowerShell\\\\v1.0\\\\powershell.exe\\r\\nTargetProcessGUID: {34dad77b-a699-6aa3-0c00-000000001800}\\r\\nTargetProcessId: 624\\r\\nTargetImage: C:\\\\Windows\\\\system32\\\\lsass.exe\\r\\nGrantedAccess: 0x1010\\r\\nCallTrace: C:\\\\Windows\\\\SYSTEM32\\\\ntdll.dll+9f3b4|C:\\\\Windows\\\\System32\\\\KERNELBASE.dll+2aafe|UNKNOWN(00007FFD0CCF5138)\\r\\nSourceUser: WIN-30JS3HVHMAB\\\\Administrator\\r\\nTargetUser: NT AUTHORITY\\\\SYSTEM\\\"\"},\"eventdata\":{\"utcTime\":\"2026-09-11 05:04:18.803\",\"sourceProcessGUID\":\"{34dad77b-8bd2-6aa3-6901-000000001800}\",\"sourceProcessId\":\"1152\",\"sourceThreadId\":\"1716\",\"sourceImage\":\"C:\\\\\\\\Windows\\\\\\\\System32\\\\\\\\WindowsPowerShell\\\\\\\\v1.0\\\\\\\\powershell.exe\",\"targetProcessGUID\":\"{34dad77b-a699-6aa3-0c00-000000001800}\",\"targetProcessId\":\"624\",\"targetImage\":\"C:\\\\\\\\Windows\\\\\\\\system32\\\\\\\\lsass.exe\",\"grantedAccess\":\"0x1010\",\"callTrace\":\"C:\\\\\\\\Windows\\\\\\\\SYSTEM32\\\\\\\\ntdll.dll+9f3b4|C:\\\\\\\\Windows\\\\\\\\System32\\\\\\\\KERNELBASE.dll+2aafe|UNKNOWN(00007FFD0CCF5138)\",\"sourceUser\":\"WIN-30JS3HVHMAB\\\\\\\\Administrator\",\"targetUser\":\"NT AUTHORITY\\\\\\\\SYSTEM\"}}}","decoder":{"name":"windows_eventchannel"},"data":{"win":{"system":{"providerName":"Microsoft-Windows-Sysmon","providerGuid":"{5770385f-c22a-43e0-bf4c-06f5698ffbd9}","eventID":"10","version":"3","level":"4","task":"10","opcode":"0","keywords":"0x8000000000000000","systemTime":"2026-09-11T05:04:18.8437351Z","eventRecordID":"8196","processID":"1896","threadID":"3384","channel":"Microsoft-Windows-Sysmon/Operational","computer":"WIN-30JS3HVHMAB","severityValue":"INFORMATION","message":"\"Process accessed:\r\nRuleName: -\r\nUtcTime: 2026-09-11 05:04:18.803\r\nSourceProcessGUID: {34dad77b-8bd2-6aa3-6901-000000001800}\r\nSourceProcessId: 1152\r\nSourceThreadId: 1716\r\nSourceImage: C:\\Windows\\System32\\WindowsPowerShell\\v1.0\\powershell.exe\r\nTargetProcessGUID: {34dad77b-a699-6aa3-0c00-000000001800}\r\nTargetProcessId: 624\r\nTargetImage: C:\\Windows\\system32\\lsass.exe\r\nGrantedAccess: 0x1010\r\nCallTrace: C:\\Windows\\SYSTEM32\\ntdll.dll+9f3b4|C:\\Windows\\System32\\KERNELBASE.dll+2aafe|UNKNOWN(00007FFD0CCF5138)\r\nSourceUser: WIN-30JS3HVHMAB\\Administrator\r\nTargetUser: NT AUTHORITY\\SYSTEM\""},"eventdata":{"utcTime":"2026-09-11 05:04:18.803","sourceProcessGUID":"{34dad77b-8bd2-6aa3-6901-000000001800}","sourceProcessId":"1152","sourceThreadId":"1716","sourceImage":"C:\\\\Windows\\\\System32\\\\WindowsPowerShell\\\\v1.0\\\\powershell.exe","targetProcessGUID":"{34dad77b-a699-6aa3-0c00-000000001800}","targetProcessId":"624","targetImage":"C:\\\\Windows\\\\system32\\\\lsass.exe","grantedAccess":"0x1010","callTrace":"C:\\\\Windows\\\\SYSTEM32\\\\ntdll.dll+9f3b4|C:\\\\Windows\\\\System32\\\\KERNELBASE.dll+2aafe|UNKNOWN(00007FFD0CCF5138)","sourceUser":"WIN-30JS3HVHMAB\\\\Administrator","targetUser":"NT AUTHORITY\\\\SYSTEM"}}},"location":"EventChannel"}
