{"timestamp":"2026-09-11T05:12:50.526+0000","rule":{"level":8,"description":"SOC LAB: Controlled Case14 PowerShell Add-Type compilation observed before LSASS access.","id":"100310","firedtimes":1,"mail":false,"groups":["local","soc_lab","sysmon","process_creation","powershell","csc","case14","soc_lab"]},"agent":{"id":"002","name":"WINSERVER2022","ip":"192.168.100.30"},"manager":{"name":"soc01"},"id":"1789103570.1484583","full_log":"{\"win\":{\"system\":{\"providerName\":\"Microsoft-Windows-Sysmon\",\"providerGuid\":\"{5770385f-c22a-43e0-bf4c-06f5698ffbd9}\",\"eventID\":\"1\",\"version\":\"5\",\"level\":\"4\",\"task\":\"1\",\"opcode\":\"0\",\"keywords\":\"0x8000000000000000\",\"systemTime\":\"2026-09-11T05:12:49.6834135Z\",\"eventRecordID\":\"8410\",\"processID\":\"1896\",\"threadID\":\"3384\",\"channel\":\"Microsoft-Windows-Sysmon/Operational\",\"computer\":\"WIN-30JS3HVHMAB\",\"severityValue\":\"INFORMATION\",\"message\":\"\\\"Process Create:\\r\\nRuleName: -\\r\\nUtcTime: 2026-09-11 05:12:49.659\\r\\nProcessGuid: {34dad77b-8dd1-6aa3-7201-000000001800}\\r\\nProcessId: 4544\\r\\nImage: C:\\\\Windows\\\\Microsoft.NET\\\\Framework64\\\\v4.0.30319\\\\csc.exe\\r\\nFileVersion: 4.8.4161.0 built by: NET48REL1\\r\\nDescription: Visual C# Command Line Compiler\\r\\nProduct: Microsoft® .NET Framework\\r\\nCompany: Microsoft Corporation\\r\\nOriginalFileName: csc.exe\\r\\nCommandLine: \\\"C:\\\\Windows\\\\Microsoft.NET\\\\Framework64\\\\v4.0.30319\\\\csc.exe\\\" /noconfig /fullpaths @\\\"C:\\\\Users\\\\Administrator\\\\AppData\\\\Local\\\\Temp\\\\1\\\\ovwfv0c0\\\\ovwfv0c0.cmdline\\\"\\r\\nCurrentDirectory: C:\\\\Tools\\\\Sysmon\\\\\\r\\nUser: WIN-30JS3HVHMAB\\\\Administrator\\r\\nLogonGuid: {34dad77b-77ab-6aa3-e84c-180000000000}\\r\\nLogonId: 0x184CE8\\r\\nTerminalSessionId: 1\\r\\nIntegrityLevel: High\\r\\nHashes: SHA256=ADEDA78A951529462F9411E016C1A1B87DDFD94C55912CBD2957817F39929AF1\\r\\nParentProcessGuid: {34dad77b-8dd1-6aa3-7101-000000001800}\\r\\nParentProcessId: 1884\\r\\nParentImage: C:\\\\Windows\\\\System32\\\\WindowsPowerShell\\\\v1.0\\\\powershell.exe\\r\\nParentCommandLine: \\\"C:\\\\Windows\\\\System32\\\\WindowsPowerShell\\\\v1.0\\\\powershell.exe\\\" -NoProfile -ExecutionPolicy Bypass -File C:\\\\Tools\\\\Sysmon\\\\case14-lsass-access-20260910-221243.ps1\\r\\nParentUser: WIN-30JS3HVHMAB\\\\Administrator\\\"\"},\"eventdata\":{\"utcTime\":\"2026-09-11 05:12:49.659\",\"processGuid\":\"{34dad77b-8dd1-6aa3-7201-000000001800}\",\"processId\":\"4544\",\"image\":\"C:\\\\\\\\Windows\\\\\\\\Microsoft.NET\\\\\\\\Framework64\\\\\\\\v4.0.30319\\\\\\\\csc.exe\",\"fileVersion\":\"4.8.4161.0 built by: NET48REL1\",\"description\":\"Visual C# Command Line Compiler\",\"product\":\"Microsoft® .NET Framework\",\"company\":\"Microsoft Corporation\",\"originalFileName\":\"csc.exe\",\"commandLine\":\"\\\\\\\"C:\\\\\\\\Windows\\\\\\\\Microsoft.NET\\\\\\\\Framework64\\\\\\\\v4.0.30319\\\\\\\\csc.exe\\\\\\\" /noconfig /fullpaths @\\\\\\\"C:\\\\\\\\Users\\\\\\\\Administrator\\\\\\\\AppData\\\\\\\\Local\\\\\\\\Temp\\\\\\\\1\\\\\\\\ovwfv0c0\\\\\\\\ovwfv0c0.cmdline\\\\\\\"\",\"currentDirectory\":\"C:\\\\\\\\Tools\\\\\\\\Sysmon\\\\\\\\\",\"user\":\"WIN-30JS3HVHMAB\\\\\\\\Administrator\",\"logonGuid\":\"{34dad77b-77ab-6aa3-e84c-180000000000}\",\"logonId\":\"0x184ce8\",\"terminalSessionId\":\"1\",\"integrityLevel\":\"High\",\"hashes\":\"SHA256=ADEDA78A951529462F9411E016C1A1B87DDFD94C55912CBD2957817F39929AF1\",\"parentProcessGuid\":\"{34dad77b-8dd1-6aa3-7101-000000001800}\",\"parentProcessId\":\"1884\",\"parentImage\":\"C:\\\\\\\\Windows\\\\\\\\System32\\\\\\\\WindowsPowerShell\\\\\\\\v1.0\\\\\\\\powershell.exe\",\"parentCommandLine\":\"\\\\\\\"C:\\\\\\\\Windows\\\\\\\\System32\\\\\\\\WindowsPowerShell\\\\\\\\v1.0\\\\\\\\powershell.exe\\\\\\\" -NoProfile -ExecutionPolicy Bypass -File C:\\\\\\\\Tools\\\\\\\\Sysmon\\\\\\\\case14-lsass-access-20260910-221243.ps1\",\"parentUser\":\"WIN-30JS3HVHMAB\\\\\\\\Administrator\"}}}","decoder":{"name":"windows_eventchannel"},"data":{"win":{"system":{"providerName":"Microsoft-Windows-Sysmon","providerGuid":"{5770385f-c22a-43e0-bf4c-06f5698ffbd9}","eventID":"1","version":"5","level":"4","task":"1","opcode":"0","keywords":"0x8000000000000000","systemTime":"2026-09-11T05:12:49.6834135Z","eventRecordID":"8410","processID":"1896","threadID":"3384","channel":"Microsoft-Windows-Sysmon/Operational","computer":"WIN-30JS3HVHMAB","severityValue":"INFORMATION","message":"\"Process Create:\r\nRuleName: -\r\nUtcTime: 2026-09-11 05:12:49.659\r\nProcessGuid: {34dad77b-8dd1-6aa3-7201-000000001800}\r\nProcessId: 4544\r\nImage: C:\\Windows\\Microsoft.NET\\Framework64\\v4.0.30319\\csc.exe\r\nFileVersion: 4.8.4161.0 built by: NET48REL1\r\nDescription: Visual C# Command Line Compiler\r\nProduct: Microsoft® .NET Framework\r\nCompany: Microsoft Corporation\r\nOriginalFileName: csc.exe\r\nCommandLine: \"C:\\Windows\\Microsoft.NET\\Framework64\\v4.0.30319\\csc.exe\" /noconfig /fullpaths @\"C:\\Users\\Administrator\\AppData\\Local\\Temp\\1\\ovwfv0c0\\ovwfv0c0.cmdline\"\r\nCurrentDirectory: C:\\Tools\\Sysmon\\\r\nUser: WIN-30JS3HVHMAB\\Administrator\r\nLogonGuid: {34dad77b-77ab-6aa3-e84c-180000000000}\r\nLogonId: 0x184CE8\r\nTerminalSessionId: 1\r\nIntegrityLevel: High\r\nHashes: SHA256=ADEDA78A951529462F9411E016C1A1B87DDFD94C55912CBD2957817F39929AF1\r\nParentProcessGuid: {34dad77b-8dd1-6aa3-7101-000000001800}\r\nParentProcessId: 1884\r\nParentImage: C:\\Windows\\System32\\WindowsPowerShell\\v1.0\\powershell.exe\r\nParentCommandLine: \"C:\\Windows\\System32\\WindowsPowerShell\\v1.0\\powershell.exe\" -NoProfile -ExecutionPolicy Bypass -File C:\\Tools\\Sysmon\\case14-lsass-access-20260910-221243.ps1\r\nParentUser: WIN-30JS3HVHMAB\\Administrator\""},"eventdata":{"utcTime":"2026-09-11 05:12:49.659","processGuid":"{34dad77b-8dd1-6aa3-7201-000000001800}","processId":"4544","image":"C:\\\\Windows\\\\Microsoft.NET\\\\Framework64\\\\v4.0.30319\\\\csc.exe","fileVersion":"4.8.4161.0 built by: NET48REL1","description":"Visual C# Command Line Compiler","product":"Microsoft® .NET Framework","company":"Microsoft Corporation","originalFileName":"csc.exe","commandLine":"\\\"C:\\\\Windows\\\\Microsoft.NET\\\\Framework64\\\\v4.0.30319\\\\csc.exe\\\" /noconfig /fullpaths @\\\"C:\\\\Users\\\\Administrator\\\\AppData\\\\Local\\\\Temp\\\\1\\\\ovwfv0c0\\\\ovwfv0c0.cmdline\\\"","currentDirectory":"C:\\\\Tools\\\\Sysmon\\\\","user":"WIN-30JS3HVHMAB\\\\Administrator","logonGuid":"{34dad77b-77ab-6aa3-e84c-180000000000}","logonId":"0x184ce8","terminalSessionId":"1","integrityLevel":"High","hashes":"SHA256=ADEDA78A951529462F9411E016C1A1B87DDFD94C55912CBD2957817F39929AF1","parentProcessGuid":"{34dad77b-8dd1-6aa3-7101-000000001800}","parentProcessId":"1884","parentImage":"C:\\\\Windows\\\\System32\\\\WindowsPowerShell\\\\v1.0\\\\powershell.exe","parentCommandLine":"\\\"C:\\\\Windows\\\\System32\\\\WindowsPowerShell\\\\v1.0\\\\powershell.exe\\\" -NoProfile -ExecutionPolicy Bypass -File C:\\\\Tools\\\\Sysmon\\\\case14-lsass-access-20260910-221243.ps1","parentUser":"WIN-30JS3HVHMAB\\\\Administrator"}}},"location":"EventChannel"}
{"timestamp":"2026-09-11T05:12:50.748+0000","rule":{"level":15,"description":"SOC LAB: Controlled Case14 PowerShell execution was followed by read-capable LSASS process access.","id":"100320","mitre":{"id":["T1059.001"],"tactic":["Execution"],"technique":["PowerShell"]},"frequency":2,"firedtimes":1,"mail":true,"groups":["local","soc_lab","correlation","sysmon","powershell","lsass","credential_access_investigation","case14","soc_lab"]},"agent":{"id":"002","name":"WINSERVER2022","ip":"192.168.100.30"},"manager":{"name":"soc01"},"id":"1789103570.1493951","full_log":"{\"win\":{\"system\":{\"providerName\":\"Microsoft-Windows-Sysmon\",\"providerGuid\":\"{5770385f-c22a-43e0-bf4c-06f5698ffbd9}\",\"eventID\":\"10\",\"version\":\"3\",\"level\":\"4\",\"task\":\"10\",\"opcode\":\"0\",\"keywords\":\"0x8000000000000000\",\"systemTime\":\"2026-09-11T05:12:49.8223005Z\",\"eventRecordID\":\"8418\",\"processID\":\"1896\",\"threadID\":\"3384\",\"channel\":\"Microsoft-Windows-Sysmon/Operational\",\"computer\":\"WIN-30JS3HVHMAB\",\"severityValue\":\"INFORMATION\",\"message\":\"\\\"Process accessed:\\r\\nRuleName: -\\r\\nUtcTime: 2026-09-11 05:12:49.756\\r\\nSourceProcessGUID: {34dad77b-8dd1-6aa3-7101-000000001800}\\r\\nSourceProcessId: 1884\\r\\nSourceThreadId: 1080\\r\\nSourceImage: C:\\\\Windows\\\\System32\\\\WindowsPowerShell\\\\v1.0\\\\powershell.exe\\r\\nTargetProcessGUID: {34dad77b-a699-6aa3-0c00-000000001800}\\r\\nTargetProcessId: 624\\r\\nTargetImage: C:\\\\Windows\\\\system32\\\\lsass.exe\\r\\nGrantedAccess: 0x1010\\r\\nCallTrace: C:\\\\Windows\\\\SYSTEM32\\\\ntdll.dll+9f3b4|C:\\\\Windows\\\\System32\\\\KERNELBASE.dll+2aafe|UNKNOWN(00007FFD0CCE5138)\\r\\nSourceUser: WIN-30JS3HVHMAB\\\\Administrator\\r\\nTargetUser: NT AUTHORITY\\\\SYSTEM\\\"\"},\"eventdata\":{\"utcTime\":\"2026-09-11 05:12:49.756\",\"sourceProcessGUID\":\"{34dad77b-8dd1-6aa3-7101-000000001800}\",\"sourceProcessId\":\"1884\",\"sourceThreadId\":\"1080\",\"sourceImage\":\"C:\\\\\\\\Windows\\\\\\\\System32\\\\\\\\WindowsPowerShell\\\\\\\\v1.0\\\\\\\\powershell.exe\",\"targetProcessGUID\":\"{34dad77b-a699-6aa3-0c00-000000001800}\",\"targetProcessId\":\"624\",\"targetImage\":\"C:\\\\\\\\Windows\\\\\\\\system32\\\\\\\\lsass.exe\",\"grantedAccess\":\"0x1010\",\"callTrace\":\"C:\\\\\\\\Windows\\\\\\\\SYSTEM32\\\\\\\\ntdll.dll+9f3b4|C:\\\\\\\\Windows\\\\\\\\System32\\\\\\\\KERNELBASE.dll+2aafe|UNKNOWN(00007FFD0CCE5138)\",\"sourceUser\":\"WIN-30JS3HVHMAB\\\\\\\\Administrator\",\"targetUser\":\"NT AUTHORITY\\\\\\\\SYSTEM\"}}}","decoder":{"name":"windows_eventchannel"},"data":{"win":{"system":{"providerName":"Microsoft-Windows-Sysmon","providerGuid":"{5770385f-c22a-43e0-bf4c-06f5698ffbd9}","eventID":"10","version":"3","level":"4","task":"10","opcode":"0","keywords":"0x8000000000000000","systemTime":"2026-09-11T05:12:49.8223005Z","eventRecordID":"8418","processID":"1896","threadID":"3384","channel":"Microsoft-Windows-Sysmon/Operational","computer":"WIN-30JS3HVHMAB","severityValue":"INFORMATION","message":"\"Process accessed:\r\nRuleName: -\r\nUtcTime: 2026-09-11 05:12:49.756\r\nSourceProcessGUID: {34dad77b-8dd1-6aa3-7101-000000001800}\r\nSourceProcessId: 1884\r\nSourceThreadId: 1080\r\nSourceImage: C:\\Windows\\System32\\WindowsPowerShell\\v1.0\\powershell.exe\r\nTargetProcessGUID: {34dad77b-a699-6aa3-0c00-000000001800}\r\nTargetProcessId: 624\r\nTargetImage: C:\\Windows\\system32\\lsass.exe\r\nGrantedAccess: 0x1010\r\nCallTrace: C:\\Windows\\SYSTEM32\\ntdll.dll+9f3b4|C:\\Windows\\System32\\KERNELBASE.dll+2aafe|UNKNOWN(00007FFD0CCE5138)\r\nSourceUser: WIN-30JS3HVHMAB\\Administrator\r\nTargetUser: NT AUTHORITY\\SYSTEM\""},"eventdata":{"utcTime":"2026-09-11 05:12:49.756","sourceProcessGUID":"{34dad77b-8dd1-6aa3-7101-000000001800}","sourceProcessId":"1884","sourceThreadId":"1080","sourceImage":"C:\\\\Windows\\\\System32\\\\WindowsPowerShell\\\\v1.0\\\\powershell.exe","targetProcessGUID":"{34dad77b-a699-6aa3-0c00-000000001800}","targetProcessId":"624","targetImage":"C:\\\\Windows\\\\system32\\\\lsass.exe","grantedAccess":"0x1010","callTrace":"C:\\\\Windows\\\\SYSTEM32\\\\ntdll.dll+9f3b4|C:\\\\Windows\\\\System32\\\\KERNELBASE.dll+2aafe|UNKNOWN(00007FFD0CCE5138)","sourceUser":"WIN-30JS3HVHMAB\\\\Administrator","targetUser":"NT AUTHORITY\\\\SYSTEM"}}},"location":"EventChannel"}
