{"timestamp":"2026-09-17T05:03:09.424+0000","rule":{"level":4,"description":"Command shell started script with /c modifier","id":"92005","mitre":{"id":["T1059"],"tactic":["Execution"],"technique":["Command and Scripting Interpreter"]},"firedtimes":1,"mail":false,"groups":["sysmon","sysmon_eid1_detections","windows"]},"agent":{"id":"002","name":"WINSERVER2022","ip":"192.168.100.30"},"manager":{"name":"soc01"},"id":"1789621389.6610210","decoder":{"name":"windows_eventchannel"},"data":{"win":{"system":{"providerName":"Microsoft-Windows-Sysmon","providerGuid":"{5770385f-c22a-43e0-bf4c-06f5698ffbd9}","eventID":"1","version":"5","level":"4","task":"1","opcode":"0","keywords":"0x8000000000000000","systemTime":"2026-09-17T05:03:04.3032865Z","eventRecordID":"15252","processID":"888","threadID":"3676","channel":"Microsoft-Windows-Sysmon/Operational","computer":"WIN-30JS3HVHMAB","severityValue":"INFORMATION","message":"\"Process Create:\r\nRuleName: -\r\nUtcTime: 2026-09-17 05:03:04.292\r\nProcessGuid: {34dad77b-7488-6aab-0d02-000000001900}\r\nProcessId: 3572\r\nImage: C:\\Windows\\System32\\cmd.exe\r\nFileVersion: 10.0.20348.1 (WinBuild.160101.0800)\r\nDescription: Windows Command Processor\r\nProduct: Microsoft® Windows® Operating System\r\nCompany: Microsoft Corporation\r\nOriginalFileName: Cmd.Exe\r\nCommandLine: cmd.exe /c C:\\Users\\Public\\case15-user-actions-20260916-220147.cmd > C:\\Users\\Public\\case15-user-actions-20260916-220147.txt 2>&1\r\nCurrentDirectory: C:\\Windows\\system32\\\r\nUser: WIN-30JS3HVHMAB\\soccase15\r\nLogonGuid: {34dad77b-7488-6aab-9f91-4b0000000000}\r\nLogonId: 0x4B919F\r\nTerminalSessionId: 1\r\nIntegrityLevel: Medium\r\nHashes: SHA256=EB71EA69DD19F728AB9240565E8C7EFB59821E19E3788E289301E1E74940C208\r\nParentProcessGuid: {34dad77b-7482-6aab-0c02-000000001900}\r\nParentProcessId: 5692\r\nParentImage: C:\\Windows\\System32\\runas.exe\r\nParentCommandLine: \"C:\\Windows\\system32\\runas.exe\" /user:WIN-30JS3HVHMAB\\soccase15 \"cmd.exe /c C:\\Users\\Public\\case15-user-actions-20260916-220147.cmd > C:\\Users\\Public\\case15-user-actions-20260916-220147.txt 2>&1\"\r\nParentUser: WIN-30JS3HVHMAB\\Administrator\""},"eventdata":{"utcTime":"2026-09-17 05:03:04.292","processGuid":"{34dad77b-7488-6aab-0d02-000000001900}","processId":"3572","image":"C:\\\\Windows\\\\System32\\\\cmd.exe","fileVersion":"10.0.20348.1 (WinBuild.160101.0800)","description":"Windows Command Processor","product":"Microsoft® Windows® Operating System","company":"Microsoft Corporation","originalFileName":"Cmd.Exe","commandLine":"cmd.exe /c C:\\\\Users\\\\Public\\\\case15-user-actions-20260916-220147.cmd &gt; C:\\\\Users\\\\Public\\\\case15-user-actions-20260916-220147.txt 2&gt;&amp;1","currentDirectory":"C:\\\\Windows\\\\system32\\\\","user":"WIN-30JS3HVHMAB\\\\soccase15","logonGuid":"{34dad77b-7488-6aab-9f91-4b0000000000}","logonId":"0x4b919f","terminalSessionId":"1","integrityLevel":"Medium","hashes":"SHA256=EB71EA69DD19F728AB9240565E8C7EFB59821E19E3788E289301E1E74940C208","parentProcessGuid":"{34dad77b-7482-6aab-0c02-000000001900}","parentProcessId":"5692","parentImage":"C:\\\\Windows\\\\System32\\\\runas.exe","parentCommandLine":"\\\"C:\\\\Windows\\\\system32\\\\runas.exe\\\" /user:WIN-30JS3HVHMAB\\\\soccase15 \\\"cmd.exe /c C:\\\\Users\\\\Public\\\\case15-user-actions-20260916-220147.cmd &gt; C:\\\\Users\\\\Public\\\\case15-user-actions-20260916-220147.txt 2&gt;&amp;1\\\"","parentUser":"WIN-30JS3HVHMAB\\\\Administrator"}}},"location":"EventChannel"}
{"timestamp":"2026-09-17T05:03:09.486+0000","rule":{"level":3,"description":"Suspicious Windows cmd shell execution","id":"92032","mitre":{"id":["T1087","T1059.003"],"tactic":["Discovery","Execution"],"technique":["Account Discovery","Windows Command Shell"]},"firedtimes":1,"mail":false,"groups":["sysmon","sysmon_eid1_detections","windows"]},"agent":{"id":"002","name":"WINSERVER2022","ip":"192.168.100.30"},"manager":{"name":"soc01"},"id":"1789621389.6624467","decoder":{"name":"windows_eventchannel"},"data":{"win":{"system":{"providerName":"Microsoft-Windows-Sysmon","providerGuid":"{5770385f-c22a-43e0-bf4c-06f5698ffbd9}","eventID":"1","version":"5","level":"4","task":"1","opcode":"0","keywords":"0x8000000000000000","systemTime":"2026-09-17T05:03:04.3103344Z","eventRecordID":"15253","processID":"888","threadID":"3676","channel":"Microsoft-Windows-Sysmon/Operational","computer":"WIN-30JS3HVHMAB","severityValue":"INFORMATION","message":"\"Process Create:\r\nRuleName: -\r\nUtcTime: 2026-09-17 05:03:04.308\r\nProcessGuid: {34dad77b-7488-6aab-0e02-000000001900}\r\nProcessId: 6120\r\nImage: C:\\Windows\\System32\\conhost.exe\r\nFileVersion: 10.0.20348.558 (WinBuild.160101.0800)\r\nDescription: Console Window Host\r\nProduct: Microsoft® Windows® Operating System\r\nCompany: Microsoft Corporation\r\nOriginalFileName: CONHOST.EXE\r\nCommandLine: \\??\\C:\\Windows\\system32\\conhost.exe 0xffffffff -ForceV1\r\nCurrentDirectory: C:\\Windows\r\nUser: WIN-30JS3HVHMAB\\soccase15\r\nLogonGuid: {34dad77b-7488-6aab-9f91-4b0000000000}\r\nLogonId: 0x4B919F\r\nTerminalSessionId: 1\r\nIntegrityLevel: Medium\r\nHashes: SHA256=6B481D656414C50D8BD0BEDCD615AEAF2F5F68576CB6732A9548E0DA87729733\r\nParentProcessGuid: {34dad77b-7488-6aab-0d02-000000001900}\r\nParentProcessId: 3572\r\nParentImage: C:\\Windows\\System32\\cmd.exe\r\nParentCommandLine: cmd.exe /c C:\\Users\\Public\\case15-user-actions-20260916-220147.cmd > C:\\Users\\Public\\case15-user-actions-20260916-220147.txt 2>&1\r\nParentUser: WIN-30JS3HVHMAB\\soccase15\""},"eventdata":{"utcTime":"2026-09-17 05:03:04.308","processGuid":"{34dad77b-7488-6aab-0e02-000000001900}","processId":"6120","image":"C:\\\\Windows\\\\System32\\\\conhost.exe","fileVersion":"10.0.20348.558 (WinBuild.160101.0800)","description":"Console Window Host","product":"Microsoft® Windows® Operating System","company":"Microsoft Corporation","originalFileName":"CONHOST.EXE","commandLine":"\\\\??\\\\C:\\\\Windows\\\\system32\\\\conhost.exe 0xffffffff -ForceV1","currentDirectory":"C:\\\\Windows","user":"WIN-30JS3HVHMAB\\\\soccase15","logonGuid":"{34dad77b-7488-6aab-9f91-4b0000000000}","logonId":"0x4b919f","terminalSessionId":"1","integrityLevel":"Medium","hashes":"SHA256=6B481D656414C50D8BD0BEDCD615AEAF2F5F68576CB6732A9548E0DA87729733","parentProcessGuid":"{34dad77b-7488-6aab-0d02-000000001900}","parentProcessId":"3572","parentImage":"C:\\\\Windows\\\\System32\\\\cmd.exe","parentCommandLine":"cmd.exe /c C:\\\\Users\\\\Public\\\\case15-user-actions-20260916-220147.cmd &gt; C:\\\\Users\\\\Public\\\\case15-user-actions-20260916-220147.txt 2&gt;&amp;1","parentUser":"WIN-30JS3HVHMAB\\\\soccase15"}}},"location":"EventChannel"}
{"timestamp":"2026-09-17T05:03:09.614+0000","rule":{"level":3,"description":"Suspicious Windows cmd shell execution","id":"92032","mitre":{"id":["T1087","T1059.003"],"tactic":["Discovery","Execution"],"technique":["Account Discovery","Windows Command Shell"]},"firedtimes":2,"mail":false,"groups":["sysmon","sysmon_eid1_detections","windows"]},"agent":{"id":"002","name":"WINSERVER2022","ip":"192.168.100.30"},"manager":{"name":"soc01"},"id":"1789621389.6630158","decoder":{"name":"windows_eventchannel"},"data":{"win":{"system":{"providerName":"Microsoft-Windows-Sysmon","providerGuid":"{5770385f-c22a-43e0-bf4c-06f5698ffbd9}","eventID":"1","version":"5","level":"4","task":"1","opcode":"0","keywords":"0x8000000000000000","systemTime":"2026-09-17T05:03:04.4365963Z","eventRecordID":"15256","processID":"888","threadID":"3676","channel":"Microsoft-Windows-Sysmon/Operational","computer":"WIN-30JS3HVHMAB","severityValue":"INFORMATION","message":"\"Process Create:\r\nRuleName: -\r\nUtcTime: 2026-09-17 05:03:04.429\r\nProcessGuid: {34dad77b-7488-6aab-0f02-000000001900}\r\nProcessId: 3276\r\nImage: C:\\Windows\\System32\\whoami.exe\r\nFileVersion: 10.0.20348.1 (WinBuild.160101.0800)\r\nDescription: whoami - displays logged on user information\r\nProduct: Microsoft® Windows® Operating System\r\nCompany: Microsoft Corporation\r\nOriginalFileName: whoami.exe\r\nCommandLine: whoami\r\nCurrentDirectory: C:\\Windows\\system32\\\r\nUser: WIN-30JS3HVHMAB\\soccase15\r\nLogonGuid: {34dad77b-7488-6aab-9f91-4b0000000000}\r\nLogonId: 0x4B919F\r\nTerminalSessionId: 1\r\nIntegrityLevel: Medium\r\nHashes: SHA256=A703FCBC2159F86FD6F7BDFDCB6140042EECE715B108DE843575B5D688ADFBF5\r\nParentProcessGuid: {34dad77b-7488-6aab-0d02-000000001900}\r\nParentProcessId: 3572\r\nParentImage: C:\\Windows\\System32\\cmd.exe\r\nParentCommandLine: cmd.exe /c C:\\Users\\Public\\case15-user-actions-20260916-220147.cmd > C:\\Users\\Public\\case15-user-actions-20260916-220147.txt 2>&1\r\nParentUser: WIN-30JS3HVHMAB\\soccase15\""},"eventdata":{"utcTime":"2026-09-17 05:03:04.429","processGuid":"{34dad77b-7488-6aab-0f02-000000001900}","processId":"3276","image":"C:\\\\Windows\\\\System32\\\\whoami.exe","fileVersion":"10.0.20348.1 (WinBuild.160101.0800)","description":"whoami - displays logged on user information","product":"Microsoft® Windows® Operating System","company":"Microsoft Corporation","originalFileName":"whoami.exe","commandLine":"whoami","currentDirectory":"C:\\\\Windows\\\\system32\\\\","user":"WIN-30JS3HVHMAB\\\\soccase15","logonGuid":"{34dad77b-7488-6aab-9f91-4b0000000000}","logonId":"0x4b919f","terminalSessionId":"1","integrityLevel":"Medium","hashes":"SHA256=A703FCBC2159F86FD6F7BDFDCB6140042EECE715B108DE843575B5D688ADFBF5","parentProcessGuid":"{34dad77b-7488-6aab-0d02-000000001900}","parentProcessId":"3572","parentImage":"C:\\\\Windows\\\\System32\\\\cmd.exe","parentCommandLine":"cmd.exe /c C:\\\\Users\\\\Public\\\\case15-user-actions-20260916-220147.cmd &gt; C:\\\\Users\\\\Public\\\\case15-user-actions-20260916-220147.txt 2&gt;&amp;1","parentUser":"WIN-30JS3HVHMAB\\\\soccase15"}}},"location":"EventChannel"}
{"timestamp":"2026-09-17T05:03:09.643+0000","rule":{"level":8,"description":"SOC LAB: Standard user modified SOC_CASE15 service configuration to execute the controlled marker script.","id":"100325","mitre":{"id":["T1543.003"],"tactic":["Persistence","Privilege Escalation"],"technique":["Windows Service"]},"firedtimes":1,"mail":false,"groups":["local","soc_lab","sysmon","service_modification","privilege_escalation","case15","soc_lab"]},"agent":{"id":"002","name":"WINSERVER2022","ip":"192.168.100.30"},"manager":{"name":"soc01"},"id":"1789621389.6635762","full_log":"{\"win\":{\"system\":{\"providerName\":\"Microsoft-Windows-Sysmon\",\"providerGuid\":\"{5770385f-c22a-43e0-bf4c-06f5698ffbd9}\",\"eventID\":\"1\",\"version\":\"5\",\"level\":\"4\",\"task\":\"1\",\"opcode\":\"0\",\"keywords\":\"0x8000000000000000\",\"systemTime\":\"2026-09-17T05:03:04.4789051Z\",\"eventRecordID\":\"15258\",\"processID\":\"888\",\"threadID\":\"3676\",\"channel\":\"Microsoft-Windows-Sysmon/Operational\",\"computer\":\"WIN-30JS3HVHMAB\",\"severityValue\":\"INFORMATION\",\"message\":\"\\\"Process Create:\\r\\nRuleName: -\\r\\nUtcTime: 2026-09-17 05:03:04.467\\r\\nProcessGuid: {34dad77b-7488-6aab-1002-000000001900}\\r\\nProcessId: 6132\\r\\nImage: C:\\\\Windows\\\\System32\\\\sc.exe\\r\\nFileVersion: 10.0.20348.1 (WinBuild.160101.0800)\\r\\nDescription: Service Control Manager Configuration Tool\\r\\nProduct: Microsoft® Windows® Operating System\\r\\nCompany: Microsoft Corporation\\r\\nOriginalFileName: sc.exe\\r\\nCommandLine: sc.exe  config SOC_CASE15 binPath= \\\"C:\\\\Windows\\\\System32\\\\cmd.exe /c C:\\\\Users\\\\Public\\\\case15-marker-20260916-220147.cmd\\\"\\r\\nCurrentDirectory: C:\\\\Windows\\\\system32\\\\\\r\\nUser: WIN-30JS3HVHMAB\\\\soccase15\\r\\nLogonGuid: {34dad77b-7488-6aab-9f91-4b0000000000}\\r\\nLogonId: 0x4B919F\\r\\nTerminalSessionId: 1\\r\\nIntegrityLevel: Medium\\r\\nHashes: SHA256=2BF663EA493CDC21AD33AEBD8DA40CC5D2AFA55E24F9E1BBF3D73E99DCADF693\\r\\nParentProcessGuid: {34dad77b-7488-6aab-0d02-000000001900}\\r\\nParentProcessId: 3572\\r\\nParentImage: C:\\\\Windows\\\\System32\\\\cmd.exe\\r\\nParentCommandLine: cmd.exe /c C:\\\\Users\\\\Public\\\\case15-user-actions-20260916-220147.cmd > C:\\\\Users\\\\Public\\\\case15-user-actions-20260916-220147.txt 2>&1\\r\\nParentUser: WIN-30JS3HVHMAB\\\\soccase15\\\"\"},\"eventdata\":{\"utcTime\":\"2026-09-17 05:03:04.467\",\"processGuid\":\"{34dad77b-7488-6aab-1002-000000001900}\",\"processId\":\"6132\",\"image\":\"C:\\\\\\\\Windows\\\\\\\\System32\\\\\\\\sc.exe\",\"fileVersion\":\"10.0.20348.1 (WinBuild.160101.0800)\",\"description\":\"Service Control Manager Configuration Tool\",\"product\":\"Microsoft® Windows® Operating System\",\"company\":\"Microsoft Corporation\",\"originalFileName\":\"sc.exe\",\"commandLine\":\"sc.exe  config SOC_CASE15 binPath= \\\\\\\"C:\\\\\\\\Windows\\\\\\\\System32\\\\\\\\cmd.exe /c C:\\\\\\\\Users\\\\\\\\Public\\\\\\\\case15-marker-20260916-220147.cmd\\\\\\\"\",\"currentDirectory\":\"C:\\\\\\\\Windows\\\\\\\\system32\\\\\\\\\",\"user\":\"WIN-30JS3HVHMAB\\\\\\\\soccase15\",\"logonGuid\":\"{34dad77b-7488-6aab-9f91-4b0000000000}\",\"logonId\":\"0x4b919f\",\"terminalSessionId\":\"1\",\"integrityLevel\":\"Medium\",\"hashes\":\"SHA256=2BF663EA493CDC21AD33AEBD8DA40CC5D2AFA55E24F9E1BBF3D73E99DCADF693\",\"parentProcessGuid\":\"{34dad77b-7488-6aab-0d02-000000001900}\",\"parentProcessId\":\"3572\",\"parentImage\":\"C:\\\\\\\\Windows\\\\\\\\System32\\\\\\\\cmd.exe\",\"parentCommandLine\":\"cmd.exe /c C:\\\\\\\\Users\\\\\\\\Public\\\\\\\\case15-user-actions-20260916-220147.cmd &gt; C:\\\\\\\\Users\\\\\\\\Public\\\\\\\\case15-user-actions-20260916-220147.txt 2&gt;&amp;1\",\"parentUser\":\"WIN-30JS3HVHMAB\\\\\\\\soccase15\"}}}","decoder":{"name":"windows_eventchannel"},"data":{"win":{"system":{"providerName":"Microsoft-Windows-Sysmon","providerGuid":"{5770385f-c22a-43e0-bf4c-06f5698ffbd9}","eventID":"1","version":"5","level":"4","task":"1","opcode":"0","keywords":"0x8000000000000000","systemTime":"2026-09-17T05:03:04.4789051Z","eventRecordID":"15258","processID":"888","threadID":"3676","channel":"Microsoft-Windows-Sysmon/Operational","computer":"WIN-30JS3HVHMAB","severityValue":"INFORMATION","message":"\"Process Create:\r\nRuleName: -\r\nUtcTime: 2026-09-17 05:03:04.467\r\nProcessGuid: {34dad77b-7488-6aab-1002-000000001900}\r\nProcessId: 6132\r\nImage: C:\\Windows\\System32\\sc.exe\r\nFileVersion: 10.0.20348.1 (WinBuild.160101.0800)\r\nDescription: Service Control Manager Configuration Tool\r\nProduct: Microsoft® Windows® Operating System\r\nCompany: Microsoft Corporation\r\nOriginalFileName: sc.exe\r\nCommandLine: sc.exe  config SOC_CASE15 binPath= \"C:\\Windows\\System32\\cmd.exe /c C:\\Users\\Public\\case15-marker-20260916-220147.cmd\"\r\nCurrentDirectory: C:\\Windows\\system32\\\r\nUser: WIN-30JS3HVHMAB\\soccase15\r\nLogonGuid: {34dad77b-7488-6aab-9f91-4b0000000000}\r\nLogonId: 0x4B919F\r\nTerminalSessionId: 1\r\nIntegrityLevel: Medium\r\nHashes: SHA256=2BF663EA493CDC21AD33AEBD8DA40CC5D2AFA55E24F9E1BBF3D73E99DCADF693\r\nParentProcessGuid: {34dad77b-7488-6aab-0d02-000000001900}\r\nParentProcessId: 3572\r\nParentImage: C:\\Windows\\System32\\cmd.exe\r\nParentCommandLine: cmd.exe /c C:\\Users\\Public\\case15-user-actions-20260916-220147.cmd > C:\\Users\\Public\\case15-user-actions-20260916-220147.txt 2>&1\r\nParentUser: WIN-30JS3HVHMAB\\soccase15\""},"eventdata":{"utcTime":"2026-09-17 05:03:04.467","processGuid":"{34dad77b-7488-6aab-1002-000000001900}","processId":"6132","image":"C:\\\\Windows\\\\System32\\\\sc.exe","fileVersion":"10.0.20348.1 (WinBuild.160101.0800)","description":"Service Control Manager Configuration Tool","product":"Microsoft® Windows® Operating System","company":"Microsoft Corporation","originalFileName":"sc.exe","commandLine":"sc.exe  config SOC_CASE15 binPath= \\\"C:\\\\Windows\\\\System32\\\\cmd.exe /c C:\\\\Users\\\\Public\\\\case15-marker-20260916-220147.cmd\\\"","currentDirectory":"C:\\\\Windows\\\\system32\\\\","user":"WIN-30JS3HVHMAB\\\\soccase15","logonGuid":"{34dad77b-7488-6aab-9f91-4b0000000000}","logonId":"0x4b919f","terminalSessionId":"1","integrityLevel":"Medium","hashes":"SHA256=2BF663EA493CDC21AD33AEBD8DA40CC5D2AFA55E24F9E1BBF3D73E99DCADF693","parentProcessGuid":"{34dad77b-7488-6aab-0d02-000000001900}","parentProcessId":"3572","parentImage":"C:\\\\Windows\\\\System32\\\\cmd.exe","parentCommandLine":"cmd.exe /c C:\\\\Users\\\\Public\\\\case15-user-actions-20260916-220147.cmd &gt; C:\\\\Users\\\\Public\\\\case15-user-actions-20260916-220147.txt 2&gt;&amp;1","parentUser":"WIN-30JS3HVHMAB\\\\soccase15"}}},"location":"EventChannel"}
{"timestamp":"2026-09-17T05:03:09.677+0000","rule":{"level":13,"description":"SOC LAB: Standard-user service configuration change was followed by SOC_CASE15 ImagePath modification.","id":"100350","mitre":{"id":["T1543.003"],"tactic":["Persistence","Privilege Escalation"],"technique":["Windows Service"]},"frequency":2,"firedtimes":1,"mail":true,"groups":["local","soc_lab","correlation","service_modification","privilege_escalation","case15","soc_lab"]},"agent":{"id":"002","name":"WINSERVER2022","ip":"192.168.100.30"},"manager":{"name":"soc01"},"id":"1789621389.6641918","full_log":"{\"win\":{\"system\":{\"providerName\":\"Microsoft-Windows-Sysmon\",\"providerGuid\":\"{5770385f-c22a-43e0-bf4c-06f5698ffbd9}\",\"eventID\":\"13\",\"version\":\"2\",\"level\":\"4\",\"task\":\"13\",\"opcode\":\"0\",\"keywords\":\"0x8000000000000000\",\"systemTime\":\"2026-09-17T05:03:04.4854018Z\",\"eventRecordID\":\"15259\",\"processID\":\"888\",\"threadID\":\"3676\",\"channel\":\"Microsoft-Windows-Sysmon/Operational\",\"computer\":\"WIN-30JS3HVHMAB\",\"severityValue\":\"INFORMATION\",\"message\":\"\\\"Registry value set:\\r\\nRuleName: -\\r\\nEventType: SetValue\\r\\nUtcTime: 2026-09-17 05:03:04.463\\r\\nProcessGuid: {34dad77b-8ce7-6aab-0b00-000000001900}\\r\\nProcessId: 612\\r\\nImage: C:\\\\Windows\\\\system32\\\\services.exe\\r\\nTargetObject: HKLM\\\\System\\\\CurrentControlSet\\\\Services\\\\SOC_CASE15\\\\ImagePath\\r\\nDetails: C:\\\\Windows\\\\System32\\\\cmd.exe /c C:\\\\Users\\\\Public\\\\case15-marker-20260916-220147.cmd\\r\\nUser: NT AUTHORITY\\\\SYSTEM\\\"\"},\"eventdata\":{\"eventType\":\"SetValue\",\"utcTime\":\"2026-09-17 05:03:04.463\",\"processGuid\":\"{34dad77b-8ce7-6aab-0b00-000000001900}\",\"processId\":\"612\",\"image\":\"C:\\\\\\\\Windows\\\\\\\\system32\\\\\\\\services.exe\",\"targetObject\":\"HKLM\\\\\\\\System\\\\\\\\CurrentControlSet\\\\\\\\Services\\\\\\\\SOC_CASE15\\\\\\\\ImagePath\",\"details\":\"C:\\\\\\\\Windows\\\\\\\\System32\\\\\\\\cmd.exe /c C:\\\\\\\\Users\\\\\\\\Public\\\\\\\\case15-marker-20260916-220147.cmd\",\"user\":\"NT AUTHORITY\\\\\\\\SYSTEM\"}}}","decoder":{"name":"windows_eventchannel"},"data":{"win":{"system":{"providerName":"Microsoft-Windows-Sysmon","providerGuid":"{5770385f-c22a-43e0-bf4c-06f5698ffbd9}","eventID":"13","version":"2","level":"4","task":"13","opcode":"0","keywords":"0x8000000000000000","systemTime":"2026-09-17T05:03:04.4854018Z","eventRecordID":"15259","processID":"888","threadID":"3676","channel":"Microsoft-Windows-Sysmon/Operational","computer":"WIN-30JS3HVHMAB","severityValue":"INFORMATION","message":"\"Registry value set:\r\nRuleName: -\r\nEventType: SetValue\r\nUtcTime: 2026-09-17 05:03:04.463\r\nProcessGuid: {34dad77b-8ce7-6aab-0b00-000000001900}\r\nProcessId: 612\r\nImage: C:\\Windows\\system32\\services.exe\r\nTargetObject: HKLM\\System\\CurrentControlSet\\Services\\SOC_CASE15\\ImagePath\r\nDetails: C:\\Windows\\System32\\cmd.exe /c C:\\Users\\Public\\case15-marker-20260916-220147.cmd\r\nUser: NT AUTHORITY\\SYSTEM\""},"eventdata":{"eventType":"SetValue","utcTime":"2026-09-17 05:03:04.463","processGuid":"{34dad77b-8ce7-6aab-0b00-000000001900}","processId":"612","image":"C:\\\\Windows\\\\system32\\\\services.exe","targetObject":"HKLM\\\\System\\\\CurrentControlSet\\\\Services\\\\SOC_CASE15\\\\ImagePath","details":"C:\\\\Windows\\\\System32\\\\cmd.exe /c C:\\\\Users\\\\Public\\\\case15-marker-20260916-220147.cmd","user":"NT AUTHORITY\\\\SYSTEM"}}},"location":"EventChannel"}
{"timestamp":"2026-09-17T05:03:09.744+0000","rule":{"level":3,"description":"Suspicious Windows cmd shell execution","id":"92032","mitre":{"id":["T1087","T1059.003"],"tactic":["Discovery","Execution"],"technique":["Account Discovery","Windows Command Shell"]},"firedtimes":3,"mail":false,"groups":["sysmon","sysmon_eid1_detections","windows"]},"agent":{"id":"002","name":"WINSERVER2022","ip":"192.168.100.30"},"manager":{"name":"soc01"},"id":"1789621389.6647769","decoder":{"name":"windows_eventchannel"},"data":{"win":{"system":{"providerName":"Microsoft-Windows-Sysmon","providerGuid":"{5770385f-c22a-43e0-bf4c-06f5698ffbd9}","eventID":"1","version":"5","level":"4","task":"1","opcode":"0","keywords":"0x8000000000000000","systemTime":"2026-09-17T05:03:04.5230157Z","eventRecordID":"15261","processID":"888","threadID":"3676","channel":"Microsoft-Windows-Sysmon/Operational","computer":"WIN-30JS3HVHMAB","severityValue":"INFORMATION","message":"\"Process Create:\r\nRuleName: -\r\nUtcTime: 2026-09-17 05:03:04.514\r\nProcessGuid: {34dad77b-7488-6aab-1102-000000001900}\r\nProcessId: 3204\r\nImage: C:\\Windows\\System32\\PING.EXE\r\nFileVersion: 10.0.20348.1 (WinBuild.160101.0800)\r\nDescription: TCP/IP Ping Command\r\nProduct: Microsoft® Windows® Operating System\r\nCompany: Microsoft Corporation\r\nOriginalFileName: ping.exe\r\nCommandLine: ping  127.0.0.1 -n 3 \r\nCurrentDirectory: C:\\Windows\\system32\\\r\nUser: WIN-30JS3HVHMAB\\soccase15\r\nLogonGuid: {34dad77b-7488-6aab-9f91-4b0000000000}\r\nLogonId: 0x4B919F\r\nTerminalSessionId: 1\r\nIntegrityLevel: Medium\r\nHashes: SHA256=68D13933F1C9DA2BF3BCD8C8B6D3E561EAE0A4CAB3C6C69C002E6CB696389DC7\r\nParentProcessGuid: {34dad77b-7488-6aab-0d02-000000001900}\r\nParentProcessId: 3572\r\nParentImage: C:\\Windows\\System32\\cmd.exe\r\nParentCommandLine: cmd.exe /c C:\\Users\\Public\\case15-user-actions-20260916-220147.cmd > C:\\Users\\Public\\case15-user-actions-20260916-220147.txt 2>&1\r\nParentUser: WIN-30JS3HVHMAB\\soccase15\""},"eventdata":{"utcTime":"2026-09-17 05:03:04.514","processGuid":"{34dad77b-7488-6aab-1102-000000001900}","processId":"3204","image":"C:\\\\Windows\\\\System32\\\\PING.EXE","fileVersion":"10.0.20348.1 (WinBuild.160101.0800)","description":"TCP/IP Ping Command","product":"Microsoft® Windows® Operating System","company":"Microsoft Corporation","originalFileName":"ping.exe","commandLine":"ping  127.0.0.1 -n 3","currentDirectory":"C:\\\\Windows\\\\system32\\\\","user":"WIN-30JS3HVHMAB\\\\soccase15","logonGuid":"{34dad77b-7488-6aab-9f91-4b0000000000}","logonId":"0x4b919f","terminalSessionId":"1","integrityLevel":"Medium","hashes":"SHA256=68D13933F1C9DA2BF3BCD8C8B6D3E561EAE0A4CAB3C6C69C002E6CB696389DC7","parentProcessGuid":"{34dad77b-7488-6aab-0d02-000000001900}","parentProcessId":"3572","parentImage":"C:\\\\Windows\\\\System32\\\\cmd.exe","parentCommandLine":"cmd.exe /c C:\\\\Users\\\\Public\\\\case15-user-actions-20260916-220147.cmd &gt; C:\\\\Users\\\\Public\\\\case15-user-actions-20260916-220147.txt 2&gt;&amp;1","parentUser":"WIN-30JS3HVHMAB\\\\soccase15"}}},"location":"EventChannel"}
{"timestamp":"2026-09-17T05:03:11.713+0000","rule":{"level":14,"description":"SOC LAB: Standard user started SOC_CASE15 after modifying its LocalSystem service configuration.","id":"100355","mitre":{"id":["T1543.003","T1569.002"],"tactic":["Persistence","Privilege Escalation","Execution"],"technique":["Windows Service","Service Execution"]},"frequency":2,"firedtimes":1,"mail":true,"groups":["local","soc_lab","correlation","service_execution","privilege_escalation","case15","soc_lab"]},"agent":{"id":"002","name":"WINSERVER2022","ip":"192.168.100.30"},"manager":{"name":"soc01"},"id":"1789621391.6692470","full_log":"{\"win\":{\"system\":{\"providerName\":\"Microsoft-Windows-Sysmon\",\"providerGuid\":\"{5770385f-c22a-43e0-bf4c-06f5698ffbd9}\",\"eventID\":\"1\",\"version\":\"5\",\"level\":\"4\",\"task\":\"1\",\"opcode\":\"0\",\"keywords\":\"0x8000000000000000\",\"systemTime\":\"2026-09-17T05:03:06.5568686Z\",\"eventRecordID\":\"15273\",\"processID\":\"888\",\"threadID\":\"3676\",\"channel\":\"Microsoft-Windows-Sysmon/Operational\",\"computer\":\"WIN-30JS3HVHMAB\",\"severityValue\":\"INFORMATION\",\"message\":\"\\\"Process Create:\\r\\nRuleName: -\\r\\nUtcTime: 2026-09-17 05:03:06.552\\r\\nProcessGuid: {34dad77b-748a-6aab-1202-000000001900}\\r\\nProcessId: 4116\\r\\nImage: C:\\\\Windows\\\\System32\\\\sc.exe\\r\\nFileVersion: 10.0.20348.1 (WinBuild.160101.0800)\\r\\nDescription: Service Control Manager Configuration Tool\\r\\nProduct: Microsoft® Windows® Operating System\\r\\nCompany: Microsoft Corporation\\r\\nOriginalFileName: sc.exe\\r\\nCommandLine: sc.exe  start SOC_CASE15\\r\\nCurrentDirectory: C:\\\\Windows\\\\system32\\\\\\r\\nUser: WIN-30JS3HVHMAB\\\\soccase15\\r\\nLogonGuid: {34dad77b-7488-6aab-9f91-4b0000000000}\\r\\nLogonId: 0x4B919F\\r\\nTerminalSessionId: 1\\r\\nIntegrityLevel: Medium\\r\\nHashes: SHA256=2BF663EA493CDC21AD33AEBD8DA40CC5D2AFA55E24F9E1BBF3D73E99DCADF693\\r\\nParentProcessGuid: {34dad77b-7488-6aab-0d02-000000001900}\\r\\nParentProcessId: 3572\\r\\nParentImage: C:\\\\Windows\\\\System32\\\\cmd.exe\\r\\nParentCommandLine: cmd.exe /c C:\\\\Users\\\\Public\\\\case15-user-actions-20260916-220147.cmd > C:\\\\Users\\\\Public\\\\case15-user-actions-20260916-220147.txt 2>&1\\r\\nParentUser: WIN-30JS3HVHMAB\\\\soccase15\\\"\"},\"eventdata\":{\"utcTime\":\"2026-09-17 05:03:06.552\",\"processGuid\":\"{34dad77b-748a-6aab-1202-000000001900}\",\"processId\":\"4116\",\"image\":\"C:\\\\\\\\Windows\\\\\\\\System32\\\\\\\\sc.exe\",\"fileVersion\":\"10.0.20348.1 (WinBuild.160101.0800)\",\"description\":\"Service Control Manager Configuration Tool\",\"product\":\"Microsoft® Windows® Operating System\",\"company\":\"Microsoft Corporation\",\"originalFileName\":\"sc.exe\",\"commandLine\":\"sc.exe  start SOC_CASE15\",\"currentDirectory\":\"C:\\\\\\\\Windows\\\\\\\\system32\\\\\\\\\",\"user\":\"WIN-30JS3HVHMAB\\\\\\\\soccase15\",\"logonGuid\":\"{34dad77b-7488-6aab-9f91-4b0000000000}\",\"logonId\":\"0x4b919f\",\"terminalSessionId\":\"1\",\"integrityLevel\":\"Medium\",\"hashes\":\"SHA256=2BF663EA493CDC21AD33AEBD8DA40CC5D2AFA55E24F9E1BBF3D73E99DCADF693\",\"parentProcessGuid\":\"{34dad77b-7488-6aab-0d02-000000001900}\",\"parentProcessId\":\"3572\",\"parentImage\":\"C:\\\\\\\\Windows\\\\\\\\System32\\\\\\\\cmd.exe\",\"parentCommandLine\":\"cmd.exe /c C:\\\\\\\\Users\\\\\\\\Public\\\\\\\\case15-user-actions-20260916-220147.cmd &gt; C:\\\\\\\\Users\\\\\\\\Public\\\\\\\\case15-user-actions-20260916-220147.txt 2&gt;&amp;1\",\"parentUser\":\"WIN-30JS3HVHMAB\\\\\\\\soccase15\"}}}","decoder":{"name":"windows_eventchannel"},"data":{"win":{"system":{"providerName":"Microsoft-Windows-Sysmon","providerGuid":"{5770385f-c22a-43e0-bf4c-06f5698ffbd9}","eventID":"1","version":"5","level":"4","task":"1","opcode":"0","keywords":"0x8000000000000000","systemTime":"2026-09-17T05:03:06.5568686Z","eventRecordID":"15273","processID":"888","threadID":"3676","channel":"Microsoft-Windows-Sysmon/Operational","computer":"WIN-30JS3HVHMAB","severityValue":"INFORMATION","message":"\"Process Create:\r\nRuleName: -\r\nUtcTime: 2026-09-17 05:03:06.552\r\nProcessGuid: {34dad77b-748a-6aab-1202-000000001900}\r\nProcessId: 4116\r\nImage: C:\\Windows\\System32\\sc.exe\r\nFileVersion: 10.0.20348.1 (WinBuild.160101.0800)\r\nDescription: Service Control Manager Configuration Tool\r\nProduct: Microsoft® Windows® Operating System\r\nCompany: Microsoft Corporation\r\nOriginalFileName: sc.exe\r\nCommandLine: sc.exe  start SOC_CASE15\r\nCurrentDirectory: C:\\Windows\\system32\\\r\nUser: WIN-30JS3HVHMAB\\soccase15\r\nLogonGuid: {34dad77b-7488-6aab-9f91-4b0000000000}\r\nLogonId: 0x4B919F\r\nTerminalSessionId: 1\r\nIntegrityLevel: Medium\r\nHashes: SHA256=2BF663EA493CDC21AD33AEBD8DA40CC5D2AFA55E24F9E1BBF3D73E99DCADF693\r\nParentProcessGuid: {34dad77b-7488-6aab-0d02-000000001900}\r\nParentProcessId: 3572\r\nParentImage: C:\\Windows\\System32\\cmd.exe\r\nParentCommandLine: cmd.exe /c C:\\Users\\Public\\case15-user-actions-20260916-220147.cmd > C:\\Users\\Public\\case15-user-actions-20260916-220147.txt 2>&1\r\nParentUser: WIN-30JS3HVHMAB\\soccase15\""},"eventdata":{"utcTime":"2026-09-17 05:03:06.552","processGuid":"{34dad77b-748a-6aab-1202-000000001900}","processId":"4116","image":"C:\\\\Windows\\\\System32\\\\sc.exe","fileVersion":"10.0.20348.1 (WinBuild.160101.0800)","description":"Service Control Manager Configuration Tool","product":"Microsoft® Windows® Operating System","company":"Microsoft Corporation","originalFileName":"sc.exe","commandLine":"sc.exe  start SOC_CASE15","currentDirectory":"C:\\\\Windows\\\\system32\\\\","user":"WIN-30JS3HVHMAB\\\\soccase15","logonGuid":"{34dad77b-7488-6aab-9f91-4b0000000000}","logonId":"0x4b919f","terminalSessionId":"1","integrityLevel":"Medium","hashes":"SHA256=2BF663EA493CDC21AD33AEBD8DA40CC5D2AFA55E24F9E1BBF3D73E99DCADF693","parentProcessGuid":"{34dad77b-7488-6aab-0d02-000000001900}","parentProcessId":"3572","parentImage":"C:\\\\Windows\\\\System32\\\\cmd.exe","parentCommandLine":"cmd.exe /c C:\\\\Users\\\\Public\\\\case15-user-actions-20260916-220147.cmd &gt; C:\\\\Users\\\\Public\\\\case15-user-actions-20260916-220147.txt 2&gt;&amp;1","parentUser":"WIN-30JS3HVHMAB\\\\soccase15"}}},"location":"EventChannel"}
{"timestamp":"2026-09-17T05:03:11.767+0000","rule":{"level":12,"description":"SOC LAB: NT AUTHORITY SYSTEM created the controlled Case15 privilege-escalation marker.","id":"100345","mitre":{"id":["T1569.002"],"tactic":["Execution"],"technique":["Service Execution"]},"firedtimes":1,"mail":true,"groups":["local","soc_lab","sysmon","file_creation","system_execution","privilege_escalation","case15","soc_lab"]},"agent":{"id":"002","name":"WINSERVER2022","ip":"192.168.100.30"},"manager":{"name":"soc01"},"id":"1789621391.6701036","full_log":"{\"win\":{\"system\":{\"providerName\":\"Microsoft-Windows-Sysmon\",\"providerGuid\":\"{5770385f-c22a-43e0-bf4c-06f5698ffbd9}\",\"eventID\":\"11\",\"version\":\"2\",\"level\":\"4\",\"task\":\"11\",\"opcode\":\"0\",\"keywords\":\"0x8000000000000000\",\"systemTime\":\"2026-09-17T05:03:06.5855537Z\",\"eventRecordID\":\"15275\",\"processID\":\"888\",\"threadID\":\"3676\",\"channel\":\"Microsoft-Windows-Sysmon/Operational\",\"computer\":\"WIN-30JS3HVHMAB\",\"severityValue\":\"INFORMATION\",\"message\":\"\\\"File created:\\r\\nRuleName: -\\r\\nUtcTime: 2026-09-17 05:03:06.549\\r\\nProcessGuid: {34dad77b-748a-6aab-1302-000000001900}\\r\\nProcessId: 4808\\r\\nImage: C:\\\\Windows\\\\System32\\\\cmd.exe\\r\\nTargetFilename: C:\\\\Users\\\\Public\\\\case15-system-marker-20260916-220147.txt\\r\\nCreationUtcTime: 2026-09-17 05:03:06.549\\r\\nUser: NT AUTHORITY\\\\SYSTEM\\\"\"},\"eventdata\":{\"utcTime\":\"2026-09-17 05:03:06.549\",\"processGuid\":\"{34dad77b-748a-6aab-1302-000000001900}\",\"processId\":\"4808\",\"image\":\"C:\\\\\\\\Windows\\\\\\\\System32\\\\\\\\cmd.exe\",\"targetFilename\":\"C:\\\\\\\\Users\\\\\\\\Public\\\\\\\\case15-system-marker-20260916-220147.txt\",\"creationUtcTime\":\"2026-09-17 05:03:06.549\",\"user\":\"NT AUTHORITY\\\\\\\\SYSTEM\"}}}","decoder":{"name":"windows_eventchannel"},"data":{"win":{"system":{"providerName":"Microsoft-Windows-Sysmon","providerGuid":"{5770385f-c22a-43e0-bf4c-06f5698ffbd9}","eventID":"11","version":"2","level":"4","task":"11","opcode":"0","keywords":"0x8000000000000000","systemTime":"2026-09-17T05:03:06.5855537Z","eventRecordID":"15275","processID":"888","threadID":"3676","channel":"Microsoft-Windows-Sysmon/Operational","computer":"WIN-30JS3HVHMAB","severityValue":"INFORMATION","message":"\"File created:\r\nRuleName: -\r\nUtcTime: 2026-09-17 05:03:06.549\r\nProcessGuid: {34dad77b-748a-6aab-1302-000000001900}\r\nProcessId: 4808\r\nImage: C:\\Windows\\System32\\cmd.exe\r\nTargetFilename: C:\\Users\\Public\\case15-system-marker-20260916-220147.txt\r\nCreationUtcTime: 2026-09-17 05:03:06.549\r\nUser: NT AUTHORITY\\SYSTEM\""},"eventdata":{"utcTime":"2026-09-17 05:03:06.549","processGuid":"{34dad77b-748a-6aab-1302-000000001900}","processId":"4808","image":"C:\\\\Windows\\\\System32\\\\cmd.exe","targetFilename":"C:\\\\Users\\\\Public\\\\case15-system-marker-20260916-220147.txt","creationUtcTime":"2026-09-17 05:03:06.549","user":"NT AUTHORITY\\\\SYSTEM"}}},"location":"EventChannel"}
{"timestamp":"2026-09-17T05:03:11.797+0000","rule":{"level":3,"description":"Suspicious Windows cmd shell execution","id":"92032","mitre":{"id":["T1087","T1059.003"],"tactic":["Discovery","Execution"],"technique":["Account Discovery","Windows Command Shell"]},"firedtimes":4,"mail":false,"groups":["sysmon","sysmon_eid1_detections","windows"]},"agent":{"id":"002","name":"WINSERVER2022","ip":"192.168.100.30"},"manager":{"name":"soc01"},"id":"1789621391.6703686","decoder":{"name":"windows_eventchannel"},"data":{"win":{"system":{"providerName":"Microsoft-Windows-Sysmon","providerGuid":"{5770385f-c22a-43e0-bf4c-06f5698ffbd9}","eventID":"1","version":"5","level":"4","task":"1","opcode":"0","keywords":"0x8000000000000000","systemTime":"2026-09-17T05:03:06.5857838Z","eventRecordID":"15276","processID":"888","threadID":"3676","channel":"Microsoft-Windows-Sysmon/Operational","computer":"WIN-30JS3HVHMAB","severityValue":"INFORMATION","message":"\"Process Create:\r\nRuleName: -\r\nUtcTime: 2026-09-17 05:03:06.581\r\nProcessGuid: {34dad77b-748a-6aab-1402-000000001900}\r\nProcessId: 5892\r\nImage: C:\\Windows\\System32\\PING.EXE\r\nFileVersion: 10.0.20348.1 (WinBuild.160101.0800)\r\nDescription: TCP/IP Ping Command\r\nProduct: Microsoft® Windows® Operating System\r\nCompany: Microsoft Corporation\r\nOriginalFileName: ping.exe\r\nCommandLine: ping  127.0.0.1 -n 3 \r\nCurrentDirectory: C:\\Windows\\system32\\\r\nUser: NT AUTHORITY\\SYSTEM\r\nLogonGuid: {34dad77b-8ce7-6aab-e703-000000000000}\r\nLogonId: 0x3E7\r\nTerminalSessionId: 0\r\nIntegrityLevel: System\r\nHashes: SHA256=68D13933F1C9DA2BF3BCD8C8B6D3E561EAE0A4CAB3C6C69C002E6CB696389DC7\r\nParentProcessGuid: {34dad77b-748a-6aab-1302-000000001900}\r\nParentProcessId: 4808\r\nParentImage: C:\\Windows\\System32\\cmd.exe\r\nParentCommandLine: C:\\Windows\\System32\\cmd.exe /c C:\\Users\\Public\\case15-marker-20260916-220147.cmd\r\nParentUser: NT AUTHORITY\\SYSTEM\""},"eventdata":{"utcTime":"2026-09-17 05:03:06.581","processGuid":"{34dad77b-748a-6aab-1402-000000001900}","processId":"5892","image":"C:\\\\Windows\\\\System32\\\\PING.EXE","fileVersion":"10.0.20348.1 (WinBuild.160101.0800)","description":"TCP/IP Ping Command","product":"Microsoft® Windows® Operating System","company":"Microsoft Corporation","originalFileName":"ping.exe","commandLine":"ping  127.0.0.1 -n 3","currentDirectory":"C:\\\\Windows\\\\system32\\\\","user":"NT AUTHORITY\\\\SYSTEM","logonGuid":"{34dad77b-8ce7-6aab-e703-000000000000}","logonId":"0x3e7","terminalSessionId":"0","integrityLevel":"System","hashes":"SHA256=68D13933F1C9DA2BF3BCD8C8B6D3E561EAE0A4CAB3C6C69C002E6CB696389DC7","parentProcessGuid":"{34dad77b-748a-6aab-1302-000000001900}","parentProcessId":"4808","parentImage":"C:\\\\Windows\\\\System32\\\\cmd.exe","parentCommandLine":"C:\\\\Windows\\\\System32\\\\cmd.exe /c C:\\\\Users\\\\Public\\\\case15-marker-20260916-220147.cmd","parentUser":"NT AUTHORITY\\\\SYSTEM"}}},"location":"EventChannel"}
{"timestamp":"2026-09-17T05:03:13.862+0000","rule":{"level":15,"description":"SOC LAB: Case15 privilege-escalation chain confirmed - standard user modified and started a LocalSystem service followed by controlled SYSTEM execution.","id":"100360","mitre":{"id":["T1543.003","T1569.002"],"tactic":["Persistence","Privilege Escalation","Execution"],"technique":["Windows Service","Service Execution"]},"frequency":2,"firedtimes":1,"mail":true,"groups":["local","soc_lab","correlation","system_execution","service_execution","privilege_escalation","case15","soc_lab"]},"agent":{"id":"002","name":"WINSERVER2022","ip":"192.168.100.30"},"manager":{"name":"soc01"},"id":"1789621393.6708956","full_log":"{\"win\":{\"system\":{\"providerName\":\"Microsoft-Windows-Sysmon\",\"providerGuid\":\"{5770385f-c22a-43e0-bf4c-06f5698ffbd9}\",\"eventID\":\"1\",\"version\":\"5\",\"level\":\"4\",\"task\":\"1\",\"opcode\":\"0\",\"keywords\":\"0x8000000000000000\",\"systemTime\":\"2026-09-17T05:03:08.6848854Z\",\"eventRecordID\":\"15280\",\"processID\":\"888\",\"threadID\":\"3676\",\"channel\":\"Microsoft-Windows-Sysmon/Operational\",\"computer\":\"WIN-30JS3HVHMAB\",\"severityValue\":\"INFORMATION\",\"message\":\"\\\"Process Create:\\r\\nRuleName: -\\r\\nUtcTime: 2026-09-17 05:03:08.674\\r\\nProcessGuid: {34dad77b-748c-6aab-1602-000000001900}\\r\\nProcessId: 5084\\r\\nImage: C:\\\\Windows\\\\System32\\\\whoami.exe\\r\\nFileVersion: 10.0.20348.1 (WinBuild.160101.0800)\\r\\nDescription: whoami - displays logged on user information\\r\\nProduct: Microsoft® Windows® Operating System\\r\\nCompany: Microsoft Corporation\\r\\nOriginalFileName: whoami.exe\\r\\nCommandLine: whoami  \\r\\nCurrentDirectory: C:\\\\Windows\\\\system32\\\\\\r\\nUser: NT AUTHORITY\\\\SYSTEM\\r\\nLogonGuid: {34dad77b-8ce7-6aab-e703-000000000000}\\r\\nLogonId: 0x3E7\\r\\nTerminalSessionId: 0\\r\\nIntegrityLevel: System\\r\\nHashes: SHA256=A703FCBC2159F86FD6F7BDFDCB6140042EECE715B108DE843575B5D688ADFBF5\\r\\nParentProcessGuid: {34dad77b-748a-6aab-1302-000000001900}\\r\\nParentProcessId: 4808\\r\\nParentImage: C:\\\\Windows\\\\System32\\\\cmd.exe\\r\\nParentCommandLine: C:\\\\Windows\\\\System32\\\\cmd.exe /c C:\\\\Users\\\\Public\\\\case15-marker-20260916-220147.cmd\\r\\nParentUser: NT AUTHORITY\\\\SYSTEM\\\"\"},\"eventdata\":{\"utcTime\":\"2026-09-17 05:03:08.674\",\"processGuid\":\"{34dad77b-748c-6aab-1602-000000001900}\",\"processId\":\"5084\",\"image\":\"C:\\\\\\\\Windows\\\\\\\\System32\\\\\\\\whoami.exe\",\"fileVersion\":\"10.0.20348.1 (WinBuild.160101.0800)\",\"description\":\"whoami - displays logged on user information\",\"product\":\"Microsoft® Windows® Operating System\",\"company\":\"Microsoft Corporation\",\"originalFileName\":\"whoami.exe\",\"commandLine\":\"whoami\",\"currentDirectory\":\"C:\\\\\\\\Windows\\\\\\\\system32\\\\\\\\\",\"user\":\"NT AUTHORITY\\\\\\\\SYSTEM\",\"logonGuid\":\"{34dad77b-8ce7-6aab-e703-000000000000}\",\"logonId\":\"0x3e7\",\"terminalSessionId\":\"0\",\"integrityLevel\":\"System\",\"hashes\":\"SHA256=A703FCBC2159F86FD6F7BDFDCB6140042EECE715B108DE843575B5D688ADFBF5\",\"parentProcessGuid\":\"{34dad77b-748a-6aab-1302-000000001900}\",\"parentProcessId\":\"4808\",\"parentImage\":\"C:\\\\\\\\Windows\\\\\\\\System32\\\\\\\\cmd.exe\",\"parentCommandLine\":\"C:\\\\\\\\Windows\\\\\\\\System32\\\\\\\\cmd.exe /c C:\\\\\\\\Users\\\\\\\\Public\\\\\\\\case15-marker-20260916-220147.cmd\",\"parentUser\":\"NT AUTHORITY\\\\\\\\SYSTEM\"}}}","decoder":{"name":"windows_eventchannel"},"data":{"win":{"system":{"providerName":"Microsoft-Windows-Sysmon","providerGuid":"{5770385f-c22a-43e0-bf4c-06f5698ffbd9}","eventID":"1","version":"5","level":"4","task":"1","opcode":"0","keywords":"0x8000000000000000","systemTime":"2026-09-17T05:03:08.6848854Z","eventRecordID":"15280","processID":"888","threadID":"3676","channel":"Microsoft-Windows-Sysmon/Operational","computer":"WIN-30JS3HVHMAB","severityValue":"INFORMATION","message":"\"Process Create:\r\nRuleName: -\r\nUtcTime: 2026-09-17 05:03:08.674\r\nProcessGuid: {34dad77b-748c-6aab-1602-000000001900}\r\nProcessId: 5084\r\nImage: C:\\Windows\\System32\\whoami.exe\r\nFileVersion: 10.0.20348.1 (WinBuild.160101.0800)\r\nDescription: whoami - displays logged on user information\r\nProduct: Microsoft® Windows® Operating System\r\nCompany: Microsoft Corporation\r\nOriginalFileName: whoami.exe\r\nCommandLine: whoami  \r\nCurrentDirectory: C:\\Windows\\system32\\\r\nUser: NT AUTHORITY\\SYSTEM\r\nLogonGuid: {34dad77b-8ce7-6aab-e703-000000000000}\r\nLogonId: 0x3E7\r\nTerminalSessionId: 0\r\nIntegrityLevel: System\r\nHashes: SHA256=A703FCBC2159F86FD6F7BDFDCB6140042EECE715B108DE843575B5D688ADFBF5\r\nParentProcessGuid: {34dad77b-748a-6aab-1302-000000001900}\r\nParentProcessId: 4808\r\nParentImage: C:\\Windows\\System32\\cmd.exe\r\nParentCommandLine: C:\\Windows\\System32\\cmd.exe /c C:\\Users\\Public\\case15-marker-20260916-220147.cmd\r\nParentUser: NT AUTHORITY\\SYSTEM\""},"eventdata":{"utcTime":"2026-09-17 05:03:08.674","processGuid":"{34dad77b-748c-6aab-1602-000000001900}","processId":"5084","image":"C:\\\\Windows\\\\System32\\\\whoami.exe","fileVersion":"10.0.20348.1 (WinBuild.160101.0800)","description":"whoami - displays logged on user information","product":"Microsoft® Windows® Operating System","company":"Microsoft Corporation","originalFileName":"whoami.exe","commandLine":"whoami","currentDirectory":"C:\\\\Windows\\\\system32\\\\","user":"NT AUTHORITY\\\\SYSTEM","logonGuid":"{34dad77b-8ce7-6aab-e703-000000000000}","logonId":"0x3e7","terminalSessionId":"0","integrityLevel":"System","hashes":"SHA256=A703FCBC2159F86FD6F7BDFDCB6140042EECE715B108DE843575B5D688ADFBF5","parentProcessGuid":"{34dad77b-748a-6aab-1302-000000001900}","parentProcessId":"4808","parentImage":"C:\\\\Windows\\\\System32\\\\cmd.exe","parentCommandLine":"C:\\\\Windows\\\\System32\\\\cmd.exe /c C:\\\\Users\\\\Public\\\\case15-marker-20260916-220147.cmd","parentUser":"NT AUTHORITY\\\\SYSTEM"}}},"location":"EventChannel"}
