{"timestamp":"2026-09-21T05:13:17.707+0000","rule":{"level":3,"description":"Windows Workstation Logon Success","id":"60118","mitre":{"id":["T1078"],"tactic":["Defense Evasion","Persistence","Privilege Escalation","Initial Access"],"technique":["Valid Accounts"]},"firedtimes":1,"mail":false,"groups":["windows","windows_security","authentication_success"],"pci_dss":["10.2.5"],"gpg13":["7.1","7.2"],"gdpr":["IV_32.2"],"hipaa":["164.312.b"],"nist_800_53":["AU.14","AC.9"],"tsc":["CC6.8","CC7.2","CC7.3"]},"agent":{"id":"002","name":"WINSERVER2022","ip":"192.168.100.30"},"manager":{"name":"soc01"},"id":"1789967597.993176","decoder":{"name":"windows_eventchannel"},"data":{"win":{"system":{"providerName":"Microsoft-Windows-Security-Auditing","providerGuid":"{54849625-5478-4994-a5ba-3e3b0328c30d}","eventID":"4624","version":"2","level":"0","task":"12544","opcode":"0","keywords":"0x8020000000000000","systemTime":"2026-09-21T05:13:13.1073488Z","eventRecordID":"7730","processID":"620","threadID":"664","channel":"Security","computer":"WIN-30JS3HVHMAB","severityValue":"AUDIT_SUCCESS","message":"\"An account was successfully logged on.\r\n\r\nSubject:\r\n\tSecurity ID:\t\tS-1-5-21-3382847163-1926424565-132962873-500\r\n\tAccount Name:\t\tAdministrator\r\n\tAccount Domain:\t\tWIN-30JS3HVHMAB\r\n\tLogon ID:\t\t0x6FFBA\r\n\r\nLogon Information:\r\n\tLogon Type:\t\t2\r\n\tRestricted Admin Mode:\t-\r\n\tVirtual Account:\t\tNo\r\n\tElevated Token:\t\tNo\r\n\r\nImpersonation Level:\t\tImpersonation\r\n\r\nNew Logon:\r\n\tSecurity ID:\t\tS-1-5-21-3382847163-1926424565-132962873-1004\r\n\tAccount Name:\t\tsoccase16\r\n\tAccount Domain:\t\tWIN-30JS3HVHMAB\r\n\tLogon ID:\t\t0x452CC0\r\n\tLinked Logon ID:\t\t0x452C93\r\n\tNetwork Account Name:\t-\r\n\tNetwork Account Domain:\t-\r\n\tLogon GUID:\t\t{00000000-0000-0000-0000-000000000000}\r\n\r\nProcess Information:\r\n\tProcess ID:\t\t0x3f0\r\n\tProcess Name:\t\tC:\\Windows\\System32\\svchost.exe\r\n\r\nNetwork Information:\r\n\tWorkstation Name:\tWIN-30JS3HVHMAB\r\n\tSource Network Address:\t::1\r\n\tSource Port:\t\t0\r\n\r\nDetailed Authentication Information:\r\n\tLogon Process:\t\tseclogo\r\n\tAuthentication Package:\tNegotiate\r\n\tTransited Services:\t-\r\n\tPackage Name (NTLM only):\t-\r\n\tKey Length:\t\t0\r\n\r\nThis event is generated when a logon session is created. It is generated on the computer that was accessed.\r\n\r\nThe subject fields indicate the account on the local system which requested the logon. This is most commonly a service such as the Server service, or a local process such as Winlogon.exe or Services.exe.\r\n\r\nThe logon type field indicates the kind of logon that occurred. The most common types are 2 (interactive) and 3 (network).\r\n\r\nThe New Logon fields indicate the account for whom the new logon was created, i.e. the account that was logged on.\r\n\r\nThe network fields indicate where a remote logon request originated. Workstation name is not always available and may be left blank in some cases.\r\n\r\nThe impersonation level field indicates the extent to which a process in the logon session can impersonate.\r\n\r\nThe authentication information fields provide detailed information about this specific logon request.\r\n\t- Logon GUID is a unique identifier that can be used to correlate this event with a KDC event.\r\n\t- Transited services indicate which intermediate services have participated in this logon request.\r\n\t- Package name indicates which sub-protocol was used among the NTLM protocols.\r\n\t- Key length indicates the length of the generated session key. This will be 0 if no session key was requested.\""},"eventdata":{"subjectUserSid":"S-1-5-21-3382847163-1926424565-132962873-500","subjectUserName":"Administrator","subjectDomainName":"WIN-30JS3HVHMAB","subjectLogonId":"0x6ffba","targetUserSid":"S-1-5-21-3382847163-1926424565-132962873-1004","targetUserName":"soccase16","targetDomainName":"WIN-30JS3HVHMAB","targetLogonId":"0x452cc0","logonType":"2","logonProcessName":"seclogo","authenticationPackageName":"Negotiate","workstationName":"WIN-30JS3HVHMAB","logonGuid":"{00000000-0000-0000-0000-000000000000}","keyLength":"0","processId":"0x3f0","processName":"C:\\\\Windows\\\\System32\\\\svchost.exe","ipAddress":"::1","ipPort":"0","impersonationLevel":"%%1833","virtualAccount":"%%1843","targetLinkedLogonId":"0x452c93","elevatedToken":"%%1843"}}},"location":"EventChannel"}
{"timestamp":"2026-09-21T05:32:58.283+0000","rule":{"level":12,"description":"Administrators Group Changed","id":"60154","mitre":{"id":["T1484"],"tactic":["Defense Evasion","Privilege Escalation"],"technique":["Domain Policy Modification"]},"firedtimes":1,"mail":true,"groups":["windows","windows_security","group_changed","win_group_changed"],"pci_dss":["8.1.2","10.2.5"],"gpg13":["7.10"],"gdpr":["IV_35.7.d","IV_32.2"],"hipaa":["164.312.a.2.I","164.312.a.2.II","164.312.b"],"nist_800_53":["AC.2","IA.4","AU.14","AC.7"],"tsc":["CC6.8","CC7.2","CC7.3"]},"agent":{"id":"002","name":"WINSERVER2022","ip":"192.168.100.30"},"manager":{"name":"soc01"},"id":"1789968778.1104947","decoder":{"name":"windows_eventchannel"},"data":{"win":{"system":{"providerName":"Microsoft-Windows-Security-Auditing","providerGuid":"{54849625-5478-4994-a5ba-3e3b0328c30d}","eventID":"4733","version":"0","level":"0","task":"13826","opcode":"0","keywords":"0x8020000000000000","systemTime":"2026-09-21T05:32:57.3344112Z","eventRecordID":"7752","processID":"620","threadID":"1680","channel":"Security","computer":"WIN-30JS3HVHMAB","severityValue":"AUDIT_SUCCESS","message":"\"A member was removed from a security-enabled local group.\r\n\r\nSubject:\r\n\tSecurity ID:\t\tS-1-5-21-3382847163-1926424565-132962873-500\r\n\tAccount Name:\t\tAdministrator\r\n\tAccount Domain:\t\tWIN-30JS3HVHMAB\r\n\tLogon ID:\t\t0x6FFBA\r\n\r\nMember:\r\n\tSecurity ID:\t\tS-1-5-21-3382847163-1926424565-132962873-1004\r\n\tAccount Name:\t\t-\r\n\r\nGroup:\r\n\tSecurity ID:\t\tS-1-5-32-544\r\n\tGroup Name:\t\tAdministrators\r\n\tGroup Domain:\t\tBuiltin\r\n\r\nAdditional Information:\r\n\tPrivileges:\t\t-\""},"eventdata":{"memberSid":"S-1-5-21-3382847163-1926424565-132962873-1004","targetUserName":"Administrators","targetDomainName":"Builtin","targetSid":"S-1-5-32-544","subjectUserSid":"S-1-5-21-3382847163-1926424565-132962873-500","subjectUserName":"Administrator","subjectDomainName":"WIN-30JS3HVHMAB","subjectLogonId":"0x6ffba"}}},"location":"EventChannel"}
{"timestamp":"2026-09-21T05:33:11.960+0000","rule":{"level":8,"description":"User account disabled or deleted","id":"60111","mitre":{"id":["T1098","T1531"],"tactic":["Persistence","Impact"],"technique":["Account Manipulation","Account Access Removal"]},"firedtimes":1,"mail":false,"groups":["windows","windows_security","adduser","account_changed"],"pci_dss":["8.1.2","10.2.5"],"gpg13":["7.10"],"gdpr":["IV_35.7.d","IV_32.2"],"hipaa":["164.312.a.2.I","164.312.a.2.II","164.312.b"],"nist_800_53":["AC.2","IA.4","AU.14","AC.7"],"tsc":["CC6.8","CC7.2","CC7.3"]},"agent":{"id":"002","name":"WINSERVER2022","ip":"192.168.100.30"},"manager":{"name":"soc01"},"id":"1789968791.1111250","decoder":{"name":"windows_eventchannel"},"data":{"win":{"system":{"providerName":"Microsoft-Windows-Security-Auditing","providerGuid":"{54849625-5478-4994-a5ba-3e3b0328c30d}","eventID":"4726","version":"0","level":"0","task":"13824","opcode":"0","keywords":"0x8020000000000000","systemTime":"2026-09-21T05:33:10.9974098Z","eventRecordID":"7754","processID":"620","threadID":"1820","channel":"Security","computer":"WIN-30JS3HVHMAB","severityValue":"AUDIT_SUCCESS","message":"\"A user account was deleted.\r\n\r\nSubject:\r\n\tSecurity ID:\t\tS-1-5-21-3382847163-1926424565-132962873-500\r\n\tAccount Name:\t\tAdministrator\r\n\tAccount Domain:\t\tWIN-30JS3HVHMAB\r\n\tLogon ID:\t\t0x6FFBA\r\n\r\nTarget Account:\r\n\tSecurity ID:\t\tS-1-5-21-3382847163-1926424565-132962873-1004\r\n\tAccount Name:\t\tsoccase16\r\n\tAccount Domain:\t\tWIN-30JS3HVHMAB\r\n\r\nAdditional Information:\r\n\tPrivileges\t-\""},"eventdata":{"targetUserName":"soccase16","targetDomainName":"WIN-30JS3HVHMAB","targetSid":"S-1-5-21-3382847163-1926424565-132962873-1004","subjectUserSid":"S-1-5-21-3382847163-1926424565-132962873-500","subjectUserName":"Administrator","subjectDomainName":"WIN-30JS3HVHMAB","subjectLogonId":"0x6ffba"}}},"location":"EventChannel"}
