{"timestamp":"2026-09-21T05:05:39.732+0000","rule":{"level":8,"description":"Case16: Controlled local account created: soccase16","id":"100365","mitre":{"id":["T1136.001"],"tactic":["Persistence"],"technique":["Local Account"]},"firedtimes":1,"mail":false,"groups":["local","soc_lab","case16","identity","account_creation"]},"agent":{"id":"002","name":"WINSERVER2022","ip":"192.168.100.30"},"manager":{"name":"soc01"},"id":"1789967139.958763","full_log":"{\"win\":{\"system\":{\"providerName\":\"Microsoft-Windows-Security-Auditing\",\"providerGuid\":\"{54849625-5478-4994-a5ba-3e3b0328c30d}\",\"eventID\":\"4720\",\"version\":\"0\",\"level\":\"0\",\"task\":\"13824\",\"opcode\":\"0\",\"keywords\":\"0x8020000000000000\",\"systemTime\":\"2026-09-21T05:05:38.7152427Z\",\"eventRecordID\":\"7717\",\"processID\":\"620\",\"threadID\":\"3400\",\"channel\":\"Security\",\"computer\":\"WIN-30JS3HVHMAB\",\"severityValue\":\"AUDIT_SUCCESS\",\"message\":\"\\\"A user account was created.\\r\\n\\r\\nSubject:\\r\\n\\tSecurity ID:\\t\\tS-1-5-21-3382847163-1926424565-132962873-500\\r\\n\\tAccount Name:\\t\\tAdministrator\\r\\n\\tAccount Domain:\\t\\tWIN-30JS3HVHMAB\\r\\n\\tLogon ID:\\t\\t0x6FFBA\\r\\n\\r\\nNew Account:\\r\\n\\tSecurity ID:\\t\\tS-1-5-21-3382847163-1926424565-132962873-1004\\r\\n\\tAccount Name:\\t\\tsoccase16\\r\\n\\tAccount Domain:\\t\\tWIN-30JS3HVHMAB\\r\\n\\r\\nAttributes:\\r\\n\\tSAM Account Name:\\tsoccase16\\r\\n\\tDisplay Name:\\t\\t<value not set>\\r\\n\\tUser Principal Name:\\t-\\r\\n\\tHome Directory:\\t\\t<value not set>\\r\\n\\tHome Drive:\\t\\t<value not set>\\r\\n\\tScript Path:\\t\\t<value not set>\\r\\n\\tProfile Path:\\t\\t<value not set>\\r\\n\\tUser Workstations:\\t<value not set>\\r\\n\\tPassword Last Set:\\t<never>\\r\\n\\tAccount Expires:\\t\\t<never>\\r\\n\\tPrimary Group ID:\\t513\\r\\n\\tAllowed To Delegate To:\\t-\\r\\n\\tOld UAC Value:\\t\\t0x0\\r\\n\\tNew UAC Value:\\t\\t0x15\\r\\n\\tUser Account Control:\\t\\r\\n\\t\\tAccount Disabled\\r\\n\\t\\t'Password Not Required' - Enabled\\r\\n\\t\\t'Normal Account' - Enabled\\r\\n\\tUser Parameters:\\t<value not set>\\r\\n\\tSID History:\\t\\t-\\r\\n\\tLogon Hours:\\t\\tAll\\r\\n\\r\\nAdditional Information:\\r\\n\\tPrivileges\\t\\t-\\\"\"},\"eventdata\":{\"targetUserName\":\"soccase16\",\"targetDomainName\":\"WIN-30JS3HVHMAB\",\"targetSid\":\"S-1-5-21-3382847163-1926424565-132962873-1004\",\"subjectUserSid\":\"S-1-5-21-3382847163-1926424565-132962873-500\",\"subjectUserName\":\"Administrator\",\"subjectDomainName\":\"WIN-30JS3HVHMAB\",\"subjectLogonId\":\"0x6ffba\",\"samAccountName\":\"soccase16\",\"displayName\":\"%%1793\",\"homeDirectory\":\"%%1793\",\"homePath\":\"%%1793\",\"scriptPath\":\"%%1793\",\"profilePath\":\"%%1793\",\"userWorkstations\":\"%%1793\",\"passwordLastSet\":\"%%1794\",\"accountExpires\":\"%%1794\",\"primaryGroupId\":\"513\",\"oldUacValue\":\"0x0\",\"newUacValue\":\"0x15\",\"userAccountControl\":\"    %%2080    %%2082    %%2084\",\"userParameters\":\"%%1793\",\"logonHours\":\"%%1797\"}}}","decoder":{"name":"windows_eventchannel"},"data":{"win":{"system":{"providerName":"Microsoft-Windows-Security-Auditing","providerGuid":"{54849625-5478-4994-a5ba-3e3b0328c30d}","eventID":"4720","version":"0","level":"0","task":"13824","opcode":"0","keywords":"0x8020000000000000","systemTime":"2026-09-21T05:05:38.7152427Z","eventRecordID":"7717","processID":"620","threadID":"3400","channel":"Security","computer":"WIN-30JS3HVHMAB","severityValue":"AUDIT_SUCCESS","message":"\"A user account was created.\r\n\r\nSubject:\r\n\tSecurity ID:\t\tS-1-5-21-3382847163-1926424565-132962873-500\r\n\tAccount Name:\t\tAdministrator\r\n\tAccount Domain:\t\tWIN-30JS3HVHMAB\r\n\tLogon ID:\t\t0x6FFBA\r\n\r\nNew Account:\r\n\tSecurity ID:\t\tS-1-5-21-3382847163-1926424565-132962873-1004\r\n\tAccount Name:\t\tsoccase16\r\n\tAccount Domain:\t\tWIN-30JS3HVHMAB\r\n\r\nAttributes:\r\n\tSAM Account Name:\tsoccase16\r\n\tDisplay Name:\t\t<value not set>\r\n\tUser Principal Name:\t-\r\n\tHome Directory:\t\t<value not set>\r\n\tHome Drive:\t\t<value not set>\r\n\tScript Path:\t\t<value not set>\r\n\tProfile Path:\t\t<value not set>\r\n\tUser Workstations:\t<value not set>\r\n\tPassword Last Set:\t<never>\r\n\tAccount Expires:\t\t<never>\r\n\tPrimary Group ID:\t513\r\n\tAllowed To Delegate To:\t-\r\n\tOld UAC Value:\t\t0x0\r\n\tNew UAC Value:\t\t0x15\r\n\tUser Account Control:\t\r\n\t\tAccount Disabled\r\n\t\t'Password Not Required' - Enabled\r\n\t\t'Normal Account' - Enabled\r\n\tUser Parameters:\t<value not set>\r\n\tSID History:\t\t-\r\n\tLogon Hours:\t\tAll\r\n\r\nAdditional Information:\r\n\tPrivileges\t\t-\""},"eventdata":{"targetUserName":"soccase16","targetDomainName":"WIN-30JS3HVHMAB","targetSid":"S-1-5-21-3382847163-1926424565-132962873-1004","subjectUserSid":"S-1-5-21-3382847163-1926424565-132962873-500","subjectUserName":"Administrator","subjectDomainName":"WIN-30JS3HVHMAB","subjectLogonId":"0x6ffba","samAccountName":"soccase16","displayName":"%%1793","homeDirectory":"%%1793","homePath":"%%1793","scriptPath":"%%1793","profilePath":"%%1793","userWorkstations":"%%1793","passwordLastSet":"%%1794","accountExpires":"%%1794","primaryGroupId":"513","oldUacValue":"0x0","newUacValue":"0x15","userAccountControl":"    %%2080    %%2082    %%2084","userParameters":"%%1793","logonHours":"%%1797"}}},"location":"EventChannel"}
{"timestamp":"2026-09-21T05:08:05.561+0000","rule":{"level":13,"description":"Case16: Recent controlled local account creation followed by local Administrators group assignment.","id":"100375","frequency":2,"firedtimes":1,"mail":true,"groups":["local","soc_lab","case16","correlation","identity","account_creation","privilege_assignment","local_admin_group"]},"agent":{"id":"002","name":"WINSERVER2022","ip":"192.168.100.30"},"manager":{"name":"soc01"},"id":"1789967285.977534","full_log":"{\"win\":{\"system\":{\"providerName\":\"Microsoft-Windows-Security-Auditing\",\"providerGuid\":\"{54849625-5478-4994-a5ba-3e3b0328c30d}\",\"eventID\":\"4732\",\"version\":\"0\",\"level\":\"0\",\"task\":\"13826\",\"opcode\":\"0\",\"keywords\":\"0x8020000000000000\",\"systemTime\":\"2026-09-21T05:08:04.5591185Z\",\"eventRecordID\":\"7723\",\"processID\":\"620\",\"threadID\":\"664\",\"channel\":\"Security\",\"computer\":\"WIN-30JS3HVHMAB\",\"severityValue\":\"AUDIT_SUCCESS\",\"message\":\"\\\"A member was added to a security-enabled local group.\\r\\n\\r\\nSubject:\\r\\n\\tSecurity ID:\\t\\tS-1-5-21-3382847163-1926424565-132962873-500\\r\\n\\tAccount Name:\\t\\tAdministrator\\r\\n\\tAccount Domain:\\t\\tWIN-30JS3HVHMAB\\r\\n\\tLogon ID:\\t\\t0x6FFBA\\r\\n\\r\\nMember:\\r\\n\\tSecurity ID:\\t\\tS-1-5-21-3382847163-1926424565-132962873-1004\\r\\n\\tAccount Name:\\t\\t-\\r\\n\\r\\nGroup:\\r\\n\\tSecurity ID:\\t\\tS-1-5-32-544\\r\\n\\tGroup Name:\\t\\tAdministrators\\r\\n\\tGroup Domain:\\t\\tBuiltin\\r\\n\\r\\nAdditional Information:\\r\\n\\tPrivileges:\\t\\t-\\\"\"},\"eventdata\":{\"memberSid\":\"S-1-5-21-3382847163-1926424565-132962873-1004\",\"targetUserName\":\"Administrators\",\"targetDomainName\":\"Builtin\",\"targetSid\":\"S-1-5-32-544\",\"subjectUserSid\":\"S-1-5-21-3382847163-1926424565-132962873-500\",\"subjectUserName\":\"Administrator\",\"subjectDomainName\":\"WIN-30JS3HVHMAB\",\"subjectLogonId\":\"0x6ffba\"}}}","decoder":{"name":"windows_eventchannel"},"data":{"win":{"system":{"providerName":"Microsoft-Windows-Security-Auditing","providerGuid":"{54849625-5478-4994-a5ba-3e3b0328c30d}","eventID":"4732","version":"0","level":"0","task":"13826","opcode":"0","keywords":"0x8020000000000000","systemTime":"2026-09-21T05:08:04.5591185Z","eventRecordID":"7723","processID":"620","threadID":"664","channel":"Security","computer":"WIN-30JS3HVHMAB","severityValue":"AUDIT_SUCCESS","message":"\"A member was added to a security-enabled local group.\r\n\r\nSubject:\r\n\tSecurity ID:\t\tS-1-5-21-3382847163-1926424565-132962873-500\r\n\tAccount Name:\t\tAdministrator\r\n\tAccount Domain:\t\tWIN-30JS3HVHMAB\r\n\tLogon ID:\t\t0x6FFBA\r\n\r\nMember:\r\n\tSecurity ID:\t\tS-1-5-21-3382847163-1926424565-132962873-1004\r\n\tAccount Name:\t\t-\r\n\r\nGroup:\r\n\tSecurity ID:\t\tS-1-5-32-544\r\n\tGroup Name:\t\tAdministrators\r\n\tGroup Domain:\t\tBuiltin\r\n\r\nAdditional Information:\r\n\tPrivileges:\t\t-\""},"eventdata":{"memberSid":"S-1-5-21-3382847163-1926424565-132962873-1004","targetUserName":"Administrators","targetDomainName":"Builtin","targetSid":"S-1-5-32-544","subjectUserSid":"S-1-5-21-3382847163-1926424565-132962873-500","subjectUserName":"Administrator","subjectDomainName":"WIN-30JS3HVHMAB","subjectLogonId":"0x6ffba"}}},"location":"EventChannel"}
{"timestamp":"2026-09-21T05:13:17.641+0000","rule":{"level":10,"description":"Case16: Controlled local account logged on with an elevated token: soccase16 - LogonId 0x452c93","id":"100380","mitre":{"id":["T1078"],"tactic":["Defense Evasion","Persistence","Privilege Escalation","Initial Access"],"technique":["Valid Accounts"]},"firedtimes":1,"mail":false,"groups":["local","soc_lab","case16","identity","authentication","privileged_logon","elevated_token"]},"agent":{"id":"002","name":"WINSERVER2022","ip":"192.168.100.30"},"manager":{"name":"soc01"},"id":"1789967597.985321","full_log":"{\"win\":{\"system\":{\"providerName\":\"Microsoft-Windows-Security-Auditing\",\"providerGuid\":\"{54849625-5478-4994-a5ba-3e3b0328c30d}\",\"eventID\":\"4624\",\"version\":\"2\",\"level\":\"0\",\"task\":\"12544\",\"opcode\":\"0\",\"keywords\":\"0x8020000000000000\",\"systemTime\":\"2026-09-21T05:13:13.1073206Z\",\"eventRecordID\":\"7729\",\"processID\":\"620\",\"threadID\":\"664\",\"channel\":\"Security\",\"computer\":\"WIN-30JS3HVHMAB\",\"severityValue\":\"AUDIT_SUCCESS\",\"message\":\"\\\"An account was successfully logged on.\\r\\n\\r\\nSubject:\\r\\n\\tSecurity ID:\\t\\tS-1-5-21-3382847163-1926424565-132962873-500\\r\\n\\tAccount Name:\\t\\tAdministrator\\r\\n\\tAccount Domain:\\t\\tWIN-30JS3HVHMAB\\r\\n\\tLogon ID:\\t\\t0x6FFBA\\r\\n\\r\\nLogon Information:\\r\\n\\tLogon Type:\\t\\t2\\r\\n\\tRestricted Admin Mode:\\t-\\r\\n\\tVirtual Account:\\t\\tNo\\r\\n\\tElevated Token:\\t\\tYes\\r\\n\\r\\nImpersonation Level:\\t\\tImpersonation\\r\\n\\r\\nNew Logon:\\r\\n\\tSecurity ID:\\t\\tS-1-5-21-3382847163-1926424565-132962873-1004\\r\\n\\tAccount Name:\\t\\tsoccase16\\r\\n\\tAccount Domain:\\t\\tWIN-30JS3HVHMAB\\r\\n\\tLogon ID:\\t\\t0x452C93\\r\\n\\tLinked Logon ID:\\t\\t0x452CC0\\r\\n\\tNetwork Account Name:\\t-\\r\\n\\tNetwork Account Domain:\\t-\\r\\n\\tLogon GUID:\\t\\t{00000000-0000-0000-0000-000000000000}\\r\\n\\r\\nProcess Information:\\r\\n\\tProcess ID:\\t\\t0x3f0\\r\\n\\tProcess Name:\\t\\tC:\\\\Windows\\\\System32\\\\svchost.exe\\r\\n\\r\\nNetwork Information:\\r\\n\\tWorkstation Name:\\tWIN-30JS3HVHMAB\\r\\n\\tSource Network Address:\\t::1\\r\\n\\tSource Port:\\t\\t0\\r\\n\\r\\nDetailed Authentication Information:\\r\\n\\tLogon Process:\\t\\tseclogo\\r\\n\\tAuthentication Package:\\tNegotiate\\r\\n\\tTransited Services:\\t-\\r\\n\\tPackage Name (NTLM only):\\t-\\r\\n\\tKey Length:\\t\\t0\\r\\n\\r\\nThis event is generated when a logon session is created. It is generated on the computer that was accessed.\\r\\n\\r\\nThe subject fields indicate the account on the local system which requested the logon. This is most commonly a service such as the Server service, or a local process such as Winlogon.exe or Services.exe.\\r\\n\\r\\nThe logon type field indicates the kind of logon that occurred. The most common types are 2 (interactive) and 3 (network).\\r\\n\\r\\nThe New Logon fields indicate the account for whom the new logon was created, i.e. the account that was logged on.\\r\\n\\r\\nThe network fields indicate where a remote logon request originated. Workstation name is not always available and may be left blank in some cases.\\r\\n\\r\\nThe impersonation level field indicates the extent to which a process in the logon session can impersonate.\\r\\n\\r\\nThe authentication information fields provide detailed information about this specific logon request.\\r\\n\\t- Logon GUID is a unique identifier that can be used to correlate this event with a KDC event.\\r\\n\\t- Transited services indicate which intermediate services have participated in this logon request.\\r\\n\\t- Package name indicates which sub-protocol was used among the NTLM protocols.\\r\\n\\t- Key length indicates the length of the generated session key. This will be 0 if no session key was requested.\\\"\"},\"eventdata\":{\"subjectUserSid\":\"S-1-5-21-3382847163-1926424565-132962873-500\",\"subjectUserName\":\"Administrator\",\"subjectDomainName\":\"WIN-30JS3HVHMAB\",\"subjectLogonId\":\"0x6ffba\",\"targetUserSid\":\"S-1-5-21-3382847163-1926424565-132962873-1004\",\"targetUserName\":\"soccase16\",\"targetDomainName\":\"WIN-30JS3HVHMAB\",\"targetLogonId\":\"0x452c93\",\"logonType\":\"2\",\"logonProcessName\":\"seclogo\",\"authenticationPackageName\":\"Negotiate\",\"workstationName\":\"WIN-30JS3HVHMAB\",\"logonGuid\":\"{00000000-0000-0000-0000-000000000000}\",\"keyLength\":\"0\",\"processId\":\"0x3f0\",\"processName\":\"C:\\\\\\\\Windows\\\\\\\\System32\\\\\\\\svchost.exe\",\"ipAddress\":\"::1\",\"ipPort\":\"0\",\"impersonationLevel\":\"%%1833\",\"virtualAccount\":\"%%1843\",\"targetLinkedLogonId\":\"0x452cc0\",\"elevatedToken\":\"%%1842\"}}}","decoder":{"name":"windows_eventchannel"},"data":{"win":{"system":{"providerName":"Microsoft-Windows-Security-Auditing","providerGuid":"{54849625-5478-4994-a5ba-3e3b0328c30d}","eventID":"4624","version":"2","level":"0","task":"12544","opcode":"0","keywords":"0x8020000000000000","systemTime":"2026-09-21T05:13:13.1073206Z","eventRecordID":"7729","processID":"620","threadID":"664","channel":"Security","computer":"WIN-30JS3HVHMAB","severityValue":"AUDIT_SUCCESS","message":"\"An account was successfully logged on.\r\n\r\nSubject:\r\n\tSecurity ID:\t\tS-1-5-21-3382847163-1926424565-132962873-500\r\n\tAccount Name:\t\tAdministrator\r\n\tAccount Domain:\t\tWIN-30JS3HVHMAB\r\n\tLogon ID:\t\t0x6FFBA\r\n\r\nLogon Information:\r\n\tLogon Type:\t\t2\r\n\tRestricted Admin Mode:\t-\r\n\tVirtual Account:\t\tNo\r\n\tElevated Token:\t\tYes\r\n\r\nImpersonation Level:\t\tImpersonation\r\n\r\nNew Logon:\r\n\tSecurity ID:\t\tS-1-5-21-3382847163-1926424565-132962873-1004\r\n\tAccount Name:\t\tsoccase16\r\n\tAccount Domain:\t\tWIN-30JS3HVHMAB\r\n\tLogon ID:\t\t0x452C93\r\n\tLinked Logon ID:\t\t0x452CC0\r\n\tNetwork Account Name:\t-\r\n\tNetwork Account Domain:\t-\r\n\tLogon GUID:\t\t{00000000-0000-0000-0000-000000000000}\r\n\r\nProcess Information:\r\n\tProcess ID:\t\t0x3f0\r\n\tProcess Name:\t\tC:\\Windows\\System32\\svchost.exe\r\n\r\nNetwork Information:\r\n\tWorkstation Name:\tWIN-30JS3HVHMAB\r\n\tSource Network Address:\t::1\r\n\tSource Port:\t\t0\r\n\r\nDetailed Authentication Information:\r\n\tLogon Process:\t\tseclogo\r\n\tAuthentication Package:\tNegotiate\r\n\tTransited Services:\t-\r\n\tPackage Name (NTLM only):\t-\r\n\tKey Length:\t\t0\r\n\r\nThis event is generated when a logon session is created. It is generated on the computer that was accessed.\r\n\r\nThe subject fields indicate the account on the local system which requested the logon. This is most commonly a service such as the Server service, or a local process such as Winlogon.exe or Services.exe.\r\n\r\nThe logon type field indicates the kind of logon that occurred. The most common types are 2 (interactive) and 3 (network).\r\n\r\nThe New Logon fields indicate the account for whom the new logon was created, i.e. the account that was logged on.\r\n\r\nThe network fields indicate where a remote logon request originated. Workstation name is not always available and may be left blank in some cases.\r\n\r\nThe impersonation level field indicates the extent to which a process in the logon session can impersonate.\r\n\r\nThe authentication information fields provide detailed information about this specific logon request.\r\n\t- Logon GUID is a unique identifier that can be used to correlate this event with a KDC event.\r\n\t- Transited services indicate which intermediate services have participated in this logon request.\r\n\t- Package name indicates which sub-protocol was used among the NTLM protocols.\r\n\t- Key length indicates the length of the generated session key. This will be 0 if no session key was requested.\""},"eventdata":{"subjectUserSid":"S-1-5-21-3382847163-1926424565-132962873-500","subjectUserName":"Administrator","subjectDomainName":"WIN-30JS3HVHMAB","subjectLogonId":"0x6ffba","targetUserSid":"S-1-5-21-3382847163-1926424565-132962873-1004","targetUserName":"soccase16","targetDomainName":"WIN-30JS3HVHMAB","targetLogonId":"0x452c93","logonType":"2","logonProcessName":"seclogo","authenticationPackageName":"Negotiate","workstationName":"WIN-30JS3HVHMAB","logonGuid":"{00000000-0000-0000-0000-000000000000}","keyLength":"0","processId":"0x3f0","processName":"C:\\\\Windows\\\\System32\\\\svchost.exe","ipAddress":"::1","ipPort":"0","impersonationLevel":"%%1833","virtualAccount":"%%1843","targetLinkedLogonId":"0x452cc0","elevatedToken":"%%1842"}}},"location":"EventChannel"}
{"timestamp":"2026-09-21T05:13:17.771+0000","rule":{"level":12,"description":"Case16: Elevated logon for controlled local account followed by special privileges - LogonId 0x452c93","id":"100385","frequency":2,"firedtimes":1,"mail":true,"groups":["local","soc_lab","case16","correlation","identity","privileged_logon","special_privileges"]},"agent":{"id":"002","name":"WINSERVER2022","ip":"192.168.100.30"},"manager":{"name":"soc01"},"id":"1789967597.1001065","full_log":"{\"win\":{\"system\":{\"providerName\":\"Microsoft-Windows-Security-Auditing\",\"providerGuid\":\"{54849625-5478-4994-a5ba-3e3b0328c30d}\",\"eventID\":\"4672\",\"version\":\"0\",\"level\":\"0\",\"task\":\"12548\",\"opcode\":\"0\",\"keywords\":\"0x8020000000000000\",\"systemTime\":\"2026-09-21T05:13:13.1073529Z\",\"eventRecordID\":\"7731\",\"processID\":\"620\",\"threadID\":\"664\",\"channel\":\"Security\",\"computer\":\"WIN-30JS3HVHMAB\",\"severityValue\":\"AUDIT_SUCCESS\",\"message\":\"\\\"Special privileges assigned to new logon.\\r\\n\\r\\nSubject:\\r\\n\\tSecurity ID:\\t\\tS-1-5-21-3382847163-1926424565-132962873-1004\\r\\n\\tAccount Name:\\t\\tsoccase16\\r\\n\\tAccount Domain:\\t\\tWIN-30JS3HVHMAB\\r\\n\\tLogon ID:\\t\\t0x452C93\\r\\n\\r\\nPrivileges:\\t\\tSeSecurityPrivilege\\r\\n\\t\\t\\tSeTakeOwnershipPrivilege\\r\\n\\t\\t\\tSeLoadDriverPrivilege\\r\\n\\t\\t\\tSeBackupPrivilege\\r\\n\\t\\t\\tSeRestorePrivilege\\r\\n\\t\\t\\tSeDebugPrivilege\\r\\n\\t\\t\\tSeSystemEnvironmentPrivilege\\r\\n\\t\\t\\tSeImpersonatePrivilege\\r\\n\\t\\t\\tSeDelegateSessionUserImpersonatePrivilege\\\"\"},\"eventdata\":{\"subjectUserSid\":\"S-1-5-21-3382847163-1926424565-132962873-1004\",\"subjectUserName\":\"soccase16\",\"subjectDomainName\":\"WIN-30JS3HVHMAB\",\"subjectLogonId\":\"0x452c93\",\"privilegeList\":\"SeSecurityPrivilege     SeTakeOwnershipPrivilege     SeLoadDriverPrivilege     SeBackupPrivilege     SeRestorePrivilege     SeDebugPrivilege     SeSystemEnvironmentPrivilege     SeImpersonatePrivilege     SeDelegateSessionUserImpersonatePrivilege\"}}}","decoder":{"name":"windows_eventchannel"},"data":{"win":{"system":{"providerName":"Microsoft-Windows-Security-Auditing","providerGuid":"{54849625-5478-4994-a5ba-3e3b0328c30d}","eventID":"4672","version":"0","level":"0","task":"12548","opcode":"0","keywords":"0x8020000000000000","systemTime":"2026-09-21T05:13:13.1073529Z","eventRecordID":"7731","processID":"620","threadID":"664","channel":"Security","computer":"WIN-30JS3HVHMAB","severityValue":"AUDIT_SUCCESS","message":"\"Special privileges assigned to new logon.\r\n\r\nSubject:\r\n\tSecurity ID:\t\tS-1-5-21-3382847163-1926424565-132962873-1004\r\n\tAccount Name:\t\tsoccase16\r\n\tAccount Domain:\t\tWIN-30JS3HVHMAB\r\n\tLogon ID:\t\t0x452C93\r\n\r\nPrivileges:\t\tSeSecurityPrivilege\r\n\t\t\tSeTakeOwnershipPrivilege\r\n\t\t\tSeLoadDriverPrivilege\r\n\t\t\tSeBackupPrivilege\r\n\t\t\tSeRestorePrivilege\r\n\t\t\tSeDebugPrivilege\r\n\t\t\tSeSystemEnvironmentPrivilege\r\n\t\t\tSeImpersonatePrivilege\r\n\t\t\tSeDelegateSessionUserImpersonatePrivilege\""},"eventdata":{"subjectUserSid":"S-1-5-21-3382847163-1926424565-132962873-1004","subjectUserName":"soccase16","subjectDomainName":"WIN-30JS3HVHMAB","subjectLogonId":"0x452c93","privilegeList":"SeSecurityPrivilege     SeTakeOwnershipPrivilege     SeLoadDriverPrivilege     SeBackupPrivilege     SeRestorePrivilege     SeDebugPrivilege     SeSystemEnvironmentPrivilege     SeImpersonatePrivilege     SeDelegateSessionUserImpersonatePrivilege"}}},"location":"EventChannel"}
{"timestamp":"2026-09-21T05:17:12.140+0000","rule":{"level":15,"description":"Case16: High-confidence identity escalation chain - recent controlled account creation and local Administrator assignment followed by High-integrity process execution.","id":"100395","frequency":2,"firedtimes":1,"mail":true,"groups":["local","soc_lab","case16","correlation","identity","account_creation","privilege_assignment","privilege_escalation","high_integrity","privileged_execution"]},"agent":{"id":"002","name":"WINSERVER2022","ip":"192.168.100.30"},"manager":{"name":"soc01"},"id":"1789967832.1027512","full_log":"{\"win\":{\"system\":{\"providerName\":\"Microsoft-Windows-Sysmon\",\"providerGuid\":\"{5770385f-c22a-43e0-bf4c-06f5698ffbd9}\",\"eventID\":\"1\",\"version\":\"5\",\"level\":\"4\",\"task\":\"1\",\"opcode\":\"0\",\"keywords\":\"0x8000000000000000\",\"systemTime\":\"2026-09-21T05:17:06.9982717Z\",\"eventRecordID\":\"34532\",\"processID\":\"1264\",\"threadID\":\"3684\",\"channel\":\"Microsoft-Windows-Sysmon/Operational\",\"computer\":\"WIN-30JS3HVHMAB\",\"severityValue\":\"INFORMATION\",\"message\":\"\\\"Process Create:\\r\\nRuleName: -\\r\\nUtcTime: 2026-09-21 05:17:06.988\\r\\nProcessGuid: {34dad77b-bdd2-6ab0-8701-000000001c00}\\r\\nProcessId: 4120\\r\\nImage: C:\\\\Windows\\\\System32\\\\WindowsPowerShell\\\\v1.0\\\\powershell.exe\\r\\nFileVersion: 10.0.20348.1 (WinBuild.160101.0800)\\r\\nDescription: Windows PowerShell\\r\\nProduct: Microsoft® Windows® Operating System\\r\\nCompany: Microsoft Corporation\\r\\nOriginalFileName: PowerShell.EXE\\r\\nCommandLine: \\\"C:\\\\Windows\\\\System32\\\\WindowsPowerShell\\\\v1.0\\\\powershell.exe\\\" -NoExit \\r\\nCurrentDirectory: C:\\\\Windows\\\\system32\\\\\\r\\nUser: WIN-30JS3HVHMAB\\\\soccase16\\r\\nLogonGuid: {34dad77b-bce9-6ab0-932c-450000000000}\\r\\nLogonId: 0x452C93\\r\\nTerminalSessionId: 1\\r\\nIntegrityLevel: High\\r\\nHashes: SHA256=1C84C8632C5269F24876ED9F49FA810B49F77E1E92E8918FC164C34B020F9A94\\r\\nParentProcessGuid: {34dad77b-bcea-6ab0-8101-000000001c00}\\r\\nParentProcessId: 4440\\r\\nParentImage: C:\\\\Windows\\\\System32\\\\WindowsPowerShell\\\\v1.0\\\\powershell.exe\\r\\nParentCommandLine: powershell.exe -NoExit\\r\\nParentUser: WIN-30JS3HVHMAB\\\\soccase16\\\"\"},\"eventdata\":{\"utcTime\":\"2026-09-21 05:17:06.988\",\"processGuid\":\"{34dad77b-bdd2-6ab0-8701-000000001c00}\",\"processId\":\"4120\",\"image\":\"C:\\\\\\\\Windows\\\\\\\\System32\\\\\\\\WindowsPowerShell\\\\\\\\v1.0\\\\\\\\powershell.exe\",\"fileVersion\":\"10.0.20348.1 (WinBuild.160101.0800)\",\"description\":\"Windows PowerShell\",\"product\":\"Microsoft® Windows® Operating System\",\"company\":\"Microsoft Corporation\",\"originalFileName\":\"PowerShell.EXE\",\"commandLine\":\"\\\\\\\"C:\\\\\\\\Windows\\\\\\\\System32\\\\\\\\WindowsPowerShell\\\\\\\\v1.0\\\\\\\\powershell.exe\\\\\\\" -NoExit\",\"currentDirectory\":\"C:\\\\\\\\Windows\\\\\\\\system32\\\\\\\\\",\"user\":\"WIN-30JS3HVHMAB\\\\\\\\soccase16\",\"logonGuid\":\"{34dad77b-bce9-6ab0-932c-450000000000}\",\"logonId\":\"0x452c93\",\"terminalSessionId\":\"1\",\"integrityLevel\":\"High\",\"hashes\":\"SHA256=1C84C8632C5269F24876ED9F49FA810B49F77E1E92E8918FC164C34B020F9A94\",\"parentProcessGuid\":\"{34dad77b-bcea-6ab0-8101-000000001c00}\",\"parentProcessId\":\"4440\",\"parentImage\":\"C:\\\\\\\\Windows\\\\\\\\System32\\\\\\\\WindowsPowerShell\\\\\\\\v1.0\\\\\\\\powershell.exe\",\"parentCommandLine\":\"powershell.exe -NoExit\",\"parentUser\":\"WIN-30JS3HVHMAB\\\\\\\\soccase16\"}}}","decoder":{"name":"windows_eventchannel"},"data":{"win":{"system":{"providerName":"Microsoft-Windows-Sysmon","providerGuid":"{5770385f-c22a-43e0-bf4c-06f5698ffbd9}","eventID":"1","version":"5","level":"4","task":"1","opcode":"0","keywords":"0x8000000000000000","systemTime":"2026-09-21T05:17:06.9982717Z","eventRecordID":"34532","processID":"1264","threadID":"3684","channel":"Microsoft-Windows-Sysmon/Operational","computer":"WIN-30JS3HVHMAB","severityValue":"INFORMATION","message":"\"Process Create:\r\nRuleName: -\r\nUtcTime: 2026-09-21 05:17:06.988\r\nProcessGuid: {34dad77b-bdd2-6ab0-8701-000000001c00}\r\nProcessId: 4120\r\nImage: C:\\Windows\\System32\\WindowsPowerShell\\v1.0\\powershell.exe\r\nFileVersion: 10.0.20348.1 (WinBuild.160101.0800)\r\nDescription: Windows PowerShell\r\nProduct: Microsoft® Windows® Operating System\r\nCompany: Microsoft Corporation\r\nOriginalFileName: PowerShell.EXE\r\nCommandLine: \"C:\\Windows\\System32\\WindowsPowerShell\\v1.0\\powershell.exe\" -NoExit \r\nCurrentDirectory: C:\\Windows\\system32\\\r\nUser: WIN-30JS3HVHMAB\\soccase16\r\nLogonGuid: {34dad77b-bce9-6ab0-932c-450000000000}\r\nLogonId: 0x452C93\r\nTerminalSessionId: 1\r\nIntegrityLevel: High\r\nHashes: SHA256=1C84C8632C5269F24876ED9F49FA810B49F77E1E92E8918FC164C34B020F9A94\r\nParentProcessGuid: {34dad77b-bcea-6ab0-8101-000000001c00}\r\nParentProcessId: 4440\r\nParentImage: C:\\Windows\\System32\\WindowsPowerShell\\v1.0\\powershell.exe\r\nParentCommandLine: powershell.exe -NoExit\r\nParentUser: WIN-30JS3HVHMAB\\soccase16\""},"eventdata":{"utcTime":"2026-09-21 05:17:06.988","processGuid":"{34dad77b-bdd2-6ab0-8701-000000001c00}","processId":"4120","image":"C:\\\\Windows\\\\System32\\\\WindowsPowerShell\\\\v1.0\\\\powershell.exe","fileVersion":"10.0.20348.1 (WinBuild.160101.0800)","description":"Windows PowerShell","product":"Microsoft® Windows® Operating System","company":"Microsoft Corporation","originalFileName":"PowerShell.EXE","commandLine":"\\\"C:\\\\Windows\\\\System32\\\\WindowsPowerShell\\\\v1.0\\\\powershell.exe\\\" -NoExit","currentDirectory":"C:\\\\Windows\\\\system32\\\\","user":"WIN-30JS3HVHMAB\\\\soccase16","logonGuid":"{34dad77b-bce9-6ab0-932c-450000000000}","logonId":"0x452c93","terminalSessionId":"1","integrityLevel":"High","hashes":"SHA256=1C84C8632C5269F24876ED9F49FA810B49F77E1E92E8918FC164C34B020F9A94","parentProcessGuid":"{34dad77b-bcea-6ab0-8101-000000001c00}","parentProcessId":"4440","parentImage":"C:\\\\Windows\\\\System32\\\\WindowsPowerShell\\\\v1.0\\\\powershell.exe","parentCommandLine":"powershell.exe -NoExit","parentUser":"WIN-30JS3HVHMAB\\\\soccase16"}}},"location":"EventChannel"}
{"timestamp":"2026-09-21T05:17:12.199+0000","rule":{"level":15,"description":"Case16: High-confidence identity escalation chain - recent controlled account creation and local Administrator assignment followed by High-integrity process execution.","id":"100395","frequency":2,"firedtimes":2,"mail":true,"groups":["local","soc_lab","case16","correlation","identity","account_creation","privilege_assignment","privilege_escalation","high_integrity","privileged_execution"]},"agent":{"id":"002","name":"WINSERVER2022","ip":"192.168.100.30"},"manager":{"name":"soc01"},"id":"1789967832.1034579","full_log":"{\"win\":{\"system\":{\"providerName\":\"Microsoft-Windows-Sysmon\",\"providerGuid\":\"{5770385f-c22a-43e0-bf4c-06f5698ffbd9}\",\"eventID\":\"1\",\"version\":\"5\",\"level\":\"4\",\"task\":\"1\",\"opcode\":\"0\",\"keywords\":\"0x8000000000000000\",\"systemTime\":\"2026-09-21T05:17:07.0050494Z\",\"eventRecordID\":\"34533\",\"processID\":\"1264\",\"threadID\":\"3684\",\"channel\":\"Microsoft-Windows-Sysmon/Operational\",\"computer\":\"WIN-30JS3HVHMAB\",\"severityValue\":\"INFORMATION\",\"message\":\"\\\"Process Create:\\r\\nRuleName: -\\r\\nUtcTime: 2026-09-21 05:17:07.002\\r\\nProcessGuid: {34dad77b-bdd3-6ab0-8801-000000001c00}\\r\\nProcessId: 2332\\r\\nImage: C:\\\\Windows\\\\System32\\\\conhost.exe\\r\\nFileVersion: 10.0.20348.558 (WinBuild.160101.0800)\\r\\nDescription: Console Window Host\\r\\nProduct: Microsoft® Windows® Operating System\\r\\nCompany: Microsoft Corporation\\r\\nOriginalFileName: CONHOST.EXE\\r\\nCommandLine: \\\\??\\\\C:\\\\Windows\\\\system32\\\\conhost.exe 0xffffffff -ForceV1\\r\\nCurrentDirectory: C:\\\\Windows\\r\\nUser: WIN-30JS3HVHMAB\\\\soccase16\\r\\nLogonGuid: {34dad77b-bce9-6ab0-932c-450000000000}\\r\\nLogonId: 0x452C93\\r\\nTerminalSessionId: 1\\r\\nIntegrityLevel: High\\r\\nHashes: SHA256=6B481D656414C50D8BD0BEDCD615AEAF2F5F68576CB6732A9548E0DA87729733\\r\\nParentProcessGuid: {34dad77b-bdd2-6ab0-8701-000000001c00}\\r\\nParentProcessId: 4120\\r\\nParentImage: C:\\\\Windows\\\\System32\\\\WindowsPowerShell\\\\v1.0\\\\powershell.exe\\r\\nParentCommandLine: \\\"C:\\\\Windows\\\\System32\\\\WindowsPowerShell\\\\v1.0\\\\powershell.exe\\\" -NoExit \\r\\nParentUser: WIN-30JS3HVHMAB\\\\soccase16\\\"\"},\"eventdata\":{\"utcTime\":\"2026-09-21 05:17:07.002\",\"processGuid\":\"{34dad77b-bdd3-6ab0-8801-000000001c00}\",\"processId\":\"2332\",\"image\":\"C:\\\\\\\\Windows\\\\\\\\System32\\\\\\\\conhost.exe\",\"fileVersion\":\"10.0.20348.558 (WinBuild.160101.0800)\",\"description\":\"Console Window Host\",\"product\":\"Microsoft® Windows® Operating System\",\"company\":\"Microsoft Corporation\",\"originalFileName\":\"CONHOST.EXE\",\"commandLine\":\"\\\\\\\\??\\\\\\\\C:\\\\\\\\Windows\\\\\\\\system32\\\\\\\\conhost.exe 0xffffffff -ForceV1\",\"currentDirectory\":\"C:\\\\\\\\Windows\",\"user\":\"WIN-30JS3HVHMAB\\\\\\\\soccase16\",\"logonGuid\":\"{34dad77b-bce9-6ab0-932c-450000000000}\",\"logonId\":\"0x452c93\",\"terminalSessionId\":\"1\",\"integrityLevel\":\"High\",\"hashes\":\"SHA256=6B481D656414C50D8BD0BEDCD615AEAF2F5F68576CB6732A9548E0DA87729733\",\"parentProcessGuid\":\"{34dad77b-bdd2-6ab0-8701-000000001c00}\",\"parentProcessId\":\"4120\",\"parentImage\":\"C:\\\\\\\\Windows\\\\\\\\System32\\\\\\\\WindowsPowerShell\\\\\\\\v1.0\\\\\\\\powershell.exe\",\"parentCommandLine\":\"\\\\\\\"C:\\\\\\\\Windows\\\\\\\\System32\\\\\\\\WindowsPowerShell\\\\\\\\v1.0\\\\\\\\powershell.exe\\\\\\\" -NoExit\",\"parentUser\":\"WIN-30JS3HVHMAB\\\\\\\\soccase16\"}}}","decoder":{"name":"windows_eventchannel"},"data":{"win":{"system":{"providerName":"Microsoft-Windows-Sysmon","providerGuid":"{5770385f-c22a-43e0-bf4c-06f5698ffbd9}","eventID":"1","version":"5","level":"4","task":"1","opcode":"0","keywords":"0x8000000000000000","systemTime":"2026-09-21T05:17:07.0050494Z","eventRecordID":"34533","processID":"1264","threadID":"3684","channel":"Microsoft-Windows-Sysmon/Operational","computer":"WIN-30JS3HVHMAB","severityValue":"INFORMATION","message":"\"Process Create:\r\nRuleName: -\r\nUtcTime: 2026-09-21 05:17:07.002\r\nProcessGuid: {34dad77b-bdd3-6ab0-8801-000000001c00}\r\nProcessId: 2332\r\nImage: C:\\Windows\\System32\\conhost.exe\r\nFileVersion: 10.0.20348.558 (WinBuild.160101.0800)\r\nDescription: Console Window Host\r\nProduct: Microsoft® Windows® Operating System\r\nCompany: Microsoft Corporation\r\nOriginalFileName: CONHOST.EXE\r\nCommandLine: \\??\\C:\\Windows\\system32\\conhost.exe 0xffffffff -ForceV1\r\nCurrentDirectory: C:\\Windows\r\nUser: WIN-30JS3HVHMAB\\soccase16\r\nLogonGuid: {34dad77b-bce9-6ab0-932c-450000000000}\r\nLogonId: 0x452C93\r\nTerminalSessionId: 1\r\nIntegrityLevel: High\r\nHashes: SHA256=6B481D656414C50D8BD0BEDCD615AEAF2F5F68576CB6732A9548E0DA87729733\r\nParentProcessGuid: {34dad77b-bdd2-6ab0-8701-000000001c00}\r\nParentProcessId: 4120\r\nParentImage: C:\\Windows\\System32\\WindowsPowerShell\\v1.0\\powershell.exe\r\nParentCommandLine: \"C:\\Windows\\System32\\WindowsPowerShell\\v1.0\\powershell.exe\" -NoExit \r\nParentUser: WIN-30JS3HVHMAB\\soccase16\""},"eventdata":{"utcTime":"2026-09-21 05:17:07.002","processGuid":"{34dad77b-bdd3-6ab0-8801-000000001c00}","processId":"2332","image":"C:\\\\Windows\\\\System32\\\\conhost.exe","fileVersion":"10.0.20348.558 (WinBuild.160101.0800)","description":"Console Window Host","product":"Microsoft® Windows® Operating System","company":"Microsoft Corporation","originalFileName":"CONHOST.EXE","commandLine":"\\\\??\\\\C:\\\\Windows\\\\system32\\\\conhost.exe 0xffffffff -ForceV1","currentDirectory":"C:\\\\Windows","user":"WIN-30JS3HVHMAB\\\\soccase16","logonGuid":"{34dad77b-bce9-6ab0-932c-450000000000}","logonId":"0x452c93","terminalSessionId":"1","integrityLevel":"High","hashes":"SHA256=6B481D656414C50D8BD0BEDCD615AEAF2F5F68576CB6732A9548E0DA87729733","parentProcessGuid":"{34dad77b-bdd2-6ab0-8701-000000001c00}","parentProcessId":"4120","parentImage":"C:\\\\Windows\\\\System32\\\\WindowsPowerShell\\\\v1.0\\\\powershell.exe","parentCommandLine":"\\\"C:\\\\Windows\\\\System32\\\\WindowsPowerShell\\\\v1.0\\\\powershell.exe\\\" -NoExit","parentUser":"WIN-30JS3HVHMAB\\\\soccase16"}}},"location":"EventChannel"}
{"timestamp":"2026-09-21T05:17:41.698+0000","rule":{"level":15,"description":"Case16: High-confidence identity escalation chain - recent controlled account creation and local Administrator assignment followed by High-integrity process execution.","id":"100395","frequency":2,"firedtimes":3,"mail":true,"groups":["local","soc_lab","case16","correlation","identity","account_creation","privilege_assignment","privilege_escalation","high_integrity","privileged_execution"]},"agent":{"id":"002","name":"WINSERVER2022","ip":"192.168.100.30"},"manager":{"name":"soc01"},"id":"1789967861.1044521","full_log":"{\"win\":{\"system\":{\"providerName\":\"Microsoft-Windows-Sysmon\",\"providerGuid\":\"{5770385f-c22a-43e0-bf4c-06f5698ffbd9}\",\"eventID\":\"1\",\"version\":\"5\",\"level\":\"4\",\"task\":\"1\",\"opcode\":\"0\",\"keywords\":\"0x8000000000000000\",\"systemTime\":\"2026-09-21T05:17:35.7118415Z\",\"eventRecordID\":\"34548\",\"processID\":\"1264\",\"threadID\":\"3684\",\"channel\":\"Microsoft-Windows-Sysmon/Operational\",\"computer\":\"WIN-30JS3HVHMAB\",\"severityValue\":\"INFORMATION\",\"message\":\"\\\"Process Create:\\r\\nRuleName: -\\r\\nUtcTime: 2026-09-21 05:17:35.702\\r\\nProcessGuid: {34dad77b-bdef-6ab0-8901-000000001c00}\\r\\nProcessId: 2000\\r\\nImage: C:\\\\Windows\\\\System32\\\\whoami.exe\\r\\nFileVersion: 10.0.20348.1 (WinBuild.160101.0800)\\r\\nDescription: whoami - displays logged on user information\\r\\nProduct: Microsoft® Windows® Operating System\\r\\nCompany: Microsoft Corporation\\r\\nOriginalFileName: whoami.exe\\r\\nCommandLine: \\\"C:\\\\Windows\\\\system32\\\\whoami.exe\\\"\\r\\nCurrentDirectory: C:\\\\Windows\\\\system32\\\\\\r\\nUser: WIN-30JS3HVHMAB\\\\soccase16\\r\\nLogonGuid: {34dad77b-bce9-6ab0-932c-450000000000}\\r\\nLogonId: 0x452C93\\r\\nTerminalSessionId: 1\\r\\nIntegrityLevel: High\\r\\nHashes: SHA256=A703FCBC2159F86FD6F7BDFDCB6140042EECE715B108DE843575B5D688ADFBF5\\r\\nParentProcessGuid: {34dad77b-bdd2-6ab0-8701-000000001c00}\\r\\nParentProcessId: 4120\\r\\nParentImage: C:\\\\Windows\\\\System32\\\\WindowsPowerShell\\\\v1.0\\\\powershell.exe\\r\\nParentCommandLine: \\\"C:\\\\Windows\\\\System32\\\\WindowsPowerShell\\\\v1.0\\\\powershell.exe\\\" -NoExit \\r\\nParentUser: WIN-30JS3HVHMAB\\\\soccase16\\\"\"},\"eventdata\":{\"utcTime\":\"2026-09-21 05:17:35.702\",\"processGuid\":\"{34dad77b-bdef-6ab0-8901-000000001c00}\",\"processId\":\"2000\",\"image\":\"C:\\\\\\\\Windows\\\\\\\\System32\\\\\\\\whoami.exe\",\"fileVersion\":\"10.0.20348.1 (WinBuild.160101.0800)\",\"description\":\"whoami - displays logged on user information\",\"product\":\"Microsoft® Windows® Operating System\",\"company\":\"Microsoft Corporation\",\"originalFileName\":\"whoami.exe\",\"commandLine\":\"\\\\\\\"C:\\\\\\\\Windows\\\\\\\\system32\\\\\\\\whoami.exe\\\\\\\"\",\"currentDirectory\":\"C:\\\\\\\\Windows\\\\\\\\system32\\\\\\\\\",\"user\":\"WIN-30JS3HVHMAB\\\\\\\\soccase16\",\"logonGuid\":\"{34dad77b-bce9-6ab0-932c-450000000000}\",\"logonId\":\"0x452c93\",\"terminalSessionId\":\"1\",\"integrityLevel\":\"High\",\"hashes\":\"SHA256=A703FCBC2159F86FD6F7BDFDCB6140042EECE715B108DE843575B5D688ADFBF5\",\"parentProcessGuid\":\"{34dad77b-bdd2-6ab0-8701-000000001c00}\",\"parentProcessId\":\"4120\",\"parentImage\":\"C:\\\\\\\\Windows\\\\\\\\System32\\\\\\\\WindowsPowerShell\\\\\\\\v1.0\\\\\\\\powershell.exe\",\"parentCommandLine\":\"\\\\\\\"C:\\\\\\\\Windows\\\\\\\\System32\\\\\\\\WindowsPowerShell\\\\\\\\v1.0\\\\\\\\powershell.exe\\\\\\\" -NoExit\",\"parentUser\":\"WIN-30JS3HVHMAB\\\\\\\\soccase16\"}}}","decoder":{"name":"windows_eventchannel"},"data":{"win":{"system":{"providerName":"Microsoft-Windows-Sysmon","providerGuid":"{5770385f-c22a-43e0-bf4c-06f5698ffbd9}","eventID":"1","version":"5","level":"4","task":"1","opcode":"0","keywords":"0x8000000000000000","systemTime":"2026-09-21T05:17:35.7118415Z","eventRecordID":"34548","processID":"1264","threadID":"3684","channel":"Microsoft-Windows-Sysmon/Operational","computer":"WIN-30JS3HVHMAB","severityValue":"INFORMATION","message":"\"Process Create:\r\nRuleName: -\r\nUtcTime: 2026-09-21 05:17:35.702\r\nProcessGuid: {34dad77b-bdef-6ab0-8901-000000001c00}\r\nProcessId: 2000\r\nImage: C:\\Windows\\System32\\whoami.exe\r\nFileVersion: 10.0.20348.1 (WinBuild.160101.0800)\r\nDescription: whoami - displays logged on user information\r\nProduct: Microsoft® Windows® Operating System\r\nCompany: Microsoft Corporation\r\nOriginalFileName: whoami.exe\r\nCommandLine: \"C:\\Windows\\system32\\whoami.exe\"\r\nCurrentDirectory: C:\\Windows\\system32\\\r\nUser: WIN-30JS3HVHMAB\\soccase16\r\nLogonGuid: {34dad77b-bce9-6ab0-932c-450000000000}\r\nLogonId: 0x452C93\r\nTerminalSessionId: 1\r\nIntegrityLevel: High\r\nHashes: SHA256=A703FCBC2159F86FD6F7BDFDCB6140042EECE715B108DE843575B5D688ADFBF5\r\nParentProcessGuid: {34dad77b-bdd2-6ab0-8701-000000001c00}\r\nParentProcessId: 4120\r\nParentImage: C:\\Windows\\System32\\WindowsPowerShell\\v1.0\\powershell.exe\r\nParentCommandLine: \"C:\\Windows\\System32\\WindowsPowerShell\\v1.0\\powershell.exe\" -NoExit \r\nParentUser: WIN-30JS3HVHMAB\\soccase16\""},"eventdata":{"utcTime":"2026-09-21 05:17:35.702","processGuid":"{34dad77b-bdef-6ab0-8901-000000001c00}","processId":"2000","image":"C:\\\\Windows\\\\System32\\\\whoami.exe","fileVersion":"10.0.20348.1 (WinBuild.160101.0800)","description":"whoami - displays logged on user information","product":"Microsoft® Windows® Operating System","company":"Microsoft Corporation","originalFileName":"whoami.exe","commandLine":"\\\"C:\\\\Windows\\\\system32\\\\whoami.exe\\\"","currentDirectory":"C:\\\\Windows\\\\system32\\\\","user":"WIN-30JS3HVHMAB\\\\soccase16","logonGuid":"{34dad77b-bce9-6ab0-932c-450000000000}","logonId":"0x452c93","terminalSessionId":"1","integrityLevel":"High","hashes":"SHA256=A703FCBC2159F86FD6F7BDFDCB6140042EECE715B108DE843575B5D688ADFBF5","parentProcessGuid":"{34dad77b-bdd2-6ab0-8701-000000001c00}","parentProcessId":"4120","parentImage":"C:\\\\Windows\\\\System32\\\\WindowsPowerShell\\\\v1.0\\\\powershell.exe","parentCommandLine":"\\\"C:\\\\Windows\\\\System32\\\\WindowsPowerShell\\\\v1.0\\\\powershell.exe\\\" -NoExit","parentUser":"WIN-30JS3HVHMAB\\\\soccase16"}}},"location":"EventChannel"}
{"timestamp":"2026-09-21T05:17:42.893+0000","rule":{"level":15,"description":"Case16: High-confidence identity escalation chain - recent controlled account creation and local Administrator assignment followed by High-integrity process execution.","id":"100395","frequency":2,"firedtimes":4,"mail":true,"groups":["local","soc_lab","case16","correlation","identity","account_creation","privilege_assignment","privilege_escalation","high_integrity","privileged_execution"]},"agent":{"id":"002","name":"WINSERVER2022","ip":"192.168.100.30"},"manager":{"name":"soc01"},"id":"1789967862.1051623","full_log":"{\"win\":{\"system\":{\"providerName\":\"Microsoft-Windows-Sysmon\",\"providerGuid\":\"{5770385f-c22a-43e0-bf4c-06f5698ffbd9}\",\"eventID\":\"1\",\"version\":\"5\",\"level\":\"4\",\"task\":\"1\",\"opcode\":\"0\",\"keywords\":\"0x8000000000000000\",\"systemTime\":\"2026-09-21T05:17:36.8945805Z\",\"eventRecordID\":\"34551\",\"processID\":\"1264\",\"threadID\":\"3684\",\"channel\":\"Microsoft-Windows-Sysmon/Operational\",\"computer\":\"WIN-30JS3HVHMAB\",\"severityValue\":\"INFORMATION\",\"message\":\"\\\"Process Create:\\r\\nRuleName: -\\r\\nUtcTime: 2026-09-21 05:17:36.887\\r\\nProcessGuid: {34dad77b-bdf0-6ab0-8a01-000000001c00}\\r\\nProcessId: 4556\\r\\nImage: C:\\\\Windows\\\\System32\\\\whoami.exe\\r\\nFileVersion: 10.0.20348.1 (WinBuild.160101.0800)\\r\\nDescription: whoami - displays logged on user information\\r\\nProduct: Microsoft® Windows® Operating System\\r\\nCompany: Microsoft Corporation\\r\\nOriginalFileName: whoami.exe\\r\\nCommandLine: \\\"C:\\\\Windows\\\\system32\\\\whoami.exe\\\" /groups\\r\\nCurrentDirectory: C:\\\\Windows\\\\system32\\\\\\r\\nUser: WIN-30JS3HVHMAB\\\\soccase16\\r\\nLogonGuid: {34dad77b-bce9-6ab0-932c-450000000000}\\r\\nLogonId: 0x452C93\\r\\nTerminalSessionId: 1\\r\\nIntegrityLevel: High\\r\\nHashes: SHA256=A703FCBC2159F86FD6F7BDFDCB6140042EECE715B108DE843575B5D688ADFBF5\\r\\nParentProcessGuid: {34dad77b-bdd2-6ab0-8701-000000001c00}\\r\\nParentProcessId: 4120\\r\\nParentImage: C:\\\\Windows\\\\System32\\\\WindowsPowerShell\\\\v1.0\\\\powershell.exe\\r\\nParentCommandLine: \\\"C:\\\\Windows\\\\System32\\\\WindowsPowerShell\\\\v1.0\\\\powershell.exe\\\" -NoExit \\r\\nParentUser: WIN-30JS3HVHMAB\\\\soccase16\\\"\"},\"eventdata\":{\"utcTime\":\"2026-09-21 05:17:36.887\",\"processGuid\":\"{34dad77b-bdf0-6ab0-8a01-000000001c00}\",\"processId\":\"4556\",\"image\":\"C:\\\\\\\\Windows\\\\\\\\System32\\\\\\\\whoami.exe\",\"fileVersion\":\"10.0.20348.1 (WinBuild.160101.0800)\",\"description\":\"whoami - displays logged on user information\",\"product\":\"Microsoft® Windows® Operating System\",\"company\":\"Microsoft Corporation\",\"originalFileName\":\"whoami.exe\",\"commandLine\":\"\\\\\\\"C:\\\\\\\\Windows\\\\\\\\system32\\\\\\\\whoami.exe\\\\\\\" /groups\",\"currentDirectory\":\"C:\\\\\\\\Windows\\\\\\\\system32\\\\\\\\\",\"user\":\"WIN-30JS3HVHMAB\\\\\\\\soccase16\",\"logonGuid\":\"{34dad77b-bce9-6ab0-932c-450000000000}\",\"logonId\":\"0x452c93\",\"terminalSessionId\":\"1\",\"integrityLevel\":\"High\",\"hashes\":\"SHA256=A703FCBC2159F86FD6F7BDFDCB6140042EECE715B108DE843575B5D688ADFBF5\",\"parentProcessGuid\":\"{34dad77b-bdd2-6ab0-8701-000000001c00}\",\"parentProcessId\":\"4120\",\"parentImage\":\"C:\\\\\\\\Windows\\\\\\\\System32\\\\\\\\WindowsPowerShell\\\\\\\\v1.0\\\\\\\\powershell.exe\",\"parentCommandLine\":\"\\\\\\\"C:\\\\\\\\Windows\\\\\\\\System32\\\\\\\\WindowsPowerShell\\\\\\\\v1.0\\\\\\\\powershell.exe\\\\\\\" -NoExit\",\"parentUser\":\"WIN-30JS3HVHMAB\\\\\\\\soccase16\"}}}","decoder":{"name":"windows_eventchannel"},"data":{"win":{"system":{"providerName":"Microsoft-Windows-Sysmon","providerGuid":"{5770385f-c22a-43e0-bf4c-06f5698ffbd9}","eventID":"1","version":"5","level":"4","task":"1","opcode":"0","keywords":"0x8000000000000000","systemTime":"2026-09-21T05:17:36.8945805Z","eventRecordID":"34551","processID":"1264","threadID":"3684","channel":"Microsoft-Windows-Sysmon/Operational","computer":"WIN-30JS3HVHMAB","severityValue":"INFORMATION","message":"\"Process Create:\r\nRuleName: -\r\nUtcTime: 2026-09-21 05:17:36.887\r\nProcessGuid: {34dad77b-bdf0-6ab0-8a01-000000001c00}\r\nProcessId: 4556\r\nImage: C:\\Windows\\System32\\whoami.exe\r\nFileVersion: 10.0.20348.1 (WinBuild.160101.0800)\r\nDescription: whoami - displays logged on user information\r\nProduct: Microsoft® Windows® Operating System\r\nCompany: Microsoft Corporation\r\nOriginalFileName: whoami.exe\r\nCommandLine: \"C:\\Windows\\system32\\whoami.exe\" /groups\r\nCurrentDirectory: C:\\Windows\\system32\\\r\nUser: WIN-30JS3HVHMAB\\soccase16\r\nLogonGuid: {34dad77b-bce9-6ab0-932c-450000000000}\r\nLogonId: 0x452C93\r\nTerminalSessionId: 1\r\nIntegrityLevel: High\r\nHashes: SHA256=A703FCBC2159F86FD6F7BDFDCB6140042EECE715B108DE843575B5D688ADFBF5\r\nParentProcessGuid: {34dad77b-bdd2-6ab0-8701-000000001c00}\r\nParentProcessId: 4120\r\nParentImage: C:\\Windows\\System32\\WindowsPowerShell\\v1.0\\powershell.exe\r\nParentCommandLine: \"C:\\Windows\\System32\\WindowsPowerShell\\v1.0\\powershell.exe\" -NoExit \r\nParentUser: WIN-30JS3HVHMAB\\soccase16\""},"eventdata":{"utcTime":"2026-09-21 05:17:36.887","processGuid":"{34dad77b-bdf0-6ab0-8a01-000000001c00}","processId":"4556","image":"C:\\\\Windows\\\\System32\\\\whoami.exe","fileVersion":"10.0.20348.1 (WinBuild.160101.0800)","description":"whoami - displays logged on user information","product":"Microsoft® Windows® Operating System","company":"Microsoft Corporation","originalFileName":"whoami.exe","commandLine":"\\\"C:\\\\Windows\\\\system32\\\\whoami.exe\\\" /groups","currentDirectory":"C:\\\\Windows\\\\system32\\\\","user":"WIN-30JS3HVHMAB\\\\soccase16","logonGuid":"{34dad77b-bce9-6ab0-932c-450000000000}","logonId":"0x452c93","terminalSessionId":"1","integrityLevel":"High","hashes":"SHA256=A703FCBC2159F86FD6F7BDFDCB6140042EECE715B108DE843575B5D688ADFBF5","parentProcessGuid":"{34dad77b-bdd2-6ab0-8701-000000001c00}","parentProcessId":"4120","parentImage":"C:\\\\Windows\\\\System32\\\\WindowsPowerShell\\\\v1.0\\\\powershell.exe","parentCommandLine":"\\\"C:\\\\Windows\\\\System32\\\\WindowsPowerShell\\\\v1.0\\\\powershell.exe\\\" -NoExit","parentUser":"WIN-30JS3HVHMAB\\\\soccase16"}}},"location":"EventChannel"}
