{"timestamp":"2026-09-01T02:51:57.538+0000","rule":{"level":8,"description":"SOC LAB: Suricata detected a possible TCP port scan against WINSERVER2022.","id":"100185","mitre":{"id":["T1046"],"tactic":["Discovery"],"technique":["Network Service Discovery"]},"firedtimes":1,"mail":false,"groups":["local","windows","authentication","brute_force","soc_lab","suricata","ids","network_scan","reconnaissance","soc_lab"]},"agent":{"id":"000","name":"soc01"},"manager":{"name":"soc01"},"id":"1788231117.616841","full_log":"{\"timestamp\":\"2026-09-01T02:51:56.565972+0000\",\"flow_id\":1304931724469425,\"in_iface\":\"enp0s9\",\"event_type\":\"alert\",\"src_ip\":\"192.168.100.20\",\"src_port\":49892,\"dest_ip\":\"192.168.100.30\",\"dest_port\":29,\"proto\":\"TCP\",\"pkt_src\":\"wire/pcap\",\"alert\":{\"action\":\"allowed\",\"gid\":1,\"signature_id\":1000002,\"rev\":2,\"signature\":\"SOC LAB: Possible TCP port scan detected\",\"category\":\"\",\"severity\":3},\"direction\":\"to_server\",\"flow\":{\"pkts_toserver\":1,\"pkts_toclient\":0,\"bytes_toserver\":66,\"bytes_toclient\":0,\"start\":\"2026-09-01T02:51:56.565972+0000\",\"src_ip\":\"192.168.100.20\",\"dest_ip\":\"192.168.100.30\",\"src_port\":49892,\"dest_port\":29}}","decoder":{"name":"json"},"data":{"timestamp":"2026-09-01T02:51:56.565972+0000","flow_id":"1304931724469425.000000","in_iface":"enp0s9","event_type":"alert","src_ip":"192.168.100.20","src_port":"49892","dest_ip":"192.168.100.30","dest_port":"29","proto":"TCP","pkt_src":"wire/pcap","alert":{"action":"allowed","gid":"1","signature_id":"1000002","rev":"2","signature":"SOC LAB: Possible TCP port scan detected","severity":"3"},"direction":"to_server","flow":{"pkts_toserver":"1","pkts_toclient":"0","bytes_toserver":"66","bytes_toclient":"0","start":"2026-09-01T02:51:56.565972+0000","src_ip":"192.168.100.20","dest_ip":"192.168.100.30","src_port":"49892","dest_port":"29"}},"location":"/var/log/suricata/eve.json"}
{"timestamp":"2026-09-01T02:51:59.541+0000","rule":{"level":8,"description":"SOC LAB: Suricata detected a possible TCP port scan against WINSERVER2022.","id":"100185","mitre":{"id":["T1046"],"tactic":["Discovery"],"technique":["Network Service Discovery"]},"firedtimes":2,"mail":false,"groups":["local","windows","authentication","brute_force","soc_lab","suricata","ids","network_scan","reconnaissance","soc_lab"]},"agent":{"id":"000","name":"soc01"},"manager":{"name":"soc01"},"id":"1788231119.618374","full_log":"{\"timestamp\":\"2026-09-01T02:51:58.759008+0000\",\"flow_id\":1852541639166366,\"in_iface\":\"enp0s9\",\"event_type\":\"alert\",\"src_ip\":\"192.168.100.20\",\"src_port\":49902,\"dest_ip\":\"192.168.100.30\",\"dest_port\":39,\"proto\":\"TCP\",\"pkt_src\":\"wire/pcap\",\"alert\":{\"action\":\"allowed\",\"gid\":1,\"signature_id\":1000002,\"rev\":2,\"signature\":\"SOC LAB: Possible TCP port scan detected\",\"category\":\"\",\"severity\":3},\"direction\":\"to_server\",\"flow\":{\"pkts_toserver\":1,\"pkts_toclient\":0,\"bytes_toserver\":66,\"bytes_toclient\":0,\"start\":\"2026-09-01T02:51:58.759008+0000\",\"src_ip\":\"192.168.100.20\",\"dest_ip\":\"192.168.100.30\",\"src_port\":49902,\"dest_port\":39}}","decoder":{"name":"json"},"data":{"timestamp":"2026-09-01T02:51:58.759008+0000","flow_id":"1852541639166366.000000","in_iface":"enp0s9","event_type":"alert","src_ip":"192.168.100.20","src_port":"49902","dest_ip":"192.168.100.30","dest_port":"39","proto":"TCP","pkt_src":"wire/pcap","alert":{"action":"allowed","gid":"1","signature_id":"1000002","rev":"2","signature":"SOC LAB: Possible TCP port scan detected","severity":"3"},"direction":"to_server","flow":{"pkts_toserver":"1","pkts_toclient":"0","bytes_toserver":"66","bytes_toclient":"0","start":"2026-09-01T02:51:58.759008+0000","src_ip":"192.168.100.20","dest_ip":"192.168.100.30","src_port":"49902","dest_port":"39"}},"location":"/var/log/suricata/eve.json"}
{"timestamp":"2026-09-01T02:52:45.606+0000","rule":{"level":5,"description":"SOC LAB: Zeek observed an RDP connection from WIN10 to WINSERVER2022.","id":"100190","mitre":{"id":["T1021.001"],"tactic":["Lateral Movement"],"technique":["Remote Desktop Protocol"]},"firedtimes":1,"mail":false,"groups":["local","windows","authentication","brute_force","soc_lab","zeek","network_connection","rdp","soc_lab"]},"agent":{"id":"000","name":"soc01"},"manager":{"name":"soc01"},"id":"1788231165.652288","full_log":"{\"ts\":1788231154.904552,\"uid\":\"Ck3sodGcFvNI6xsxi\",\"id.orig_h\":\"192.168.100.20\",\"id.orig_p\":49907,\"id.resp_h\":\"192.168.100.30\",\"id.resp_p\":3389,\"proto\":\"tcp\",\"service\":\"ssl\",\"duration\":5.01582908630371,\"orig_bytes\":1294,\"resp_bytes\":1251,\"conn_state\":\"RSTO\",\"local_orig\":true,\"local_resp\":true,\"missed_bytes\":0,\"history\":\"ShADadR\",\"orig_pkts\":9,\"orig_ip_bytes\":1666,\"resp_pkts\":8,\"resp_ip_bytes\":1583,\"ip_proto\":6}","decoder":{"name":"json"},"data":{"ts":"1788231154.904552","uid":"Ck3sodGcFvNI6xsxi","id":{"orig_h":"192.168.100.20","orig_p":"49907","resp_h":"192.168.100.30","resp_p":"3389"},"proto":"tcp","service":"ssl","duration":"5.015829","orig_bytes":"1294","resp_bytes":"1251","conn_state":"RSTO","local_orig":"true","local_resp":"true","missed_bytes":"0","history":"ShADadR","orig_pkts":"9","orig_ip_bytes":"1666","resp_pkts":"8","resp_ip_bytes":"1583","ip_proto":"6"},"location":"/opt/zeek/logs/current/conn.log"}
{"timestamp":"2026-09-01T02:52:48.770+0000","rule":{"level":5,"description":"SOC LAB: Zeek observed an RDP connection from WIN10 to WINSERVER2022.","id":"100190","mitre":{"id":["T1021.001"],"tactic":["Lateral Movement"],"technique":["Remote Desktop Protocol"]},"firedtimes":2,"mail":false,"groups":["local","windows","authentication","brute_force","soc_lab","zeek","network_connection","rdp","soc_lab"]},"agent":{"id":"000","name":"soc01"},"manager":{"name":"soc01"},"id":"1788231168.662548","full_log":"{\"ts\":1788231163.190979,\"uid\":\"Cjsrpb326nHspd9KA\",\"id.orig_h\":\"192.168.100.20\",\"id.orig_p\":49909,\"id.resp_h\":\"192.168.100.30\",\"id.resp_p\":3389,\"proto\":\"tcp\",\"service\":\"ssl\",\"duration\":0.035378932952880859,\"orig_bytes\":1294,\"resp_bytes\":1251,\"conn_state\":\"RSTO\",\"local_orig\":true,\"local_resp\":true,\"missed_bytes\":0,\"history\":\"ShADdR\",\"orig_pkts\":8,\"orig_ip_bytes\":1626,\"resp_pkts\":6,\"resp_ip_bytes\":1503,\"ip_proto\":6}","decoder":{"name":"json"},"data":{"ts":"1788231163.190979","uid":"Cjsrpb326nHspd9KA","id":{"orig_h":"192.168.100.20","orig_p":"49909","resp_h":"192.168.100.30","resp_p":"3389"},"proto":"tcp","service":"ssl","duration":"0.035379","orig_bytes":"1294","resp_bytes":"1251","conn_state":"RSTO","local_orig":"true","local_resp":"true","missed_bytes":"0","history":"ShADdR","orig_pkts":"8","orig_ip_bytes":"1626","resp_pkts":"6","resp_ip_bytes":"1503","ip_proto":"6"},"location":"/opt/zeek/logs/current/conn.log"}
{"timestamp":"2026-09-01T02:52:51.931+0000","rule":{"level":12,"description":"SOC LAB: Repeated RDP authentication failures against the same Windows account from the same source IP.","id":"100170","mitre":{"id":["T1021.001","T1110.001"],"tactic":["Lateral Movement","Credential Access"],"technique":["Remote Desktop Protocol","Password Guessing"]},"frequency":4,"firedtimes":1,"mail":true,"groups":["local","windows","authentication","brute_force","soc_lab","authentication_failed","rdp","brute_force","password_guessing","remote_access","soc_lab"]},"agent":{"id":"002","name":"WINSERVER2022","ip":"192.168.100.30"},"manager":{"name":"soc01"},"id":"1788231171.666687","previous_output":"{\"win\":{\"system\":{\"providerName\":\"Microsoft-Windows-TerminalServices-RemoteConnectionManager\",\"providerGuid\":\"{c76baa63-ae81-421c-b425-340b4b24157f}\",\"eventID\":\"261\",\"version\":\"0\",\"level\":\"4\",\"task\":\"0\",\"opcode\":\"0\",\"keywords\":\"0x1000000000000000\",\"systemTime\":\"2026-09-01T02:52:48.9518236Z\",\"eventRecordID\":\"204\",\"processID\":\"1012\",\"threadID\":\"1400\",\"channel\":\"Microsoft-Windows-TerminalServices-RemoteConnectionManager/Operational\",\"computer\":\"WIN-30JS3HVHMAB\",\"severityValue\":\"INFORMATION\",\"message\":\"\\\"Listener RDP-Tcp received a connection\\\"\"},\"eventXML\":{\"listenerName\":\"RDP-Tcp\"}}}\n{\"win\":{\"system\":{\"providerName\":\"Microsoft-Windows-Security-Auditing\",\"providerGuid\":\"{54849625-5478-4994-a5ba-3e3b0328c30d}\",\"eventID\":\"4625\",\"version\":\"0\",\"level\":\"0\",\"task\":\"12544\",\"opcode\":\"0\",\"keywords\":\"0x8010000000000000\",\"systemTime\":\"2026-09-01T02:52:41.2289867Z\",\"eventRecordID\":\"3395\",\"processID\":\"616\",\"threadID\":\"668\",\"channel\":\"Security\",\"computer\":\"WIN-30JS3HVHMAB\",\"severityValue\":\"AUDIT_FAILURE\",\"message\":\"\\\"An account failed to log on.\\r\\n\\r\\nSubject:\\r\\n\\tSecurity ID:\\t\\tS-1-0-0\\r\\n\\tAccount Name:\\t\\t-\\r\\n\\tAccount Domain:\\t\\t-\\r\\n\\tLogon ID:\\t\\t0x0\\r\\n\\r\\nLogon Type:\\t\\t\\t3\\r\\n\\r\\nAccount For Which Logon Failed:\\r\\n\\tSecurity ID:\\t\\tS-1-0-0\\r\\n\\tAccount Name:\\t\\tAdministrator\\r\\n\\tAccount Domain:\\t\\tWIN-SERVER\\r\\n\\r\\nFailure Information:\\r\\n\\tFailure Reason:\\t\\tUnknown user name or bad password.\\r\\n\\tStatus:\\t\\t\\t0xC000006D\\r\\n\\tSub Status:\\t\\t0xC000006A\\r\\n\\r\\nProcess Information:\\r\\n\\tCaller Process ID:\\t0x0\\r\\n\\tCaller Process Name:\\t-\\r\\n\\r\\nNetwork Information:\\r\\n\\tWorkstation Name:\\tWIN10\\r\\n\\tSource Network Address:\\t192.168.100.20\\r\\n\\tSource Port:\\t\\t0\\r\\n\\r\\nDetailed Authentication Information:\\r\\n\\tLogon Process:\\t\\tNtLmSsp \\r\\n\\tAuthentication Package:\\tNTLM\\r\\n\\tTransited Services:\\t-\\r\\n\\tPackage Name (NTLM only):\\t-\\r\\n\\tKey Length:\\t\\t0\\r\\n\\r\\nThis event is generated when a logon request fails. It is generated on the computer where access was attempted.\\r\\n\\r\\nThe Subject fields indicate the account on the local system which requested the logon. This is most commonly a service such as the Server service, or a local process such as Winlogon.exe or Services.exe.\\r\\n\\r\\nThe Logon Type field indicates the kind of logon that was requested. The most common types are 2 (interactive) and 3 (network).\\r\\n\\r\\nThe Process Information fields indicate which account and process on the system requested the logon.\\r\\n\\r\\nThe Network Information fields indicate where a remote logon request originated. Workstation name is not always available and may be left blank in some cases.\\r\\n\\r\\nThe authentication information fields provide detailed information about this specific logon request.\\r\\n\\t- Transited services indicate which intermediate services have participated in this logon request.\\r\\n\\t- Package name indicates which sub-protocol was used among the NTLM protocols.\\r\\n\\t- Key length indicates the length of the generated session key. This will be 0 if no session key was requested.\\\"\"},\"eventdata\":{\"subjectUserSid\":\"S-1-0-0\",\"subjectLogonId\":\"0x0\",\"targetUserSid\":\"S-1-0-0\",\"targetUserName\":\"Administrator\",\"targetDomainName\":\"WIN-SERVER\",\"status\":\"0xc000006d\",\"failureReason\":\"%%2313\",\"subStatus\":\"0xc000006a\",\"logonType\":\"3\",\"logonProcessName\":\"NtLmSsp\",\"authenticationPackageName\":\"NTLM\",\"workstationName\":\"WIN10\",\"keyLength\":\"0\",\"processId\":\"0x0\",\"ipAddress\":\"192.168.100.20\",\"ipPort\":\"0\"}}}\n{\"win\":{\"system\":{\"providerName\":\"Microsoft-Windows-Security-Auditing\",\"providerGuid\":\"{54849625-5478-4994-a5ba-3e3b0328c30d}\",\"eventID\":\"4625\",\"version\":\"0\",\"level\":\"0\",\"task\":\"12544\",\"opcode\":\"0\",\"keywords\":\"0x8010000000000000\",\"systemTime\":\"2026-09-01T02:52:37.9223956Z\",\"eventRecordID\":\"3394\",\"processID\":\"616\",\"threadID\":\"668\",\"channel\":\"Security\",\"computer\":\"WIN-30JS3HVHMAB\",\"severityValue\":\"AUDIT_FAILURE\",\"message\":\"\\\"An account failed to log on.\\r\\n\\r\\nSubject:\\r\\n\\tSecurity ID:\\t\\tS-1-0-0\\r\\n\\tAccount Name:\\t\\t-\\r\\n\\tAccount Domain:\\t\\t-\\r\\n\\tLogon ID:\\t\\t0x0\\r\\n\\r\\nLogon Type:\\t\\t\\t3\\r\\n\\r\\nAccount For Which Logon Failed:\\r\\n\\tSecurity ID:\\t\\tS-1-0-0\\r\\n\\tAccount Name:\\t\\tAdministrator\\r\\n\\tAccount Domain:\\t\\tWIN-SERVER\\r\\n\\r\\nFailure Information:\\r\\n\\tFailure Reason:\\t\\tUnknown user name or bad password.\\r\\n\\tStatus:\\t\\t\\t0xC000006D\\r\\n\\tSub Status:\\t\\t0xC000006A\\r\\n\\r\\nProcess Information:\\r\\n\\tCaller Process ID:\\t0x0\\r\\n\\tCaller Process Name:\\t-\\r\\n\\r\\nNetwork Information:\\r\\n\\tWorkstation Name:\\tWIN10\\r\\n\\tSource Network Address:\\t192.168.100.20\\r\\n\\tSource Port:\\t\\t0\\r\\n\\r\\nDetailed Authentication Information:\\r\\n\\tLogon Process:\\t\\tNtLmSsp \\r\\n\\tAuthentication Package:\\tNTLM\\r\\n\\tTransited Services:\\t-\\r\\n\\tPackage Name (NTLM only):\\t-\\r\\n\\tKey Length:\\t\\t0\\r\\n\\r\\nThis event is generated when a logon request fails. It is generated on the computer where access was attempted.\\r\\n\\r\\nThe Subject fields indicate the account on the local system which requested the logon. This is most commonly a service such as the Server service, or a local process such as Winlogon.exe or Services.exe.\\r\\n\\r\\nThe Logon Type field indicates the kind of logon that was requested. The most common types are 2 (interactive) and 3 (network).\\r\\n\\r\\nThe Process Information fields indicate which account and process on the system requested the logon.\\r\\n\\r\\nThe Network Information fields indicate where a remote logon request originated. Workstation name is not always available and may be left blank in some cases.\\r\\n\\r\\nThe authentication information fields provide detailed information about this specific logon request.\\r\\n\\t- Transited services indicate which intermediate services have participated in this logon request.\\r\\n\\t- Package name indicates which sub-protocol was used among the NTLM protocols.\\r\\n\\t- Key length indicates the length of the generated session key. This will be 0 if no session key was requested.\\\"\"},\"eventdata\":{\"subjectUserSid\":\"S-1-0-0\",\"subjectLogonId\":\"0x0\",\"targetUserSid\":\"S-1-0-0\",\"targetUserName\":\"Administrator\",\"targetDomainName\":\"WIN-SERVER\",\"status\":\"0xc000006d\",\"failureReason\":\"%%2313\",\"subStatus\":\"0xc000006a\",\"logonType\":\"3\",\"logonProcessName\":\"NtLmSsp\",\"authenticationPackageName\":\"NTLM\",\"workstationName\":\"WIN10\",\"keyLength\":\"0\",\"processId\":\"0x0\",\"ipAddress\":\"192.168.100.20\",\"ipPort\":\"0\"}}}","full_log":"{\"win\":{\"system\":{\"providerName\":\"Microsoft-Windows-Security-Auditing\",\"providerGuid\":\"{54849625-5478-4994-a5ba-3e3b0328c30d}\",\"eventID\":\"4625\",\"version\":\"0\",\"level\":\"0\",\"task\":\"12544\",\"opcode\":\"0\",\"keywords\":\"0x8010000000000000\",\"systemTime\":\"2026-09-01T02:52:48.9693473Z\",\"eventRecordID\":\"3397\",\"processID\":\"616\",\"threadID\":\"668\",\"channel\":\"Security\",\"computer\":\"WIN-30JS3HVHMAB\",\"severityValue\":\"AUDIT_FAILURE\",\"message\":\"\\\"An account failed to log on.\\r\\n\\r\\nSubject:\\r\\n\\tSecurity ID:\\t\\tS-1-0-0\\r\\n\\tAccount Name:\\t\\t-\\r\\n\\tAccount Domain:\\t\\t-\\r\\n\\tLogon ID:\\t\\t0x0\\r\\n\\r\\nLogon Type:\\t\\t\\t3\\r\\n\\r\\nAccount For Which Logon Failed:\\r\\n\\tSecurity ID:\\t\\tS-1-0-0\\r\\n\\tAccount Name:\\t\\tAdministrator\\r\\n\\tAccount Domain:\\t\\tWIN-SERVER\\r\\n\\r\\nFailure Information:\\r\\n\\tFailure Reason:\\t\\tUnknown user name or bad password.\\r\\n\\tStatus:\\t\\t\\t0xC000006D\\r\\n\\tSub Status:\\t\\t0xC000006A\\r\\n\\r\\nProcess Information:\\r\\n\\tCaller Process ID:\\t0x0\\r\\n\\tCaller Process Name:\\t-\\r\\n\\r\\nNetwork Information:\\r\\n\\tWorkstation Name:\\tWIN10\\r\\n\\tSource Network Address:\\t192.168.100.20\\r\\n\\tSource Port:\\t\\t0\\r\\n\\r\\nDetailed Authentication Information:\\r\\n\\tLogon Process:\\t\\tNtLmSsp \\r\\n\\tAuthentication Package:\\tNTLM\\r\\n\\tTransited Services:\\t-\\r\\n\\tPackage Name (NTLM only):\\t-\\r\\n\\tKey Length:\\t\\t0\\r\\n\\r\\nThis event is generated when a logon request fails. It is generated on the computer where access was attempted.\\r\\n\\r\\nThe Subject fields indicate the account on the local system which requested the logon. This is most commonly a service such as the Server service, or a local process such as Winlogon.exe or Services.exe.\\r\\n\\r\\nThe Logon Type field indicates the kind of logon that was requested. The most common types are 2 (interactive) and 3 (network).\\r\\n\\r\\nThe Process Information fields indicate which account and process on the system requested the logon.\\r\\n\\r\\nThe Network Information fields indicate where a remote logon request originated. Workstation name is not always available and may be left blank in some cases.\\r\\n\\r\\nThe authentication information fields provide detailed information about this specific logon request.\\r\\n\\t- Transited services indicate which intermediate services have participated in this logon request.\\r\\n\\t- Package name indicates which sub-protocol was used among the NTLM protocols.\\r\\n\\t- Key length indicates the length of the generated session key. This will be 0 if no session key was requested.\\\"\"},\"eventdata\":{\"subjectUserSid\":\"S-1-0-0\",\"subjectLogonId\":\"0x0\",\"targetUserSid\":\"S-1-0-0\",\"targetUserName\":\"Administrator\",\"targetDomainName\":\"WIN-SERVER\",\"status\":\"0xc000006d\",\"failureReason\":\"%%2313\",\"subStatus\":\"0xc000006a\",\"logonType\":\"3\",\"logonProcessName\":\"NtLmSsp\",\"authenticationPackageName\":\"NTLM\",\"workstationName\":\"WIN10\",\"keyLength\":\"0\",\"processId\":\"0x0\",\"ipAddress\":\"192.168.100.20\",\"ipPort\":\"0\"}}}","decoder":{"name":"windows_eventchannel"},"data":{"win":{"system":{"providerName":"Microsoft-Windows-Security-Auditing","providerGuid":"{54849625-5478-4994-a5ba-3e3b0328c30d}","eventID":"4625","version":"0","level":"0","task":"12544","opcode":"0","keywords":"0x8010000000000000","systemTime":"2026-09-01T02:52:48.9693473Z","eventRecordID":"3397","processID":"616","threadID":"668","channel":"Security","computer":"WIN-30JS3HVHMAB","severityValue":"AUDIT_FAILURE","message":"\"An account failed to log on.\r\n\r\nSubject:\r\n\tSecurity ID:\t\tS-1-0-0\r\n\tAccount Name:\t\t-\r\n\tAccount Domain:\t\t-\r\n\tLogon ID:\t\t0x0\r\n\r\nLogon Type:\t\t\t3\r\n\r\nAccount For Which Logon Failed:\r\n\tSecurity ID:\t\tS-1-0-0\r\n\tAccount Name:\t\tAdministrator\r\n\tAccount Domain:\t\tWIN-SERVER\r\n\r\nFailure Information:\r\n\tFailure Reason:\t\tUnknown user name or bad password.\r\n\tStatus:\t\t\t0xC000006D\r\n\tSub Status:\t\t0xC000006A\r\n\r\nProcess Information:\r\n\tCaller Process ID:\t0x0\r\n\tCaller Process Name:\t-\r\n\r\nNetwork Information:\r\n\tWorkstation Name:\tWIN10\r\n\tSource Network Address:\t192.168.100.20\r\n\tSource Port:\t\t0\r\n\r\nDetailed Authentication Information:\r\n\tLogon Process:\t\tNtLmSsp \r\n\tAuthentication Package:\tNTLM\r\n\tTransited Services:\t-\r\n\tPackage Name (NTLM only):\t-\r\n\tKey Length:\t\t0\r\n\r\nThis event is generated when a logon request fails. It is generated on the computer where access was attempted.\r\n\r\nThe Subject fields indicate the account on the local system which requested the logon. This is most commonly a service such as the Server service, or a local process such as Winlogon.exe or Services.exe.\r\n\r\nThe Logon Type field indicates the kind of logon that was requested. The most common types are 2 (interactive) and 3 (network).\r\n\r\nThe Process Information fields indicate which account and process on the system requested the logon.\r\n\r\nThe Network Information fields indicate where a remote logon request originated. Workstation name is not always available and may be left blank in some cases.\r\n\r\nThe authentication information fields provide detailed information about this specific logon request.\r\n\t- Transited services indicate which intermediate services have participated in this logon request.\r\n\t- Package name indicates which sub-protocol was used among the NTLM protocols.\r\n\t- Key length indicates the length of the generated session key. This will be 0 if no session key was requested.\""},"eventdata":{"subjectUserSid":"S-1-0-0","subjectLogonId":"0x0","targetUserSid":"S-1-0-0","targetUserName":"Administrator","targetDomainName":"WIN-SERVER","status":"0xc000006d","failureReason":"%%2313","subStatus":"0xc000006a","logonType":"3","logonProcessName":"NtLmSsp","authenticationPackageName":"NTLM","workstationName":"WIN10","keyLength":"0","processId":"0x0","ipAddress":"192.168.100.20","ipPort":"0"}}},"location":"EventChannel"}
{"timestamp":"2026-09-01T02:52:52.773+0000","rule":{"level":5,"description":"SOC LAB: Zeek observed an RDP connection from WIN10 to WINSERVER2022.","id":"100190","mitre":{"id":["T1021.001"],"tactic":["Lateral Movement"],"technique":["Remote Desktop Protocol"]},"firedtimes":3,"mail":false,"groups":["local","windows","authentication","brute_force","soc_lab","zeek","network_connection","rdp","soc_lab"]},"agent":{"id":"000","name":"soc01"},"manager":{"name":"soc01"},"id":"1788231172.679178","full_log":"{\"ts\":1788231166.9005449,\"uid\":\"CAoiyg3L2dUIAZBTSc\",\"id.orig_h\":\"192.168.100.20\",\"id.orig_p\":49910,\"id.resp_h\":\"192.168.100.30\",\"id.resp_p\":3389,\"proto\":\"tcp\",\"service\":\"ssl\",\"duration\":0.035833120346069336,\"orig_bytes\":1294,\"resp_bytes\":1251,\"conn_state\":\"RSTO\",\"local_orig\":true,\"local_resp\":true,\"missed_bytes\":0,\"history\":\"ShADdR\",\"orig_pkts\":8,\"orig_ip_bytes\":1626,\"resp_pkts\":6,\"resp_ip_bytes\":1503,\"ip_proto\":6}","decoder":{"name":"json"},"data":{"ts":"1788231166.900545","uid":"CAoiyg3L2dUIAZBTSc","id":{"orig_h":"192.168.100.20","orig_p":"49910","resp_h":"192.168.100.30","resp_p":"3389"},"proto":"tcp","service":"ssl","duration":"0.035833","orig_bytes":"1294","resp_bytes":"1251","conn_state":"RSTO","local_orig":"true","local_resp":"true","missed_bytes":"0","history":"ShADdR","orig_pkts":"8","orig_ip_bytes":"1626","resp_pkts":"6","resp_ip_bytes":"1503","ip_proto":"6"},"location":"/opt/zeek/logs/current/conn.log"}
{"timestamp":"2026-09-01T02:52:57.661+0000","rule":{"level":5,"description":"SOC LAB: Zeek observed an RDP connection from WIN10 to WINSERVER2022.","id":"100190","mitre":{"id":["T1021.001"],"tactic":["Lateral Movement"],"technique":["Remote Desktop Protocol"]},"firedtimes":4,"mail":false,"groups":["local","windows","authentication","brute_force","soc_lab","zeek","network_connection","rdp","soc_lab"]},"agent":{"id":"000","name":"soc01"},"manager":{"name":"soc01"},"id":"1788231177.680241","full_log":"{\"ts\":1788231170.870759,\"uid\":\"CO6bql2BpWb3hbXN57\",\"id.orig_h\":\"192.168.100.20\",\"id.orig_p\":49911,\"id.resp_h\":\"192.168.100.30\",\"id.resp_p\":3389,\"proto\":\"tcp\",\"service\":\"ssl\",\"duration\":0.02767491340637207,\"orig_bytes\":1294,\"resp_bytes\":1251,\"conn_state\":\"RSTO\",\"local_orig\":true,\"local_resp\":true,\"missed_bytes\":0,\"history\":\"ShADdR\",\"orig_pkts\":8,\"orig_ip_bytes\":1626,\"resp_pkts\":6,\"resp_ip_bytes\":1503,\"ip_proto\":6}","decoder":{"name":"json"},"data":{"ts":"1788231170.870759","uid":"CO6bql2BpWb3hbXN57","id":{"orig_h":"192.168.100.20","orig_p":"49911","resp_h":"192.168.100.30","resp_p":"3389"},"proto":"tcp","service":"ssl","duration":"0.027675","orig_bytes":"1294","resp_bytes":"1251","conn_state":"RSTO","local_orig":"true","local_resp":"true","missed_bytes":"0","history":"ShADdR","orig_pkts":"8","orig_ip_bytes":"1626","resp_pkts":"6","resp_ip_bytes":"1503","ip_proto":"6"},"location":"/opt/zeek/logs/current/conn.log"}
{"timestamp":"2026-09-01T02:53:11.806+0000","rule":{"level":5,"description":"SOC LAB: Zeek observed an RDP connection from WIN10 to WINSERVER2022.","id":"100190","mitre":{"id":["T1021.001"],"tactic":["Lateral Movement"],"technique":["Remote Desktop Protocol"]},"firedtimes":5,"mail":false,"groups":["local","windows","authentication","brute_force","soc_lab","zeek","network_connection","rdp","soc_lab"]},"agent":{"id":"000","name":"soc01"},"manager":{"name":"soc01"},"id":"1788231191.737083","full_log":"{\"ts\":1788231186.0508111,\"uid\":\"CeOMwG1HEuNYz26Dvd\",\"id.orig_h\":\"192.168.100.20\",\"id.orig_p\":49913,\"id.resp_h\":\"192.168.100.30\",\"id.resp_p\":3389,\"proto\":\"tcp\",\"service\":\"ssl\",\"duration\":0.036887884140014648,\"orig_bytes\":1294,\"resp_bytes\":1295,\"conn_state\":\"RSTO\",\"local_orig\":true,\"local_resp\":true,\"missed_bytes\":0,\"history\":\"ShADdR\",\"orig_pkts\":8,\"orig_ip_bytes\":1626,\"resp_pkts\":6,\"resp_ip_bytes\":1547,\"ip_proto\":6}","decoder":{"name":"json"},"data":{"ts":"1788231186.050811","uid":"CeOMwG1HEuNYz26Dvd","id":{"orig_h":"192.168.100.20","orig_p":"49913","resp_h":"192.168.100.30","resp_p":"3389"},"proto":"tcp","service":"ssl","duration":"0.036888","orig_bytes":"1294","resp_bytes":"1295","conn_state":"RSTO","local_orig":"true","local_resp":"true","missed_bytes":"0","history":"ShADdR","orig_pkts":"8","orig_ip_bytes":"1626","resp_pkts":"6","resp_ip_bytes":"1547","ip_proto":"6"},"location":"/opt/zeek/logs/current/conn.log"}
{"timestamp":"2026-09-01T02:53:17.054+0000","rule":{"level":15,"description":"SOC LAB: Tri-source correlation - Suricata reconnaissance, Zeek RDP network activity, and successful Windows RDP access after password guessing.","id":"100210","mitre":{"id":["T1046","T1110.001","T1021.001","T1078.003"],"tactic":["Discovery","Credential Access","Lateral Movement","Defense Evasion","Persistence","Privilege Escalation","Initial Access"],"technique":["Network Service Discovery","Password Guessing","Remote Desktop Protocol","Local Accounts"]},"frequency":2,"firedtimes":1,"mail":true,"groups":["local","windows","authentication","brute_force","soc_lab","correlation","multi_source","suricata","zeek","windows","rdp","reconnaissance","credential_access","lateral_movement","soc_lab"]},"agent":{"id":"002","name":"WINSERVER2022","ip":"192.168.100.30"},"manager":{"name":"soc01"},"id":"1788231197.738146","full_log":"{\"win\":{\"system\":{\"providerName\":\"Microsoft-Windows-Security-Auditing\",\"providerGuid\":\"{54849625-5478-4994-a5ba-3e3b0328c30d}\",\"eventID\":\"4624\",\"version\":\"2\",\"level\":\"0\",\"task\":\"12544\",\"opcode\":\"0\",\"keywords\":\"0x8020000000000000\",\"systemTime\":\"2026-09-01T02:53:14.2571466Z\",\"eventRecordID\":\"3418\",\"processID\":\"616\",\"threadID\":\"1752\",\"channel\":\"Security\",\"computer\":\"WIN-30JS3HVHMAB\",\"severityValue\":\"AUDIT_SUCCESS\",\"message\":\"\\\"An account was successfully logged on.\\r\\n\\r\\nSubject:\\r\\n\\tSecurity ID:\\t\\tS-1-5-18\\r\\n\\tAccount Name:\\t\\tWIN-30JS3HVHMAB$\\r\\n\\tAccount Domain:\\t\\tWORKGROUP\\r\\n\\tLogon ID:\\t\\t0x3E7\\r\\n\\r\\nLogon Information:\\r\\n\\tLogon Type:\\t\\t10\\r\\n\\tRestricted Admin Mode:\\tNo\\r\\n\\tVirtual Account:\\t\\tNo\\r\\n\\tElevated Token:\\t\\tYes\\r\\n\\r\\nImpersonation Level:\\t\\tImpersonation\\r\\n\\r\\nNew Logon:\\r\\n\\tSecurity ID:\\t\\tS-1-5-21-3382847163-1926424565-132962873-500\\r\\n\\tAccount Name:\\t\\tAdministrator\\r\\n\\tAccount Domain:\\t\\tWIN-30JS3HVHMAB\\r\\n\\tLogon ID:\\t\\t0x102E8E\\r\\n\\tLinked Logon ID:\\t\\t0x0\\r\\n\\tNetwork Account Name:\\t-\\r\\n\\tNetwork Account Domain:\\t-\\r\\n\\tLogon GUID:\\t\\t{00000000-0000-0000-0000-000000000000}\\r\\n\\r\\nProcess Information:\\r\\n\\tProcess ID:\\t\\t0x3e8\\r\\n\\tProcess Name:\\t\\tC:\\\\Windows\\\\System32\\\\svchost.exe\\r\\n\\r\\nNetwork Information:\\r\\n\\tWorkstation Name:\\tWIN-30JS3HVHMAB\\r\\n\\tSource Network Address:\\t192.168.100.20\\r\\n\\tSource Port:\\t\\t0\\r\\n\\r\\nDetailed Authentication Information:\\r\\n\\tLogon Process:\\t\\tUser32 \\r\\n\\tAuthentication Package:\\tNegotiate\\r\\n\\tTransited Services:\\t-\\r\\n\\tPackage Name (NTLM only):\\t-\\r\\n\\tKey Length:\\t\\t0\\r\\n\\r\\nThis event is generated when a logon session is created. It is generated on the computer that was accessed.\\r\\n\\r\\nThe subject fields indicate the account on the local system which requested the logon. This is most commonly a service such as the Server service, or a local process such as Winlogon.exe or Services.exe.\\r\\n\\r\\nThe logon type field indicates the kind of logon that occurred. The most common types are 2 (interactive) and 3 (network).\\r\\n\\r\\nThe New Logon fields indicate the account for whom the new logon was created, i.e. the account that was logged on.\\r\\n\\r\\nThe network fields indicate where a remote logon request originated. Workstation name is not always available and may be left blank in some cases.\\r\\n\\r\\nThe impersonation level field indicates the extent to which a process in the logon session can impersonate.\\r\\n\\r\\nThe authentication information fields provide detailed information about this specific logon request.\\r\\n\\t- Logon GUID is a unique identifier that can be used to correlate this event with a KDC event.\\r\\n\\t- Transited services indicate which intermediate services have participated in this logon request.\\r\\n\\t- Package name indicates which sub-protocol was used among the NTLM protocols.\\r\\n\\t- Key length indicates the length of the generated session key. This will be 0 if no session key was requested.\\\"\"},\"eventdata\":{\"subjectUserSid\":\"S-1-5-18\",\"subjectUserName\":\"WIN-30JS3HVHMAB$\",\"subjectDomainName\":\"WORKGROUP\",\"subjectLogonId\":\"0x3e7\",\"targetUserSid\":\"S-1-5-21-3382847163-1926424565-132962873-500\",\"targetUserName\":\"Administrator\",\"targetDomainName\":\"WIN-30JS3HVHMAB\",\"targetLogonId\":\"0x102e8e\",\"logonType\":\"10\",\"logonProcessName\":\"User32\",\"authenticationPackageName\":\"Negotiate\",\"workstationName\":\"WIN-30JS3HVHMAB\",\"logonGuid\":\"{00000000-0000-0000-0000-000000000000}\",\"keyLength\":\"0\",\"processId\":\"0x3e8\",\"processName\":\"C:\\\\\\\\Windows\\\\\\\\System32\\\\\\\\svchost.exe\",\"ipAddress\":\"192.168.100.20\",\"ipPort\":\"0\",\"impersonationLevel\":\"%%1833\",\"restrictedAdminMode\":\"%%1843\",\"virtualAccount\":\"%%1843\",\"targetLinkedLogonId\":\"0x0\",\"elevatedToken\":\"%%1842\"}}}","decoder":{"name":"windows_eventchannel"},"data":{"win":{"system":{"providerName":"Microsoft-Windows-Security-Auditing","providerGuid":"{54849625-5478-4994-a5ba-3e3b0328c30d}","eventID":"4624","version":"2","level":"0","task":"12544","opcode":"0","keywords":"0x8020000000000000","systemTime":"2026-09-01T02:53:14.2571466Z","eventRecordID":"3418","processID":"616","threadID":"1752","channel":"Security","computer":"WIN-30JS3HVHMAB","severityValue":"AUDIT_SUCCESS","message":"\"An account was successfully logged on.\r\n\r\nSubject:\r\n\tSecurity ID:\t\tS-1-5-18\r\n\tAccount Name:\t\tWIN-30JS3HVHMAB$\r\n\tAccount Domain:\t\tWORKGROUP\r\n\tLogon ID:\t\t0x3E7\r\n\r\nLogon Information:\r\n\tLogon Type:\t\t10\r\n\tRestricted Admin Mode:\tNo\r\n\tVirtual Account:\t\tNo\r\n\tElevated Token:\t\tYes\r\n\r\nImpersonation Level:\t\tImpersonation\r\n\r\nNew Logon:\r\n\tSecurity ID:\t\tS-1-5-21-3382847163-1926424565-132962873-500\r\n\tAccount Name:\t\tAdministrator\r\n\tAccount Domain:\t\tWIN-30JS3HVHMAB\r\n\tLogon ID:\t\t0x102E8E\r\n\tLinked Logon ID:\t\t0x0\r\n\tNetwork Account Name:\t-\r\n\tNetwork Account Domain:\t-\r\n\tLogon GUID:\t\t{00000000-0000-0000-0000-000000000000}\r\n\r\nProcess Information:\r\n\tProcess ID:\t\t0x3e8\r\n\tProcess Name:\t\tC:\\Windows\\System32\\svchost.exe\r\n\r\nNetwork Information:\r\n\tWorkstation Name:\tWIN-30JS3HVHMAB\r\n\tSource Network Address:\t192.168.100.20\r\n\tSource Port:\t\t0\r\n\r\nDetailed Authentication Information:\r\n\tLogon Process:\t\tUser32 \r\n\tAuthentication Package:\tNegotiate\r\n\tTransited Services:\t-\r\n\tPackage Name (NTLM only):\t-\r\n\tKey Length:\t\t0\r\n\r\nThis event is generated when a logon session is created. It is generated on the computer that was accessed.\r\n\r\nThe subject fields indicate the account on the local system which requested the logon. This is most commonly a service such as the Server service, or a local process such as Winlogon.exe or Services.exe.\r\n\r\nThe logon type field indicates the kind of logon that occurred. The most common types are 2 (interactive) and 3 (network).\r\n\r\nThe New Logon fields indicate the account for whom the new logon was created, i.e. the account that was logged on.\r\n\r\nThe network fields indicate where a remote logon request originated. Workstation name is not always available and may be left blank in some cases.\r\n\r\nThe impersonation level field indicates the extent to which a process in the logon session can impersonate.\r\n\r\nThe authentication information fields provide detailed information about this specific logon request.\r\n\t- Logon GUID is a unique identifier that can be used to correlate this event with a KDC event.\r\n\t- Transited services indicate which intermediate services have participated in this logon request.\r\n\t- Package name indicates which sub-protocol was used among the NTLM protocols.\r\n\t- Key length indicates the length of the generated session key. This will be 0 if no session key was requested.\""},"eventdata":{"subjectUserSid":"S-1-5-18","subjectUserName":"WIN-30JS3HVHMAB$","subjectDomainName":"WORKGROUP","subjectLogonId":"0x3e7","targetUserSid":"S-1-5-21-3382847163-1926424565-132962873-500","targetUserName":"Administrator","targetDomainName":"WIN-30JS3HVHMAB","targetLogonId":"0x102e8e","logonType":"10","logonProcessName":"User32","authenticationPackageName":"Negotiate","workstationName":"WIN-30JS3HVHMAB","logonGuid":"{00000000-0000-0000-0000-000000000000}","keyLength":"0","processId":"0x3e8","processName":"C:\\\\Windows\\\\System32\\\\svchost.exe","ipAddress":"192.168.100.20","ipPort":"0","impersonationLevel":"%%1833","restrictedAdminMode":"%%1843","virtualAccount":"%%1843","targetLinkedLogonId":"0x0","elevatedToken":"%%1842"}}},"location":"EventChannel"}
