{"timestamp":"2026-09-04T13:53:09.356+0000","rule":{"level":12,"description":"SOC LAB: Multiple Windows discovery commands executed from elevated PowerShell.","id":"100130","mitre":{"id":["T1033","T1016","T1087.001","T1059.003"],"tactic":["Discovery","Execution"],"technique":["System Owner/User Discovery","System Network Configuration Discovery","Local Account","Windows Command Shell"]},"firedtimes":1,"mail":true,"groups":["local","syslog","sshd","sysmon","powershell","discovery","multiple_discovery_commands","soc_lab"]},"agent":{"id":"001","name":"WIN10","ip":"192.168.100.20"},"manager":{"name":"soc01"},"id":"1788529989.17146654","full_log":"{\"win\":{\"system\":{\"providerName\":\"Microsoft-Windows-Sysmon\",\"providerGuid\":\"{5770385f-c22a-43e0-bf4c-06f5698ffbd9}\",\"eventID\":\"1\",\"version\":\"5\",\"level\":\"4\",\"task\":\"1\",\"opcode\":\"0\",\"keywords\":\"0x8000000000000000\",\"systemTime\":\"2026-09-04T13:53:07.2165122Z\",\"eventRecordID\":\"232551\",\"processID\":\"2844\",\"threadID\":\"3964\",\"channel\":\"Microsoft-Windows-Sysmon/Operational\",\"computer\":\"Win10\",\"severityValue\":\"INFORMATION\",\"message\":\"\\\"Process Create:\\r\\nRuleName: -\\r\\nUtcTime: 2026-09-04 13:53:07.213\\r\\nProcessGuid: {3aa82e30-cd43-6a9a-8d02-000000003200}\\r\\nProcessId: 728\\r\\nImage: C:\\\\Windows\\\\System32\\\\cmd.exe\\r\\nFileVersion: 10.0.19041.4355 (WinBuild.160101.0800)\\r\\nDescription: Windows Command Processor\\r\\nProduct: Microsoft® Windows® Operating System\\r\\nCompany: Microsoft Corporation\\r\\nOriginalFileName: Cmd.Exe\\r\\nCommandLine: \\\"C:\\\\Windows\\\\system32\\\\cmd.exe\\\" /c \\\"whoami & hostname & ipconfig & net user\\\"\\r\\nCurrentDirectory: C:\\\\Windows\\\\system32\\\\\\r\\nUser: WIN10\\\\vboxuser\\r\\nLogonGuid: {3aa82e30-c0b3-6a9a-2a0c-110000000000}\\r\\nLogonId: 0x110C2A\\r\\nTerminalSessionId: 1\\r\\nIntegrityLevel: High\\r\\nHashes: SHA256=BADF4752413CB0CBDC03FB95820CA167F0CDC63B597CCDB5EF43111180E088B0\\r\\nParentProcessGuid: {3aa82e30-c28a-6a9a-d801-000000003200}\\r\\nParentProcessId: 10128\\r\\nParentImage: C:\\\\Windows\\\\System32\\\\WindowsPowerShell\\\\v1.0\\\\powershell.exe\\r\\nParentCommandLine: \\\"C:\\\\Windows\\\\System32\\\\WindowsPowerShell\\\\v1.0\\\\powershell.exe\\\" \\r\\nParentUser: WIN10\\\\vboxuser\\\"\"},\"eventdata\":{\"utcTime\":\"2026-09-04 13:53:07.213\",\"processGuid\":\"{3aa82e30-cd43-6a9a-8d02-000000003200}\",\"processId\":\"728\",\"image\":\"C:\\\\\\\\Windows\\\\\\\\System32\\\\\\\\cmd.exe\",\"fileVersion\":\"10.0.19041.4355 (WinBuild.160101.0800)\",\"description\":\"Windows Command Processor\",\"product\":\"Microsoft® Windows® Operating System\",\"company\":\"Microsoft Corporation\",\"originalFileName\":\"Cmd.Exe\",\"commandLine\":\"\\\\\\\"C:\\\\\\\\Windows\\\\\\\\system32\\\\\\\\cmd.exe\\\\\\\" /c \\\\\\\"whoami &amp; hostname &amp; ipconfig &amp; net user\\\\\\\"\",\"currentDirectory\":\"C:\\\\\\\\Windows\\\\\\\\system32\\\\\\\\\",\"user\":\"WIN10\\\\\\\\vboxuser\",\"logonGuid\":\"{3aa82e30-c0b3-6a9a-2a0c-110000000000}\",\"logonId\":\"0x110c2a\",\"terminalSessionId\":\"1\",\"integrityLevel\":\"High\",\"hashes\":\"SHA256=BADF4752413CB0CBDC03FB95820CA167F0CDC63B597CCDB5EF43111180E088B0\",\"parentProcessGuid\":\"{3aa82e30-c28a-6a9a-d801-000000003200}\",\"parentProcessId\":\"10128\",\"parentImage\":\"C:\\\\\\\\Windows\\\\\\\\System32\\\\\\\\WindowsPowerShell\\\\\\\\v1.0\\\\\\\\powershell.exe\",\"parentCommandLine\":\"\\\\\\\"C:\\\\\\\\Windows\\\\\\\\System32\\\\\\\\WindowsPowerShell\\\\\\\\v1.0\\\\\\\\powershell.exe\\\\\\\"\",\"parentUser\":\"WIN10\\\\\\\\vboxuser\"}}}","decoder":{"name":"windows_eventchannel"},"data":{"win":{"system":{"providerName":"Microsoft-Windows-Sysmon","providerGuid":"{5770385f-c22a-43e0-bf4c-06f5698ffbd9}","eventID":"1","version":"5","level":"4","task":"1","opcode":"0","keywords":"0x8000000000000000","systemTime":"2026-09-04T13:53:07.2165122Z","eventRecordID":"232551","processID":"2844","threadID":"3964","channel":"Microsoft-Windows-Sysmon/Operational","computer":"Win10","severityValue":"INFORMATION","message":"\"Process Create:\r\nRuleName: -\r\nUtcTime: 2026-09-04 13:53:07.213\r\nProcessGuid: {3aa82e30-cd43-6a9a-8d02-000000003200}\r\nProcessId: 728\r\nImage: C:\\Windows\\System32\\cmd.exe\r\nFileVersion: 10.0.19041.4355 (WinBuild.160101.0800)\r\nDescription: Windows Command Processor\r\nProduct: Microsoft® Windows® Operating System\r\nCompany: Microsoft Corporation\r\nOriginalFileName: Cmd.Exe\r\nCommandLine: \"C:\\Windows\\system32\\cmd.exe\" /c \"whoami & hostname & ipconfig & net user\"\r\nCurrentDirectory: C:\\Windows\\system32\\\r\nUser: WIN10\\vboxuser\r\nLogonGuid: {3aa82e30-c0b3-6a9a-2a0c-110000000000}\r\nLogonId: 0x110C2A\r\nTerminalSessionId: 1\r\nIntegrityLevel: High\r\nHashes: SHA256=BADF4752413CB0CBDC03FB95820CA167F0CDC63B597CCDB5EF43111180E088B0\r\nParentProcessGuid: {3aa82e30-c28a-6a9a-d801-000000003200}\r\nParentProcessId: 10128\r\nParentImage: C:\\Windows\\System32\\WindowsPowerShell\\v1.0\\powershell.exe\r\nParentCommandLine: \"C:\\Windows\\System32\\WindowsPowerShell\\v1.0\\powershell.exe\" \r\nParentUser: WIN10\\vboxuser\""},"eventdata":{"utcTime":"2026-09-04 13:53:07.213","processGuid":"{3aa82e30-cd43-6a9a-8d02-000000003200}","processId":"728","image":"C:\\\\Windows\\\\System32\\\\cmd.exe","fileVersion":"10.0.19041.4355 (WinBuild.160101.0800)","description":"Windows Command Processor","product":"Microsoft® Windows® Operating System","company":"Microsoft Corporation","originalFileName":"Cmd.Exe","commandLine":"\\\"C:\\\\Windows\\\\system32\\\\cmd.exe\\\" /c \\\"whoami &amp; hostname &amp; ipconfig &amp; net user\\\"","currentDirectory":"C:\\\\Windows\\\\system32\\\\","user":"WIN10\\\\vboxuser","logonGuid":"{3aa82e30-c0b3-6a9a-2a0c-110000000000}","logonId":"0x110c2a","terminalSessionId":"1","integrityLevel":"High","hashes":"SHA256=BADF4752413CB0CBDC03FB95820CA167F0CDC63B597CCDB5EF43111180E088B0","parentProcessGuid":"{3aa82e30-c28a-6a9a-d801-000000003200}","parentProcessId":"10128","parentImage":"C:\\\\Windows\\\\System32\\\\WindowsPowerShell\\\\v1.0\\\\powershell.exe","parentCommandLine":"\\\"C:\\\\Windows\\\\System32\\\\WindowsPowerShell\\\\v1.0\\\\powershell.exe\\\"","parentUser":"WIN10\\\\vboxuser"}}},"location":"EventChannel"}
{"timestamp":"2026-09-04T13:53:45.612+0000","rule":{"level":13,"description":"SOC LAB: Discovery activity was followed by registration of the controlled scheduled task \\\\SOC-LAB-CASE07.","id":"100230","mitre":{"id":["T1053.005"],"tactic":["Execution","Persistence","Privilege Escalation"],"technique":["Scheduled Task"]},"frequency":2,"firedtimes":1,"mail":true,"groups":["local","soc_lab","correlation","task_scheduler","persistence","discovery","soc_lab"]},"agent":{"id":"001","name":"WIN10","ip":"192.168.100.20"},"manager":{"name":"soc01"},"id":"1788530025.17184485","full_log":"{\"win\":{\"system\":{\"providerName\":\"Microsoft-Windows-TaskScheduler\",\"providerGuid\":\"{de7b24ea-73c8-4a09-985d-5bdadcfa9017}\",\"eventID\":\"106\",\"version\":\"0\",\"level\":\"4\",\"task\":\"106\",\"opcode\":\"0\",\"keywords\":\"0x8000000000000000\",\"systemTime\":\"2026-09-04T13:53:49.2996196Z\",\"eventRecordID\":\"107\",\"processID\":\"1740\",\"threadID\":\"2360\",\"channel\":\"Microsoft-Windows-TaskScheduler/Operational\",\"computer\":\"Win10\",\"severityValue\":\"INFORMATION\",\"message\":\"\\\"User \\\"WIN10\\\\vboxuser\\\"  registered Task Scheduler task \\\"\\\\SOC-LAB-CASE07\\\"\\\"\"},\"eventdata\":{\"taskName\":\"\\\\\\\\SOC-LAB-CASE07\",\"userContext\":\"WIN10\\\\\\\\vboxuser\"}}}","decoder":{"name":"windows_eventchannel"},"data":{"win":{"system":{"providerName":"Microsoft-Windows-TaskScheduler","providerGuid":"{de7b24ea-73c8-4a09-985d-5bdadcfa9017}","eventID":"106","version":"0","level":"4","task":"106","opcode":"0","keywords":"0x8000000000000000","systemTime":"2026-09-04T13:53:49.2996196Z","eventRecordID":"107","processID":"1740","threadID":"2360","channel":"Microsoft-Windows-TaskScheduler/Operational","computer":"Win10","severityValue":"INFORMATION","message":"\"User \"WIN10\\vboxuser\"  registered Task Scheduler task \"\\SOC-LAB-CASE07\"\""},"eventdata":{"taskName":"\\\\SOC-LAB-CASE07","userContext":"WIN10\\\\vboxuser"}}},"location":"EventChannel"}
{"timestamp":"2026-09-04T13:53:56.260+0000","rule":{"level":15,"description":"SOC LAB: Correlated endpoint chain - discovery followed by scheduled task registration and task-driven command execution.","id":"100235","mitre":{"id":["T1053.005","T1059.003"],"tactic":["Execution","Persistence","Privilege Escalation"],"technique":["Scheduled Task","Windows Command Shell"]},"frequency":2,"firedtimes":1,"mail":true,"groups":["local","soc_lab","correlation","endpoint","sysmon","task_scheduler","persistence","execution","discovery","soc_lab"]},"agent":{"id":"001","name":"WIN10","ip":"192.168.100.20"},"manager":{"name":"soc01"},"id":"1788530036.17188686","full_log":"{\"win\":{\"system\":{\"providerName\":\"Microsoft-Windows-Sysmon\",\"providerGuid\":\"{5770385f-c22a-43e0-bf4c-06f5698ffbd9}\",\"eventID\":\"1\",\"version\":\"5\",\"level\":\"4\",\"task\":\"1\",\"opcode\":\"0\",\"keywords\":\"0x8000000000000000\",\"systemTime\":\"2026-09-04T13:53:58.9659563Z\",\"eventRecordID\":\"232608\",\"processID\":\"2844\",\"threadID\":\"3964\",\"channel\":\"Microsoft-Windows-Sysmon/Operational\",\"computer\":\"Win10\",\"severityValue\":\"INFORMATION\",\"message\":\"\\\"Process Create:\\r\\nRuleName: -\\r\\nUtcTime: 2026-09-04 13:53:58.964\\r\\nProcessGuid: {3aa82e30-cd76-6a9a-9402-000000003200}\\r\\nProcessId: 8384\\r\\nImage: C:\\\\Windows\\\\System32\\\\cmd.exe\\r\\nFileVersion: 10.0.19041.4355 (WinBuild.160101.0800)\\r\\nDescription: Windows Command Processor\\r\\nProduct: Microsoft® Windows® Operating System\\r\\nCompany: Microsoft Corporation\\r\\nOriginalFileName: Cmd.Exe\\r\\nCommandLine: \\\"cmd.exe\\\" /c echo SOC CASE 07 CONTROLLED TASK > \\\"C:\\\\Users\\\\Public\\\\soc-case07-marker.txt\\\"\\r\\nCurrentDirectory: C:\\\\Windows\\\\system32\\\\\\r\\nUser: WIN10\\\\vboxuser\\r\\nLogonGuid: {3aa82e30-c0b3-6a9a-560c-110000000000}\\r\\nLogonId: 0x110C56\\r\\nTerminalSessionId: 1\\r\\nIntegrityLevel: Medium\\r\\nHashes: SHA256=BADF4752413CB0CBDC03FB95820CA167F0CDC63B597CCDB5EF43111180E088B0\\r\\nParentProcessGuid: {3aa82e30-bf59-6a9a-2700-000000003200}\\r\\nParentProcessId: 1740\\r\\nParentImage: C:\\\\Windows\\\\System32\\\\svchost.exe\\r\\nParentCommandLine: C:\\\\Windows\\\\system32\\\\svchost.exe -k netsvcs -p -s Schedule\\r\\nParentUser: NT AUTHORITY\\\\SYSTEM\\\"\"},\"eventdata\":{\"utcTime\":\"2026-09-04 13:53:58.964\",\"processGuid\":\"{3aa82e30-cd76-6a9a-9402-000000003200}\",\"processId\":\"8384\",\"image\":\"C:\\\\\\\\Windows\\\\\\\\System32\\\\\\\\cmd.exe\",\"fileVersion\":\"10.0.19041.4355 (WinBuild.160101.0800)\",\"description\":\"Windows Command Processor\",\"product\":\"Microsoft® Windows® Operating System\",\"company\":\"Microsoft Corporation\",\"originalFileName\":\"Cmd.Exe\",\"commandLine\":\"\\\\\\\"cmd.exe\\\\\\\" /c echo SOC CASE 07 CONTROLLED TASK &gt; \\\\\\\"C:\\\\\\\\Users\\\\\\\\Public\\\\\\\\soc-case07-marker.txt\\\\\\\"\",\"currentDirectory\":\"C:\\\\\\\\Windows\\\\\\\\system32\\\\\\\\\",\"user\":\"WIN10\\\\\\\\vboxuser\",\"logonGuid\":\"{3aa82e30-c0b3-6a9a-560c-110000000000}\",\"logonId\":\"0x110c56\",\"terminalSessionId\":\"1\",\"integrityLevel\":\"Medium\",\"hashes\":\"SHA256=BADF4752413CB0CBDC03FB95820CA167F0CDC63B597CCDB5EF43111180E088B0\",\"parentProcessGuid\":\"{3aa82e30-bf59-6a9a-2700-000000003200}\",\"parentProcessId\":\"1740\",\"parentImage\":\"C:\\\\\\\\Windows\\\\\\\\System32\\\\\\\\svchost.exe\",\"parentCommandLine\":\"C:\\\\\\\\Windows\\\\\\\\system32\\\\\\\\svchost.exe -k netsvcs -p -s Schedule\",\"parentUser\":\"NT AUTHORITY\\\\\\\\SYSTEM\"}}}","decoder":{"name":"windows_eventchannel"},"data":{"win":{"system":{"providerName":"Microsoft-Windows-Sysmon","providerGuid":"{5770385f-c22a-43e0-bf4c-06f5698ffbd9}","eventID":"1","version":"5","level":"4","task":"1","opcode":"0","keywords":"0x8000000000000000","systemTime":"2026-09-04T13:53:58.9659563Z","eventRecordID":"232608","processID":"2844","threadID":"3964","channel":"Microsoft-Windows-Sysmon/Operational","computer":"Win10","severityValue":"INFORMATION","message":"\"Process Create:\r\nRuleName: -\r\nUtcTime: 2026-09-04 13:53:58.964\r\nProcessGuid: {3aa82e30-cd76-6a9a-9402-000000003200}\r\nProcessId: 8384\r\nImage: C:\\Windows\\System32\\cmd.exe\r\nFileVersion: 10.0.19041.4355 (WinBuild.160101.0800)\r\nDescription: Windows Command Processor\r\nProduct: Microsoft® Windows® Operating System\r\nCompany: Microsoft Corporation\r\nOriginalFileName: Cmd.Exe\r\nCommandLine: \"cmd.exe\" /c echo SOC CASE 07 CONTROLLED TASK > \"C:\\Users\\Public\\soc-case07-marker.txt\"\r\nCurrentDirectory: C:\\Windows\\system32\\\r\nUser: WIN10\\vboxuser\r\nLogonGuid: {3aa82e30-c0b3-6a9a-560c-110000000000}\r\nLogonId: 0x110C56\r\nTerminalSessionId: 1\r\nIntegrityLevel: Medium\r\nHashes: SHA256=BADF4752413CB0CBDC03FB95820CA167F0CDC63B597CCDB5EF43111180E088B0\r\nParentProcessGuid: {3aa82e30-bf59-6a9a-2700-000000003200}\r\nParentProcessId: 1740\r\nParentImage: C:\\Windows\\System32\\svchost.exe\r\nParentCommandLine: C:\\Windows\\system32\\svchost.exe -k netsvcs -p -s Schedule\r\nParentUser: NT AUTHORITY\\SYSTEM\""},"eventdata":{"utcTime":"2026-09-04 13:53:58.964","processGuid":"{3aa82e30-cd76-6a9a-9402-000000003200}","processId":"8384","image":"C:\\\\Windows\\\\System32\\\\cmd.exe","fileVersion":"10.0.19041.4355 (WinBuild.160101.0800)","description":"Windows Command Processor","product":"Microsoft® Windows® Operating System","company":"Microsoft Corporation","originalFileName":"Cmd.Exe","commandLine":"\\\"cmd.exe\\\" /c echo SOC CASE 07 CONTROLLED TASK &gt; \\\"C:\\\\Users\\\\Public\\\\soc-case07-marker.txt\\\"","currentDirectory":"C:\\\\Windows\\\\system32\\\\","user":"WIN10\\\\vboxuser","logonGuid":"{3aa82e30-c0b3-6a9a-560c-110000000000}","logonId":"0x110c56","terminalSessionId":"1","integrityLevel":"Medium","hashes":"SHA256=BADF4752413CB0CBDC03FB95820CA167F0CDC63B597CCDB5EF43111180E088B0","parentProcessGuid":"{3aa82e30-bf59-6a9a-2700-000000003200}","parentProcessId":"1740","parentImage":"C:\\\\Windows\\\\System32\\\\svchost.exe","parentCommandLine":"C:\\\\Windows\\\\system32\\\\svchost.exe -k netsvcs -p -s Schedule","parentUser":"NT AUTHORITY\\\\SYSTEM"}}},"location":"EventChannel"}
